<?xml version="1.0" encoding="utf-8"?>
<CoverageSession xmlns:xsd="http://www.w3.org/2001/XMLSchema" xmlns:xsi="http://www.w3.org/2001/XMLSchema-instance">
  <Summary numSequencePoints="1381" visitedSequencePoints="854" numBranchPoints="379" visitedBranchPoints="277" sequenceCoverage="61.84" branchCoverage="73.09" maxCyclomaticComplexity="12" minCyclomaticComplexity="1" visitedClasses="43" numClasses="47" visitedMethods="230" numMethods="294" />
  <Modules>
    <Module skippedDueTo="Filter" hash="73-98-B4-A5-4A-DE-17-C6-DB-57-A2-5D-74-D3-34-2D-EC-58-2F-83">
      <ModulePath>C:\WINDOWS\Microsoft.Net\assembly\GAC_32\mscorlib\v4.0_4.0.0.0__b77a5c561934e089\mscorlib.dll</ModulePath>
      <ModuleTime>2015-10-21T03:08:10.4672773Z</ModuleTime>
      <ModuleName>mscorlib</ModuleName>
      <Classes />
    </Module>
    <Module skippedDueTo="MissingPdb" hash="51-57-32-32-3A-99-BE-2D-0F-55-8E-53-39-A1-87-44-A4-8F-7F-96">
      <ModulePath>C:\Program Files (x86)\Microsoft Visual Studio 12.0\Common7\IDE\MSTest.exe</ModulePath>
      <ModuleTime>2013-10-05T00:38:22Z</ModuleTime>
      <ModuleName>MSTest</ModuleName>
      <Classes />
    </Module>
    <Module skippedDueTo="MissingPdb" hash="10-BE-EA-30-C3-00-88-66-22-63-D4-22-A3-D9-F5-78-73-56-91-07">
      <ModulePath>C:\WINDOWS\assembly\GAC_MSIL\Microsoft.VisualStudio.QualityTools.Common\12.0.0.0__b03f5f7f11d50a3a\Microsoft.VisualStudio.QualityTools.Common.dll</ModulePath>
      <ModuleTime>2015-10-15T15:24:50.4257213Z</ModuleTime>
      <ModuleName>Microsoft.VisualStudio.QualityTools.Common</ModuleName>
      <Classes />
    </Module>
    <Module skippedDueTo="Filter" hash="56-78-FC-2A-D1-E9-92-34-51-52-EB-C3-D0-DC-F7-11-27-76-72-E4">
      <ModulePath>C:\WINDOWS\Microsoft.Net\assembly\GAC_MSIL\System\v4.0_4.0.0.0__b77a5c561934e089\System.dll</ModulePath>
      <ModuleTime>2015-07-10T11:01:15.9562983Z</ModuleTime>
      <ModuleName>System</ModuleName>
      <Classes />
    </Module>
    <Module skippedDueTo="MissingPdb" hash="6C-F3-21-D3-55-B9-65-8F-79-5C-94-83-2B-55-5B-61-F1-44-E2-3D">
      <ModulePath>C:\WINDOWS\assembly\GAC_MSIL\Microsoft.VisualStudio.QualityTools.ExecutionCommon\12.0.0.0__b03f5f7f11d50a3a\Microsoft.VisualStudio.QualityTools.ExecutionCommon.dll</ModulePath>
      <ModuleTime>2015-10-08T08:42:56.7391399Z</ModuleTime>
      <ModuleName>Microsoft.VisualStudio.QualityTools.ExecutionCommon</ModuleName>
      <Classes />
    </Module>
    <Module skippedDueTo="MissingPdb" hash="14-3D-05-8D-99-D4-2A-75-D3-21-57-04-93-CD-3F-7B-76-07-28-5E">
      <ModulePath>C:\WINDOWS\assembly\GAC_MSIL\Microsoft.VisualStudio.QualityTools.Resource\12.0.0.0__b03f5f7f11d50a3a\Microsoft.VisualStudio.QualityTools.Resource.dll</ModulePath>
      <ModuleTime>2015-10-08T08:42:56.989112Z</ModuleTime>
      <ModuleName>Microsoft.VisualStudio.QualityTools.Resource</ModuleName>
      <Classes />
    </Module>
    <Module skippedDueTo="Filter" hash="35-E9-46-2A-74-7E-97-F3-30-6A-54-64-87-BC-30-0C-76-42-05-6B">
      <ModulePath>C:\WINDOWS\Microsoft.Net\assembly\GAC_MSIL\System.Configuration\v4.0_4.0.0.0__b03f5f7f11d50a3a\System.Configuration.dll</ModulePath>
      <ModuleTime>2015-07-10T11:01:14.5968067Z</ModuleTime>
      <ModuleName>System.Configuration</ModuleName>
      <Classes />
    </Module>
    <Module skippedDueTo="Filter" hash="14-44-50-38-34-98-5F-C6-45-8B-50-B5-CF-D7-E1-0A-28-8F-5E-E8">
      <ModulePath>C:\WINDOWS\Microsoft.Net\assembly\GAC_MSIL\System.Xml\v4.0_4.0.0.0__b77a5c561934e089\System.Xml.dll</ModulePath>
      <ModuleTime>2016-01-24T02:32:37.2255515Z</ModuleTime>
      <ModuleName>System.Xml</ModuleName>
      <Classes />
    </Module>
    <Module skippedDueTo="MissingPdb" hash="25-DB-39-AF-D2-EF-C6-D7-46-FB-43-4E-6D-00-CA-60-D2-BC-73-4C">
      <ModulePath>C:\WINDOWS\Microsoft.Net\assembly\GAC_MSIL\Microsoft.VisualStudio.QualityTools.CommandLine\v4.0_12.0.0.0__b03f5f7f11d50a3a\Microsoft.VisualStudio.QualityTools.CommandLine.dll</ModulePath>
      <ModuleTime>2015-10-15T14:26:46.2168465Z</ModuleTime>
      <ModuleName>Microsoft.VisualStudio.QualityTools.CommandLine</ModuleName>
      <Classes />
    </Module>
    <Module skippedDueTo="MissingPdb" hash="47-B9-B9-D0-CE-08-BD-2E-D8-CD-8B-08-60-27-F1-A1-4B-22-F1-06">
      <ModulePath>C:\WINDOWS\assembly\GAC_MSIL\Microsoft.VisualStudio.QualityTools.TMI\12.0.0.0__b03f5f7f11d50a3a\Microsoft.VisualStudio.QualityTools.TMI.dll</ModulePath>
      <ModuleTime>2015-10-15T15:25:12.2595535Z</ModuleTime>
      <ModuleName>Microsoft.VisualStudio.QualityTools.TMI</ModuleName>
      <Classes />
    </Module>
    <Module skippedDueTo="Filter" hash="53-7D-1A-F9-73-4D-4B-8F-53-27-82-34-4F-D1-3C-89-63-B5-FF-EB">
      <ModulePath>C:\WINDOWS\Microsoft.Net\assembly\GAC_32\System.Data\v4.0_4.0.0.0__b77a5c561934e089\System.Data.dll</ModulePath>
      <ModuleTime>2015-10-21T03:08:15.499468Z</ModuleTime>
      <ModuleName>System.Data</ModuleName>
      <Classes />
    </Module>
    <Module skippedDueTo="Filter" hash="D8-AC-10-AF-91-9C-BF-2B-6F-AD-E4-79-C8-AD-E7-24-25-B0-9A-6C">
      <ModulePath>C:\WINDOWS\Microsoft.Net\assembly\GAC_MSIL\System.Numerics\v4.0_4.0.0.0__b77a5c561934e089\System.Numerics.dll</ModulePath>
      <ModuleTime>2015-07-10T11:01:15.9094193Z</ModuleTime>
      <ModuleName>System.Numerics</ModuleName>
      <Classes />
    </Module>
    <Module skippedDueTo="Filter" hash="A1-13-EA-3A-95-DE-09-52-32-EA-2F-A2-7D-22-28-08-2D-20-11-91">
      <ModulePath>C:\WINDOWS\Microsoft.Net\assembly\GAC_32\System.Web\v4.0_4.0.0.0__b03f5f7f11d50a3a\System.Web.dll</ModulePath>
      <ModuleTime>2015-10-21T01:54:22.807766Z</ModuleTime>
      <ModuleName>System.Web</ModuleName>
      <Classes />
    </Module>
    <Module skippedDueTo="Filter" hash="F2-AE-6A-FF-6D-90-B0-2D-DC-74-AD-F8-5A-48-B4-35-01-4D-5B-36">
      <ModulePath>C:\WINDOWS\Microsoft.Net\assembly\GAC_MSIL\System.Core\v4.0_4.0.0.0__b77a5c561934e089\System.Core.dll</ModulePath>
      <ModuleTime>2015-07-10T11:01:17.3314154Z</ModuleTime>
      <ModuleName>System.Core</ModuleName>
      <Classes />
    </Module>
    <Module skippedDueTo="MissingPdb" hash="B8-BD-0B-9C-FE-40-35-92-D1-0C-F8-1C-06-DF-75-D9-6D-4E-B5-9F">
      <ModulePath>C:\WINDOWS\assembly\GAC_MSIL\Microsoft.VisualStudio.QualityTools.Tips.UnitTest.Tip\12.0.0.0__b03f5f7f11d50a3a\Microsoft.VisualStudio.QualityTools.Tips.UnitTest.Tip.dll</ModulePath>
      <ModuleTime>2015-10-08T08:42:58.3800573Z</ModuleTime>
      <ModuleName>Microsoft.VisualStudio.QualityTools.Tips.UnitTest.Tip</ModuleName>
      <Classes />
    </Module>
    <Module skippedDueTo="MissingPdb" hash="80-91-7B-77-89-19-B3-0A-B9-FD-35-76-4A-23-60-1A-8D-35-58-07">
      <ModulePath>C:\WINDOWS\assembly\GAC_MSIL\Microsoft.VisualStudio.QualityTools.Tips.UnitTest.ObjectModel\12.0.0.0__b03f5f7f11d50a3a\Microsoft.VisualStudio.QualityTools.Tips.UnitTest.ObjectModel.dll</ModulePath>
      <ModuleTime>2015-10-08T08:42:58.1769175Z</ModuleTime>
      <ModuleName>Microsoft.VisualStudio.QualityTools.Tips.UnitTest.ObjectModel</ModuleName>
      <Classes />
    </Module>
    <Module skippedDueTo="MissingPdb" hash="B6-BE-C7-09-6A-69-79-02-C4-B3-2E-2E-B9-3D-72-09-BB-84-01-6E">
      <ModulePath>C:\WINDOWS\assembly\GAC_MSIL\Microsoft.VisualStudio.QualityTools.UnitTestFramework\10.0.0.0__b03f5f7f11d50a3a\Microsoft.VisualStudio.QualityTools.UnitTestFramework.dll</ModulePath>
      <ModuleTime>2015-10-08T08:42:58.8662424Z</ModuleTime>
      <ModuleName>Microsoft.VisualStudio.QualityTools.UnitTestFramework</ModuleName>
      <Classes />
    </Module>
    <Module skippedDueTo="MissingPdb" hash="91-A7-F9-01-20-FA-B7-30-6F-8D-00-4C-1E-EC-D4-8D-65-53-89-BC">
      <ModulePath>C:\WINDOWS\assembly\GAC_MSIL\Microsoft.VisualStudio.QualityTools.Tips.UnitTest.AssemblyResolver\12.0.0.0__b03f5f7f11d50a3a\Microsoft.VisualStudio.QualityTools.Tips.UnitTest.AssemblyResolver.dll</ModulePath>
      <ModuleTime>2015-10-08T08:42:57.9856801Z</ModuleTime>
      <ModuleName>Microsoft.VisualStudio.QualityTools.Tips.UnitTest.AssemblyResolver</ModuleName>
      <Classes />
    </Module>
    <Module hash="AC-83-01-8F-38-25-17-7E-41-48-5D-C2-6B-6B-D8-AE-73-42-F5-3C">
      <Summary numSequencePoints="737" visitedSequencePoints="514" numBranchPoints="157" visitedBranchPoints="151" sequenceCoverage="69.74" branchCoverage="96.18" maxCyclomaticComplexity="4" minCyclomaticComplexity="1" visitedClasses="18" numClasses="18" visitedMethods="148" numMethods="151" />
      <ModulePath>C:\work\LDAP-Library\LDAPLibraryUnitTest\bin\Debug\LDAPLibraryUnitTest.dll</ModulePath>
      <ModuleTime>2016-02-19T10:34:30.703006Z</ModuleTime>
      <ModuleName>LDAPLibraryUnitTest</ModuleName>
      <Files>
        <File uid="1" fullPath="c:\work\LDAP-Library\LDAPLibraryUnitTest\Factories\LdapSearcherFactoryUnitTest.cs" />
        <File uid="2" fullPath="c:\work\LDAP-Library\LDAPLibraryUnitTest\LdapModeCheckerUnitTests.cs" />
        <File uid="3" fullPath="c:\work\LDAP-Library\LDAPLibraryUnitTest\localhost\LocalhostEnvironmentAnonymous.cs" />
        <File uid="4" fullPath="c:\work\LDAP-Library\LDAPLibraryUnitTest\localhost\LocalhostEnvironment.cs" />
        <File uid="5" fullPath="c:\work\LDAP-Library\LDAPLibraryUnitTest\localhost\LocalhostEnvironmentInitTest.cs" />
        <File uid="6" fullPath="c:\work\LDAP-Library\LDAPLibraryUnitTest\LoggerUnitTests\EventViewerLoggerUnitTests.cs" />
        <File uid="7" fullPath="c:\work\LDAP-Library\LDAPLibraryUnitTest\LoggerUnitTests\FakeLoggerUnitTest.cs" />
        <File uid="8" fullPath="c:\work\LDAP-Library\LDAPLibraryUnitTest\LoggerUnitTests\FileLoggerAndALoggerUnitTests.cs" />
        <File uid="9" fullPath="c:\work\LDAP-Library\LDAPLibraryUnitTest\LdapUserUnitTests.cs" />
        <File uid="10" fullPath="c:\work\LDAP-Library\LDAPLibraryUnitTest\LdapConfigRepositoryUnitTests.cs" />
        <File uid="11" fullPath="c:\work\LDAP-Library\LDAPLibraryUnitTest\ParameterCheckerUnitTests.cs" />
        <File uid="12" fullPath="c:\work\LDAP-Library\LDAPLibraryUnitTest\LdapStateUtilsUnitTests.cs" />
        <File uid="13" fullPath="c:\work\LDAP-Library\LDAPLibraryUnitTest\RequestBuinderUnitTests.cs" />
        <File uid="14" fullPath="c:\work\LDAP-Library\LDAPLibraryUnitTest\FilterBuilderUnitTests.cs" />
        <File uid="15" fullPath="c:\work\LDAP-Library\LDAPLibraryUnitTest\Factories\LoggerFactoryUnitTests.cs" />
        <File uid="16" fullPath="c:\work\LDAP-Library\LDAPLibraryUnitTest\Factories\LdapUserManipulatorFactoryUnitTests.cs" />
        <File uid="17" fullPath="c:\work\LDAP-Library\LDAPLibraryUnitTest\Factories\LdapConnectionFactoryUnitTests.cs" />
        <File uid="18" fullPath="c:\work\LDAP-Library\LDAPLibraryUnitTest\Factories\LdapConfigRepositoryFactoryUnitTests.cs" />
      </Files>
      <Classes>
        <Class>
          <Summary numSequencePoints="0" visitedSequencePoints="0" numBranchPoints="0" visitedBranchPoints="0" sequenceCoverage="0" branchCoverage="0" maxCyclomaticComplexity="0" minCyclomaticComplexity="0" visitedClasses="0" numClasses="0" visitedMethods="0" numMethods="0" />
          <FullName>&lt;Module&gt;</FullName>
          <Methods />
        </Class>
        <Class>
          <Summary numSequencePoints="7" visitedSequencePoints="7" numBranchPoints="1" visitedBranchPoints="1" sequenceCoverage="100" branchCoverage="100" maxCyclomaticComplexity="1" minCyclomaticComplexity="1" visitedClasses="1" numClasses="1" visitedMethods="1" numMethods="1" />
          <FullName>LDAP_Library_UnitTest.Factories.LdapSearcherFactoryUnitTest</FullName>
          <Methods>
            <Method visited="true" cyclomaticComplexity="1" nPathComplexity="0" sequenceCoverage="100" branchCoverage="100" isConstructor="false" isStatic="false" isGetter="false" isSetter="false">
              <Summary numSequencePoints="7" visitedSequencePoints="7" numBranchPoints="1" visitedBranchPoints="1" sequenceCoverage="100" branchCoverage="100" maxCyclomaticComplexity="1" minCyclomaticComplexity="1" visitedClasses="0" numClasses="0" visitedMethods="1" numMethods="1" />
              <MetadataToken>100663297</MetadataToken>
              <Name>System.Void LDAP_Library_UnitTest.Factories.LdapSearcherFactoryUnitTest::GetSearcher()</Name>
              <FileRef uid="1" />
              <SequencePoints>
                <SequencePoint vc="1" uspid="1" ordinal="0" offset="0" sl="14" sc="9" el="14" ec="10" bec="0" bev="0" fileid="1" />
                <SequencePoint vc="1" uspid="2" ordinal="1" offset="1" sl="15" sc="13" el="15" ec="57" bec="0" bev="0" fileid="1" />
                <SequencePoint vc="1" uspid="3" ordinal="2" offset="7" sl="16" sc="13" el="16" ec="43" bec="0" bev="0" fileid="1" />
                <SequencePoint vc="1" uspid="4" ordinal="3" offset="13" sl="17" sc="13" el="17" ec="129" bec="0" bev="0" fileid="1" />
                <SequencePoint vc="1" uspid="5" ordinal="4" offset="27" sl="19" sc="13" el="19" ec="99" bec="0" bev="0" fileid="1" />
                <SequencePoint vc="1" uspid="6" ordinal="5" offset="36" sl="21" sc="13" el="21" ec="74" bec="0" bev="0" fileid="1" />
                <SequencePoint vc="1" uspid="7" ordinal="6" offset="53" sl="23" sc="9" el="23" ec="10" bec="0" bev="0" fileid="1" />
              </SequencePoints>
              <BranchPoints />
              <MethodPoint xsi:type="SequencePoint" vc="1" uspid="1" ordinal="0" offset="0" sl="14" sc="9" el="14" ec="10" bec="0" bev="0" fileid="1" />
            </Method>
            <Method visited="true" cyclomaticComplexity="1" nPathComplexity="0" sequenceCoverage="0" branchCoverage="0" isConstructor="true" isStatic="false" isGetter="false" isSetter="false">
              <Summary numSequencePoints="0" visitedSequencePoints="0" numBranchPoints="0" visitedBranchPoints="0" sequenceCoverage="0" branchCoverage="0" maxCyclomaticComplexity="1" minCyclomaticComplexity="1" visitedClasses="0" numClasses="0" visitedMethods="0" numMethods="0" />
              <MetadataToken>100663298</MetadataToken>
              <Name>System.Void LDAP_Library_UnitTest.Factories.LdapSearcherFactoryUnitTest::.ctor()</Name>
              <SequencePoints />
              <BranchPoints />
              <MethodPoint vc="1" uspid="8" ordinal="0" offset="0" />
            </Method>
          </Methods>
        </Class>
        <Class>
          <Summary numSequencePoints="23" visitedSequencePoints="23" numBranchPoints="5" visitedBranchPoints="5" sequenceCoverage="100" branchCoverage="100" maxCyclomaticComplexity="1" minCyclomaticComplexity="1" visitedClasses="1" numClasses="1" visitedMethods="5" numMethods="5" />
          <FullName>LDAP_Library_UnitTest.LdapModeCheckerUnitTests</FullName>
          <Methods>
            <Method visited="true" cyclomaticComplexity="1" nPathComplexity="0" sequenceCoverage="100" branchCoverage="100" isConstructor="false" isStatic="false" isGetter="false" isSetter="false">
              <Summary numSequencePoints="7" visitedSequencePoints="7" numBranchPoints="1" visitedBranchPoints="1" sequenceCoverage="100" branchCoverage="100" maxCyclomaticComplexity="1" minCyclomaticComplexity="1" visitedClasses="0" numClasses="0" visitedMethods="1" numMethods="1" />
              <MetadataToken>100663299</MetadataToken>
              <Name>System.Void LDAP_Library_UnitTest.LdapModeCheckerUnitTests::AdminMode()</Name>
              <FileRef uid="2" />
              <SequencePoints>
                <SequencePoint vc="1" uspid="9" ordinal="0" offset="0" sl="40" sc="9" el="40" ec="10" bec="0" bev="0" fileid="2" />
                <SequencePoint vc="1" uspid="10" ordinal="1" offset="1" sl="41" sc="13" el="41" ec="130" bec="0" bev="0" fileid="2" />
                <SequencePoint vc="1" uspid="11" ordinal="2" offset="36" sl="43" sc="13" el="43" ec="80" bec="0" bev="0" fileid="2" />
                <SequencePoint vc="1" uspid="12" ordinal="3" offset="48" sl="45" sc="13" el="45" ec="59" bec="0" bev="0" fileid="2" />
                <SequencePoint vc="1" uspid="13" ordinal="4" offset="60" sl="46" sc="13" el="46" ec="62" bec="0" bev="0" fileid="2" />
                <SequencePoint vc="1" uspid="14" ordinal="5" offset="72" sl="47" sc="13" el="47" ec="64" bec="0" bev="0" fileid="2" />
                <SequencePoint vc="1" uspid="15" ordinal="6" offset="84" sl="48" sc="9" el="48" ec="10" bec="0" bev="0" fileid="2" />
              </SequencePoints>
              <BranchPoints />
              <MethodPoint xsi:type="SequencePoint" vc="1" uspid="9" ordinal="0" offset="0" sl="40" sc="9" el="40" ec="10" bec="0" bev="0" fileid="2" />
            </Method>
            <Method visited="true" cyclomaticComplexity="1" nPathComplexity="0" sequenceCoverage="100" branchCoverage="100" isConstructor="false" isStatic="false" isGetter="false" isSetter="false">
              <Summary numSequencePoints="7" visitedSequencePoints="7" numBranchPoints="1" visitedBranchPoints="1" sequenceCoverage="100" branchCoverage="100" maxCyclomaticComplexity="1" minCyclomaticComplexity="1" visitedClasses="0" numClasses="0" visitedMethods="1" numMethods="1" />
              <MetadataToken>100663300</MetadataToken>
              <Name>System.Void LDAP_Library_UnitTest.LdapModeCheckerUnitTests::NoAdminMode()</Name>
              <FileRef uid="2" />
              <SequencePoints>
                <SequencePoint vc="1" uspid="16" ordinal="0" offset="0" sl="52" sc="9" el="52" ec="10" bec="0" bev="0" fileid="2" />
                <SequencePoint vc="1" uspid="17" ordinal="1" offset="1" sl="53" sc="13" el="53" ec="133" bec="0" bev="0" fileid="2" />
                <SequencePoint vc="1" uspid="18" ordinal="2" offset="36" sl="55" sc="13" el="55" ec="80" bec="0" bev="0" fileid="2" />
                <SequencePoint vc="1" uspid="19" ordinal="3" offset="48" sl="57" sc="13" el="57" ec="61" bec="0" bev="0" fileid="2" />
                <SequencePoint vc="1" uspid="20" ordinal="4" offset="60" sl="58" sc="13" el="58" ec="60" bec="0" bev="0" fileid="2" />
                <SequencePoint vc="1" uspid="21" ordinal="5" offset="72" sl="59" sc="13" el="59" ec="64" bec="0" bev="0" fileid="2" />
                <SequencePoint vc="1" uspid="22" ordinal="6" offset="84" sl="60" sc="9" el="60" ec="10" bec="0" bev="0" fileid="2" />
              </SequencePoints>
              <BranchPoints />
              <MethodPoint xsi:type="SequencePoint" vc="1" uspid="16" ordinal="0" offset="0" sl="52" sc="9" el="52" ec="10" bec="0" bev="0" fileid="2" />
            </Method>
            <Method visited="true" cyclomaticComplexity="1" nPathComplexity="0" sequenceCoverage="100" branchCoverage="100" isConstructor="false" isStatic="false" isGetter="false" isSetter="false">
              <Summary numSequencePoints="7" visitedSequencePoints="7" numBranchPoints="1" visitedBranchPoints="1" sequenceCoverage="100" branchCoverage="100" maxCyclomaticComplexity="1" minCyclomaticComplexity="1" visitedClasses="0" numClasses="0" visitedMethods="1" numMethods="1" />
              <MetadataToken>100663301</MetadataToken>
              <Name>System.Void LDAP_Library_UnitTest.LdapModeCheckerUnitTests::AnonymousMode()</Name>
              <FileRef uid="2" />
              <SequencePoints>
                <SequencePoint vc="1" uspid="23" ordinal="0" offset="0" sl="64" sc="9" el="64" ec="10" bec="0" bev="0" fileid="2" />
                <SequencePoint vc="1" uspid="24" ordinal="1" offset="1" sl="65" sc="13" el="65" ec="135" bec="0" bev="0" fileid="2" />
                <SequencePoint vc="1" uspid="25" ordinal="2" offset="36" sl="67" sc="13" el="67" ec="80" bec="0" bev="0" fileid="2" />
                <SequencePoint vc="1" uspid="26" ordinal="3" offset="48" sl="69" sc="13" el="69" ec="63" bec="0" bev="0" fileid="2" />
                <SequencePoint vc="1" uspid="27" ordinal="4" offset="60" sl="70" sc="13" el="70" ec="60" bec="0" bev="0" fileid="2" />
                <SequencePoint vc="1" uspid="28" ordinal="5" offset="72" sl="71" sc="13" el="71" ec="62" bec="0" bev="0" fileid="2" />
                <SequencePoint vc="1" uspid="29" ordinal="6" offset="84" sl="72" sc="9" el="72" ec="10" bec="0" bev="0" fileid="2" />
              </SequencePoints>
              <BranchPoints />
              <MethodPoint xsi:type="SequencePoint" vc="1" uspid="23" ordinal="0" offset="0" sl="64" sc="9" el="64" ec="10" bec="0" bev="0" fileid="2" />
            </Method>
            <Method visited="true" cyclomaticComplexity="1" nPathComplexity="0" sequenceCoverage="100" branchCoverage="100" isConstructor="true" isStatic="false" isGetter="false" isSetter="false">
              <Summary numSequencePoints="1" visitedSequencePoints="1" numBranchPoints="1" visitedBranchPoints="1" sequenceCoverage="100" branchCoverage="100" maxCyclomaticComplexity="1" minCyclomaticComplexity="1" visitedClasses="0" numClasses="0" visitedMethods="1" numMethods="1" />
              <MetadataToken>100663302</MetadataToken>
              <Name>System.Void LDAP_Library_UnitTest.LdapModeCheckerUnitTests::.ctor()</Name>
              <FileRef uid="2" />
              <SequencePoints>
                <SequencePoint vc="3" uspid="30" ordinal="0" offset="0" sl="36" sc="9" el="36" ec="95" bec="0" bev="0" fileid="2" />
              </SequencePoints>
              <BranchPoints />
              <MethodPoint xsi:type="SequencePoint" vc="3" uspid="30" ordinal="0" offset="0" sl="36" sc="9" el="36" ec="95" bec="0" bev="0" fileid="2" />
            </Method>
            <Method visited="true" cyclomaticComplexity="1" nPathComplexity="0" sequenceCoverage="100" branchCoverage="100" isConstructor="true" isStatic="true" isGetter="false" isSetter="false">
              <Summary numSequencePoints="1" visitedSequencePoints="1" numBranchPoints="1" visitedBranchPoints="1" sequenceCoverage="100" branchCoverage="100" maxCyclomaticComplexity="1" minCyclomaticComplexity="1" visitedClasses="0" numClasses="0" visitedMethods="1" numMethods="1" />
              <MetadataToken>100663303</MetadataToken>
              <Name>System.Void LDAP_Library_UnitTest.LdapModeCheckerUnitTests::.cctor()</Name>
              <FileRef uid="2" />
              <SequencePoints>
                <SequencePoint vc="1" uspid="31" ordinal="0" offset="0" sl="29" sc="9" el="32" ec="108" bec="0" bev="0" fileid="2" />
              </SequencePoints>
              <BranchPoints />
              <MethodPoint xsi:type="SequencePoint" vc="1" uspid="31" ordinal="0" offset="0" sl="29" sc="9" el="32" ec="108" bec="0" bev="0" fileid="2" />
            </Method>
          </Methods>
        </Class>
        <Class>
          <Summary numSequencePoints="42" visitedSequencePoints="15" numBranchPoints="7" visitedBranchPoints="7" sequenceCoverage="35.71" branchCoverage="100" maxCyclomaticComplexity="1" minCyclomaticComplexity="1" visitedClasses="1" numClasses="1" visitedMethods="7" numMethods="7" />
          <FullName>LDAP_Library_UnitTest.localhost.LocalhostEnvironmentAnonymous</FullName>
          <Methods>
            <Method visited="true" cyclomaticComplexity="1" nPathComplexity="0" sequenceCoverage="40" branchCoverage="100" isConstructor="false" isStatic="false" isGetter="false" isSetter="false">
              <Summary numSequencePoints="5" visitedSequencePoints="2" numBranchPoints="1" visitedBranchPoints="1" sequenceCoverage="40" branchCoverage="100" maxCyclomaticComplexity="1" minCyclomaticComplexity="1" visitedClasses="0" numClasses="0" visitedMethods="1" numMethods="1" />
              <MetadataToken>100663304</MetadataToken>
              <Name>System.Void LDAP_Library_UnitTest.localhost.LocalhostEnvironmentAnonymous::TestCompleteInitLibrary()</Name>
              <FileRef uid="3" />
              <SequencePoints>
                <SequencePoint vc="5" uspid="32" ordinal="0" offset="0" sl="67" sc="9" el="67" ec="10" bec="0" bev="0" fileid="3" />
                <SequencePoint vc="5" uspid="33" ordinal="1" offset="1" sl="68" sc="13" el="80" ec="19" bec="0" bev="0" fileid="3" />
                <SequencePoint vc="0" uspid="34" ordinal="2" offset="49" sl="82" sc="13" el="82" ec="58" bec="0" bev="0" fileid="3" />
                <SequencePoint vc="0" uspid="35" ordinal="3" offset="67" sl="83" sc="13" el="83" ec="119" bec="0" bev="0" fileid="3" />
                <SequencePoint vc="0" uspid="36" ordinal="4" offset="115" sl="84" sc="9" el="84" ec="10" bec="0" bev="0" fileid="3" />
              </SequencePoints>
              <BranchPoints />
              <MethodPoint xsi:type="SequencePoint" vc="5" uspid="32" ordinal="0" offset="0" sl="67" sc="9" el="67" ec="10" bec="0" bev="0" fileid="3" />
            </Method>
            <Method visited="true" cyclomaticComplexity="1" nPathComplexity="0" sequenceCoverage="100" branchCoverage="100" isConstructor="false" isStatic="false" isGetter="false" isSetter="false">
              <Summary numSequencePoints="4" visitedSequencePoints="4" numBranchPoints="1" visitedBranchPoints="1" sequenceCoverage="100" branchCoverage="100" maxCyclomaticComplexity="1" minCyclomaticComplexity="1" visitedClasses="0" numClasses="0" visitedMethods="1" numMethods="1" />
              <MetadataToken>100663305</MetadataToken>
              <Name>System.Void LDAP_Library_UnitTest.localhost.LocalhostEnvironmentAnonymous::TestStandardInitLibrary()</Name>
              <FileRef uid="3" />
              <SequencePoints>
                <SequencePoint vc="1" uspid="37" ordinal="0" offset="0" sl="88" sc="9" el="88" ec="10" bec="0" bev="0" fileid="3" />
                <SequencePoint vc="1" uspid="38" ordinal="1" offset="1" sl="89" sc="13" el="93" ec="19" bec="0" bev="0" fileid="3" />
                <SequencePoint vc="1" uspid="39" ordinal="2" offset="31" sl="95" sc="13" el="95" ec="58" bec="0" bev="0" fileid="3" />
                <SequencePoint vc="1" uspid="40" ordinal="3" offset="49" sl="96" sc="9" el="96" ec="10" bec="0" bev="0" fileid="3" />
              </SequencePoints>
              <BranchPoints />
              <MethodPoint xsi:type="SequencePoint" vc="1" uspid="37" ordinal="0" offset="0" sl="88" sc="9" el="88" ec="10" bec="0" bev="0" fileid="3" />
            </Method>
            <Method visited="true" cyclomaticComplexity="1" nPathComplexity="0" sequenceCoverage="50" branchCoverage="100" isConstructor="false" isStatic="false" isGetter="false" isSetter="false">
              <Summary numSequencePoints="4" visitedSequencePoints="2" numBranchPoints="1" visitedBranchPoints="1" sequenceCoverage="50" branchCoverage="100" maxCyclomaticComplexity="1" minCyclomaticComplexity="1" visitedClasses="0" numClasses="0" visitedMethods="1" numMethods="1" />
              <MetadataToken>100663306</MetadataToken>
              <Name>System.Void LDAP_Library_UnitTest.localhost.LocalhostEnvironmentAnonymous::TestAdminConnect()</Name>
              <FileRef uid="3" />
              <SequencePoints>
                <SequencePoint vc="4" uspid="41" ordinal="0" offset="0" sl="100" sc="9" el="100" ec="10" bec="0" bev="0" fileid="3" />
                <SequencePoint vc="4" uspid="42" ordinal="1" offset="1" sl="102" sc="13" el="102" ec="39" bec="0" bev="0" fileid="3" />
                <SequencePoint vc="0" uspid="43" ordinal="2" offset="8" sl="105" sc="13" el="105" ec="54" bec="0" bev="0" fileid="3" />
                <SequencePoint vc="0" uspid="44" ordinal="3" offset="25" sl="106" sc="9" el="106" ec="10" bec="0" bev="0" fileid="3" />
              </SequencePoints>
              <BranchPoints />
              <MethodPoint xsi:type="SequencePoint" vc="4" uspid="41" ordinal="0" offset="0" sl="100" sc="9" el="100" ec="10" bec="0" bev="0" fileid="3" />
            </Method>
            <Method visited="true" cyclomaticComplexity="1" nPathComplexity="0" sequenceCoverage="11.11" branchCoverage="100" isConstructor="false" isStatic="false" isGetter="false" isSetter="false">
              <Summary numSequencePoints="18" visitedSequencePoints="2" numBranchPoints="1" visitedBranchPoints="1" sequenceCoverage="11.11" branchCoverage="100" maxCyclomaticComplexity="1" minCyclomaticComplexity="1" visitedClasses="0" numClasses="0" visitedMethods="1" numMethods="1" />
              <MetadataToken>100663307</MetadataToken>
              <Name>System.Void LDAP_Library_UnitTest.localhost.LocalhostEnvironmentAnonymous::TestSearchUser()</Name>
              <FileRef uid="3" />
              <SequencePoints>
                <SequencePoint vc="1" uspid="45" ordinal="0" offset="0" sl="114" sc="9" el="114" ec="10" bec="0" bev="0" fileid="3" />
                <SequencePoint vc="1" uspid="46" ordinal="1" offset="1" sl="115" sc="13" el="115" ec="32" bec="0" bev="0" fileid="3" />
                <SequencePoint vc="0" uspid="47" ordinal="2" offset="8" sl="117" sc="13" el="120" ec="15" bec="0" bev="0" fileid="3" />
                <SequencePoint vc="0" uspid="48" ordinal="3" offset="28" sl="121" sc="13" el="124" ec="15" bec="0" bev="0" fileid="3" />
                <SequencePoint vc="0" uspid="49" ordinal="4" offset="48" sl="125" sc="13" el="128" ec="15" bec="0" bev="0" fileid="3" />
                <SequencePoint vc="0" uspid="50" ordinal="5" offset="71" sl="132" sc="13" el="132" ec="123" bec="0" bev="0" fileid="3" />
                <SequencePoint vc="0" uspid="51" ordinal="6" offset="88" sl="134" sc="13" el="134" ec="36" bec="0" bev="0" fileid="3" />
                <SequencePoint vc="0" uspid="52" ordinal="7" offset="96" sl="135" sc="13" el="135" ec="118" bec="0" bev="0" fileid="3" />
                <SequencePoint vc="0" uspid="53" ordinal="8" offset="147" sl="137" sc="13" el="137" ec="89" bec="0" bev="0" fileid="3" />
                <SequencePoint vc="0" uspid="54" ordinal="9" offset="164" sl="139" sc="13" el="139" ec="35" bec="0" bev="0" fileid="3" />
                <SequencePoint vc="0" uspid="55" ordinal="10" offset="172" sl="140" sc="13" el="140" ec="71" bec="0" bev="0" fileid="3" />
                <SequencePoint vc="0" uspid="56" ordinal="11" offset="187" sl="141" sc="13" el="141" ec="73" bec="0" bev="0" fileid="3" />
                <SequencePoint vc="0" uspid="57" ordinal="12" offset="210" sl="142" sc="13" el="142" ec="74" bec="0" bev="0" fileid="3" />
                <SequencePoint vc="0" uspid="58" ordinal="13" offset="236" sl="144" sc="13" el="144" ec="114" bec="0" bev="0" fileid="3" />
                <SequencePoint vc="0" uspid="59" ordinal="14" offset="253" sl="146" sc="13" el="146" ec="35" bec="0" bev="0" fileid="3" />
                <SequencePoint vc="0" uspid="60" ordinal="15" offset="261" sl="147" sc="13" el="147" ec="71" bec="0" bev="0" fileid="3" />
                <SequencePoint vc="0" uspid="61" ordinal="16" offset="276" sl="148" sc="13" el="148" ec="73" bec="0" bev="0" fileid="3" />
                <SequencePoint vc="0" uspid="62" ordinal="17" offset="299" sl="149" sc="9" el="149" ec="10" bec="0" bev="0" fileid="3" />
              </SequencePoints>
              <BranchPoints />
              <MethodPoint xsi:type="SequencePoint" vc="1" uspid="45" ordinal="0" offset="0" sl="114" sc="9" el="114" ec="10" bec="0" bev="0" fileid="3" />
            </Method>
            <Method visited="true" cyclomaticComplexity="1" nPathComplexity="0" sequenceCoverage="40" branchCoverage="100" isConstructor="false" isStatic="false" isGetter="false" isSetter="false">
              <Summary numSequencePoints="5" visitedSequencePoints="2" numBranchPoints="1" visitedBranchPoints="1" sequenceCoverage="40" branchCoverage="100" maxCyclomaticComplexity="1" minCyclomaticComplexity="1" visitedClasses="0" numClasses="0" visitedMethods="1" numMethods="1" />
              <MetadataToken>100663308</MetadataToken>
              <Name>System.Void LDAP_Library_UnitTest.localhost.LocalhostEnvironmentAnonymous::TestUserConnectWithoutWritePermissions()</Name>
              <FileRef uid="3" />
              <SequencePoints>
                <SequencePoint vc="1" uspid="63" ordinal="0" offset="0" sl="153" sc="9" el="153" ec="10" bec="0" bev="0" fileid="3" />
                <SequencePoint vc="1" uspid="64" ordinal="1" offset="1" sl="154" sc="13" el="154" ec="32" bec="0" bev="0" fileid="3" />
                <SequencePoint vc="0" uspid="65" ordinal="2" offset="8" sl="156" sc="13" el="158" ec="22" bec="0" bev="0" fileid="3" />
                <SequencePoint vc="0" uspid="66" ordinal="3" offset="40" sl="160" sc="13" el="160" ec="35" bec="0" bev="0" fileid="3" />
                <SequencePoint vc="0" uspid="67" ordinal="4" offset="47" sl="161" sc="9" el="161" ec="10" bec="0" bev="0" fileid="3" />
              </SequencePoints>
              <BranchPoints />
              <MethodPoint xsi:type="SequencePoint" vc="1" uspid="63" ordinal="0" offset="0" sl="153" sc="9" el="153" ec="10" bec="0" bev="0" fileid="3" />
            </Method>
            <Method visited="true" cyclomaticComplexity="1" nPathComplexity="0" sequenceCoverage="40" branchCoverage="100" isConstructor="false" isStatic="false" isGetter="false" isSetter="false">
              <Summary numSequencePoints="5" visitedSequencePoints="2" numBranchPoints="1" visitedBranchPoints="1" sequenceCoverage="40" branchCoverage="100" maxCyclomaticComplexity="1" minCyclomaticComplexity="1" visitedClasses="0" numClasses="0" visitedMethods="1" numMethods="1" />
              <MetadataToken>100663309</MetadataToken>
              <Name>System.Void LDAP_Library_UnitTest.localhost.LocalhostEnvironmentAnonymous::TestSearchUserAndConnectWithoutWritePermissions()</Name>
              <FileRef uid="3" />
              <SequencePoints>
                <SequencePoint vc="1" uspid="68" ordinal="0" offset="0" sl="165" sc="9" el="165" ec="10" bec="0" bev="0" fileid="3" />
                <SequencePoint vc="1" uspid="69" ordinal="1" offset="1" sl="166" sc="13" el="166" ec="32" bec="0" bev="0" fileid="3" />
                <SequencePoint vc="0" uspid="70" ordinal="2" offset="8" sl="168" sc="13" el="168" ec="97" bec="0" bev="0" fileid="3" />
                <SequencePoint vc="0" uspid="71" ordinal="3" offset="30" sl="170" sc="13" el="170" ec="35" bec="0" bev="0" fileid="3" />
                <SequencePoint vc="0" uspid="72" ordinal="4" offset="37" sl="171" sc="9" el="171" ec="10" bec="0" bev="0" fileid="3" />
              </SequencePoints>
              <BranchPoints />
              <MethodPoint xsi:type="SequencePoint" vc="1" uspid="68" ordinal="0" offset="0" sl="165" sc="9" el="165" ec="10" bec="0" bev="0" fileid="3" />
            </Method>
            <Method visited="true" cyclomaticComplexity="1" nPathComplexity="0" sequenceCoverage="0" branchCoverage="0" isConstructor="true" isStatic="false" isGetter="false" isSetter="false">
              <Summary numSequencePoints="0" visitedSequencePoints="0" numBranchPoints="0" visitedBranchPoints="0" sequenceCoverage="0" branchCoverage="0" maxCyclomaticComplexity="1" minCyclomaticComplexity="1" visitedClasses="0" numClasses="0" visitedMethods="0" numMethods="0" />
              <MetadataToken>100663310</MetadataToken>
              <Name>System.Void LDAP_Library_UnitTest.localhost.LocalhostEnvironmentAnonymous::.ctor()</Name>
              <SequencePoints />
              <BranchPoints />
              <MethodPoint vc="6" uspid="73" ordinal="0" offset="0" />
            </Method>
            <Method visited="true" cyclomaticComplexity="1" nPathComplexity="0" sequenceCoverage="100" branchCoverage="100" isConstructor="true" isStatic="true" isGetter="false" isSetter="false">
              <Summary numSequencePoints="1" visitedSequencePoints="1" numBranchPoints="1" visitedBranchPoints="1" sequenceCoverage="100" branchCoverage="100" maxCyclomaticComplexity="1" minCyclomaticComplexity="1" visitedClasses="0" numClasses="0" visitedMethods="1" numMethods="1" />
              <MetadataToken>100663311</MetadataToken>
              <Name>System.Void LDAP_Library_UnitTest.localhost.LocalhostEnvironmentAnonymous::.cctor()</Name>
              <FileRef uid="3" />
              <SequencePoints>
                <SequencePoint vc="1" uspid="74" ordinal="0" offset="0" sl="59" sc="9" el="59" ec="121" bec="0" bev="0" fileid="3" />
              </SequencePoints>
              <BranchPoints />
              <MethodPoint xsi:type="SequencePoint" vc="1" uspid="74" ordinal="0" offset="0" sl="59" sc="9" el="59" ec="121" bec="0" bev="0" fileid="3" />
            </Method>
          </Methods>
        </Class>
        <Class>
          <Summary numSequencePoints="165" visitedSequencePoints="33" numBranchPoints="18" visitedBranchPoints="15" sequenceCoverage="20" branchCoverage="83.33" maxCyclomaticComplexity="2" minCyclomaticComplexity="1" visitedClasses="1" numClasses="1" visitedMethods="15" numMethods="18" />
          <FullName>LDAP_Library_UnitTest.localhost.LocalhostEnvironment</FullName>
          <Methods>
            <Method visited="true" cyclomaticComplexity="1" nPathComplexity="0" sequenceCoverage="40" branchCoverage="100" isConstructor="false" isStatic="false" isGetter="false" isSetter="false">
              <Summary numSequencePoints="5" visitedSequencePoints="2" numBranchPoints="1" visitedBranchPoints="1" sequenceCoverage="40" branchCoverage="100" maxCyclomaticComplexity="1" minCyclomaticComplexity="1" visitedClasses="0" numClasses="0" visitedMethods="1" numMethods="1" />
              <MetadataToken>100663312</MetadataToken>
              <Name>System.Void LDAP_Library_UnitTest.localhost.LocalhostEnvironment::TestCompleteInitLibrary()</Name>
              <FileRef uid="4" />
              <SequencePoints>
                <SequencePoint vc="13" uspid="75" ordinal="0" offset="0" sl="90" sc="9" el="90" ec="10" bec="0" bev="0" fileid="4" />
                <SequencePoint vc="13" uspid="76" ordinal="1" offset="1" sl="91" sc="13" el="103" ec="19" bec="0" bev="0" fileid="4" />
                <SequencePoint vc="0" uspid="77" ordinal="2" offset="53" sl="105" sc="13" el="105" ec="58" bec="0" bev="0" fileid="4" />
                <SequencePoint vc="0" uspid="78" ordinal="3" offset="71" sl="106" sc="13" el="106" ec="119" bec="0" bev="0" fileid="4" />
                <SequencePoint vc="0" uspid="79" ordinal="4" offset="119" sl="107" sc="9" el="107" ec="10" bec="0" bev="0" fileid="4" />
              </SequencePoints>
              <BranchPoints />
              <MethodPoint xsi:type="SequencePoint" vc="13" uspid="75" ordinal="0" offset="0" sl="90" sc="9" el="90" ec="10" bec="0" bev="0" fileid="4" />
            </Method>
            <Method visited="true" cyclomaticComplexity="1" nPathComplexity="0" sequenceCoverage="50" branchCoverage="100" isConstructor="false" isStatic="false" isGetter="false" isSetter="false">
              <Summary numSequencePoints="4" visitedSequencePoints="2" numBranchPoints="1" visitedBranchPoints="1" sequenceCoverage="50" branchCoverage="100" maxCyclomaticComplexity="1" minCyclomaticComplexity="1" visitedClasses="0" numClasses="0" visitedMethods="1" numMethods="1" />
              <MetadataToken>100663313</MetadataToken>
              <Name>System.Void LDAP_Library_UnitTest.localhost.LocalhostEnvironment::TestAdminConnect()</Name>
              <FileRef uid="4" />
              <SequencePoints>
                <SequencePoint vc="12" uspid="80" ordinal="0" offset="0" sl="111" sc="9" el="111" ec="10" bec="0" bev="0" fileid="4" />
                <SequencePoint vc="12" uspid="81" ordinal="1" offset="1" sl="113" sc="13" el="113" ec="39" bec="0" bev="0" fileid="4" />
                <SequencePoint vc="0" uspid="82" ordinal="2" offset="8" sl="116" sc="13" el="116" ec="54" bec="0" bev="0" fileid="4" />
                <SequencePoint vc="0" uspid="83" ordinal="3" offset="25" sl="117" sc="9" el="117" ec="10" bec="0" bev="0" fileid="4" />
              </SequencePoints>
              <BranchPoints />
              <MethodPoint xsi:type="SequencePoint" vc="12" uspid="80" ordinal="0" offset="0" sl="111" sc="9" el="111" ec="10" bec="0" bev="0" fileid="4" />
            </Method>
            <Method visited="true" cyclomaticComplexity="1" nPathComplexity="0" sequenceCoverage="30.77" branchCoverage="100" isConstructor="false" isStatic="false" isGetter="false" isSetter="false">
              <Summary numSequencePoints="13" visitedSequencePoints="4" numBranchPoints="1" visitedBranchPoints="1" sequenceCoverage="30.77" branchCoverage="100" maxCyclomaticComplexity="1" minCyclomaticComplexity="1" visitedClasses="0" numClasses="0" visitedMethods="1" numMethods="1" />
              <MetadataToken>100663314</MetadataToken>
              <Name>System.Void LDAP_Library_UnitTest.localhost.LocalhostEnvironment::TestCreateUser()</Name>
              <FileRef uid="4" />
              <SequencePoints>
                <SequencePoint vc="1" uspid="84" ordinal="0" offset="0" sl="125" sc="9" el="125" ec="10" bec="0" bev="0" fileid="4" />
                <SequencePoint vc="1" uspid="85" ordinal="1" offset="1" sl="126" sc="13" el="126" ec="81" bec="0" bev="0" fileid="4" />
                <SequencePoint vc="1" uspid="86" ordinal="2" offset="23" sl="127" sc="13" el="128" ec="110" bec="0" bev="0" fileid="4" />
                <SequencePoint vc="1" uspid="87" ordinal="3" offset="85" sl="131" sc="13" el="131" ec="32" bec="0" bev="0" fileid="4" />
                <SequencePoint vc="0" uspid="88" ordinal="4" offset="92" sl="134" sc="13" el="134" ec="67" bec="0" bev="0" fileid="4" />
                <SequencePoint vc="0" uspid="89" ordinal="5" offset="105" sl="137" sc="13" el="137" ec="36" bec="0" bev="0" fileid="4" />
                <SequencePoint vc="0" uspid="90" ordinal="6" offset="112" sl="138" sc="13" el="138" ec="118" bec="0" bev="0" fileid="4" />
                <SequencePoint vc="0" uspid="91" ordinal="7" offset="163" sl="141" sc="13" el="141" ec="59" bec="0" bev="0" fileid="4" />
                <SequencePoint vc="0" uspid="92" ordinal="8" offset="176" sl="144" sc="13" el="144" ec="35" bec="0" bev="0" fileid="4" />
                <SequencePoint vc="0" uspid="93" ordinal="9" offset="183" sl="145" sc="13" el="146" ec="53" bec="0" bev="0" fileid="4" />
                <SequencePoint vc="0" uspid="94" ordinal="10" offset="234" sl="148" sc="13" el="148" ec="59" bec="0" bev="0" fileid="4" />
                <SequencePoint vc="0" uspid="95" ordinal="11" offset="247" sl="150" sc="13" el="150" ec="35" bec="0" bev="0" fileid="4" />
                <SequencePoint vc="0" uspid="96" ordinal="12" offset="254" sl="151" sc="9" el="151" ec="10" bec="0" bev="0" fileid="4" />
              </SequencePoints>
              <BranchPoints />
              <MethodPoint xsi:type="SequencePoint" vc="1" uspid="84" ordinal="0" offset="0" sl="125" sc="9" el="125" ec="10" bec="0" bev="0" fileid="4" />
            </Method>
            <Method visited="true" cyclomaticComplexity="1" nPathComplexity="0" sequenceCoverage="25" branchCoverage="100" isConstructor="false" isStatic="false" isGetter="false" isSetter="false">
              <Summary numSequencePoints="12" visitedSequencePoints="3" numBranchPoints="1" visitedBranchPoints="1" sequenceCoverage="25" branchCoverage="100" maxCyclomaticComplexity="1" minCyclomaticComplexity="1" visitedClasses="0" numClasses="0" visitedMethods="1" numMethods="1" />
              <MetadataToken>100663315</MetadataToken>
              <Name>System.Void LDAP_Library_UnitTest.localhost.LocalhostEnvironment::TestDeleteUser()</Name>
              <FileRef uid="4" />
              <SequencePoints>
                <SequencePoint vc="1" uspid="97" ordinal="0" offset="0" sl="155" sc="9" el="155" ec="10" bec="0" bev="0" fileid="4" />
                <SequencePoint vc="1" uspid="98" ordinal="1" offset="1" sl="157" sc="13" el="157" ec="85" bec="0" bev="0" fileid="4" />
                <SequencePoint vc="1" uspid="99" ordinal="2" offset="23" sl="160" sc="13" el="160" ec="32" bec="0" bev="0" fileid="4" />
                <SequencePoint vc="0" uspid="100" ordinal="3" offset="30" sl="163" sc="13" el="163" ec="67" bec="0" bev="0" fileid="4" />
                <SequencePoint vc="0" uspid="101" ordinal="4" offset="43" sl="165" sc="13" el="165" ec="35" bec="0" bev="0" fileid="4" />
                <SequencePoint vc="0" uspid="102" ordinal="5" offset="50" sl="168" sc="13" el="168" ec="63" bec="0" bev="0" fileid="4" />
                <SequencePoint vc="0" uspid="103" ordinal="6" offset="63" sl="171" sc="13" el="171" ec="35" bec="0" bev="0" fileid="4" />
                <SequencePoint vc="0" uspid="104" ordinal="7" offset="70" sl="172" sc="13" el="173" ec="53" bec="0" bev="0" fileid="4" />
                <SequencePoint vc="0" uspid="105" ordinal="8" offset="118" sl="176" sc="13" el="176" ec="63" bec="0" bev="0" fileid="4" />
                <SequencePoint vc="0" uspid="106" ordinal="9" offset="131" sl="179" sc="13" el="179" ec="36" bec="0" bev="0" fileid="4" />
                <SequencePoint vc="0" uspid="107" ordinal="10" offset="138" sl="180" sc="13" el="180" ec="118" bec="0" bev="0" fileid="4" />
                <SequencePoint vc="0" uspid="108" ordinal="11" offset="186" sl="181" sc="9" el="181" ec="10" bec="0" bev="0" fileid="4" />
              </SequencePoints>
              <BranchPoints />
              <MethodPoint xsi:type="SequencePoint" vc="1" uspid="97" ordinal="0" offset="0" sl="155" sc="9" el="155" ec="10" bec="0" bev="0" fileid="4" />
            </Method>
            <Method visited="true" cyclomaticComplexity="1" nPathComplexity="0" sequenceCoverage="11.11" branchCoverage="100" isConstructor="false" isStatic="false" isGetter="false" isSetter="false">
              <Summary numSequencePoints="18" visitedSequencePoints="2" numBranchPoints="1" visitedBranchPoints="1" sequenceCoverage="11.11" branchCoverage="100" maxCyclomaticComplexity="1" minCyclomaticComplexity="1" visitedClasses="0" numClasses="0" visitedMethods="1" numMethods="1" />
              <MetadataToken>100663316</MetadataToken>
              <Name>System.Void LDAP_Library_UnitTest.localhost.LocalhostEnvironment::TestModifyUserAttribute()</Name>
              <FileRef uid="4" />
              <SequencePoints>
                <SequencePoint vc="1" uspid="109" ordinal="0" offset="0" sl="185" sc="9" el="185" ec="10" bec="0" bev="0" fileid="4" />
                <SequencePoint vc="1" uspid="110" ordinal="1" offset="1" sl="186" sc="13" el="186" ec="32" bec="0" bev="0" fileid="4" />
                <SequencePoint vc="0" uspid="111" ordinal="2" offset="8" sl="187" sc="13" el="188" ec="100" bec="0" bev="0" fileid="4" />
                <SequencePoint vc="0" uspid="112" ordinal="3" offset="70" sl="189" sc="13" el="189" ec="67" bec="0" bev="0" fileid="4" />
                <SequencePoint vc="0" uspid="113" ordinal="4" offset="83" sl="191" sc="13" el="191" ec="35" bec="0" bev="0" fileid="4" />
                <SequencePoint vc="0" uspid="114" ordinal="5" offset="90" sl="196" sc="13" el="197" ec="37" bec="0" bev="0" fileid="4" />
                <SequencePoint vc="0" uspid="115" ordinal="6" offset="114" sl="199" sc="13" el="199" ec="36" bec="0" bev="0" fileid="4" />
                <SequencePoint vc="0" uspid="116" ordinal="7" offset="121" sl="200" sc="13" el="201" ec="55" bec="0" bev="0" fileid="4" />
                <SequencePoint vc="0" uspid="117" ordinal="8" offset="172" sl="203" sc="13" el="204" ec="52" bec="0" bev="0" fileid="4" />
                <SequencePoint vc="0" uspid="118" ordinal="9" offset="196" sl="206" sc="13" el="206" ec="35" bec="0" bev="0" fileid="4" />
                <SequencePoint vc="0" uspid="119" ordinal="10" offset="203" sl="207" sc="13" el="208" ec="53" bec="0" bev="0" fileid="4" />
                <SequencePoint vc="0" uspid="120" ordinal="11" offset="254" sl="210" sc="13" el="213" ec="34" bec="0" bev="0" fileid="4" />
                <SequencePoint vc="0" uspid="121" ordinal="12" offset="309" sl="215" sc="13" el="215" ec="35" bec="0" bev="0" fileid="4" />
                <SequencePoint vc="0" uspid="122" ordinal="13" offset="316" sl="216" sc="13" el="216" ec="83" bec="0" bev="0" fileid="4" />
                <SequencePoint vc="0" uspid="123" ordinal="14" offset="340" sl="217" sc="13" el="217" ec="100" bec="0" bev="0" fileid="4" />
                <SequencePoint vc="0" uspid="124" ordinal="15" offset="374" sl="219" sc="13" el="219" ec="63" bec="0" bev="0" fileid="4" />
                <SequencePoint vc="0" uspid="125" ordinal="16" offset="387" sl="221" sc="13" el="221" ec="35" bec="0" bev="0" fileid="4" />
                <SequencePoint vc="0" uspid="126" ordinal="17" offset="394" sl="222" sc="9" el="222" ec="10" bec="0" bev="0" fileid="4" />
              </SequencePoints>
              <BranchPoints />
              <MethodPoint xsi:type="SequencePoint" vc="1" uspid="109" ordinal="0" offset="0" sl="185" sc="9" el="185" ec="10" bec="0" bev="0" fileid="4" />
            </Method>
            <Method visited="true" cyclomaticComplexity="1" nPathComplexity="0" sequenceCoverage="9.52" branchCoverage="100" isConstructor="false" isStatic="false" isGetter="false" isSetter="false">
              <Summary numSequencePoints="21" visitedSequencePoints="2" numBranchPoints="1" visitedBranchPoints="1" sequenceCoverage="9.52" branchCoverage="100" maxCyclomaticComplexity="1" minCyclomaticComplexity="1" visitedClasses="0" numClasses="0" visitedMethods="1" numMethods="1" />
              <MetadataToken>100663317</MetadataToken>
              <Name>System.Void LDAP_Library_UnitTest.localhost.LocalhostEnvironment::TestChangeUserPassword()</Name>
              <FileRef uid="4" />
              <SequencePoints>
                <SequencePoint vc="1" uspid="127" ordinal="0" offset="0" sl="226" sc="9" el="226" ec="10" bec="0" bev="0" fileid="4" />
                <SequencePoint vc="1" uspid="128" ordinal="1" offset="1" sl="227" sc="13" el="227" ec="32" bec="0" bev="0" fileid="4" />
                <SequencePoint vc="0" uspid="129" ordinal="2" offset="8" sl="229" sc="13" el="230" ec="107" bec="0" bev="0" fileid="4" />
                <SequencePoint vc="0" uspid="130" ordinal="3" offset="70" sl="232" sc="13" el="232" ec="63" bec="0" bev="0" fileid="4" />
                <SequencePoint vc="0" uspid="131" ordinal="4" offset="83" sl="234" sc="13" el="234" ec="35" bec="0" bev="0" fileid="4" />
                <SequencePoint vc="0" uspid="132" ordinal="5" offset="90" sl="237" sc="13" el="237" ec="80" bec="0" bev="0" fileid="4" />
                <SequencePoint vc="0" uspid="133" ordinal="6" offset="108" sl="238" sc="13" el="238" ec="35" bec="0" bev="0" fileid="4" />
                <SequencePoint vc="0" uspid="134" ordinal="7" offset="115" sl="239" sc="13" el="240" ec="53" bec="0" bev="0" fileid="4" />
                <SequencePoint vc="0" uspid="135" ordinal="8" offset="166" sl="243" sc="13" el="246" ec="21" bec="0" bev="0" fileid="4" />
                <SequencePoint vc="0" uspid="136" ordinal="9" offset="188" sl="248" sc="13" el="248" ec="66" bec="0" bev="0" fileid="4" />
                <SequencePoint vc="0" uspid="137" ordinal="10" offset="201" sl="250" sc="13" el="250" ec="36" bec="0" bev="0" fileid="4" />
                <SequencePoint vc="0" uspid="138" ordinal="11" offset="208" sl="251" sc="13" el="251" ec="117" bec="0" bev="0" fileid="4" />
                <SequencePoint vc="0" uspid="139" ordinal="12" offset="259" sl="254" sc="13" el="257" ec="21" bec="0" bev="0" fileid="4" />
                <SequencePoint vc="0" uspid="140" ordinal="13" offset="281" sl="259" sc="13" el="259" ec="66" bec="0" bev="0" fileid="4" />
                <SequencePoint vc="0" uspid="141" ordinal="14" offset="294" sl="261" sc="13" el="261" ec="35" bec="0" bev="0" fileid="4" />
                <SequencePoint vc="0" uspid="142" ordinal="15" offset="301" sl="262" sc="13" el="262" ec="117" bec="0" bev="0" fileid="4" />
                <SequencePoint vc="0" uspid="143" ordinal="16" offset="352" sl="264" sc="13" el="264" ec="32" bec="0" bev="0" fileid="4" />
                <SequencePoint vc="0" uspid="144" ordinal="17" offset="359" sl="266" sc="13" el="266" ec="59" bec="0" bev="0" fileid="4" />
                <SequencePoint vc="0" uspid="145" ordinal="18" offset="372" sl="268" sc="13" el="268" ec="35" bec="0" bev="0" fileid="4" />
                <SequencePoint vc="0" uspid="146" ordinal="19" offset="379" sl="269" sc="13" el="270" ec="53" bec="0" bev="0" fileid="4" />
                <SequencePoint vc="0" uspid="147" ordinal="20" offset="430" sl="271" sc="9" el="271" ec="10" bec="0" bev="0" fileid="4" />
              </SequencePoints>
              <BranchPoints />
              <MethodPoint xsi:type="SequencePoint" vc="1" uspid="127" ordinal="0" offset="0" sl="226" sc="9" el="226" ec="10" bec="0" bev="0" fileid="4" />
            </Method>
            <Method visited="true" cyclomaticComplexity="1" nPathComplexity="0" sequenceCoverage="15.38" branchCoverage="100" isConstructor="false" isStatic="false" isGetter="false" isSetter="false">
              <Summary numSequencePoints="13" visitedSequencePoints="2" numBranchPoints="1" visitedBranchPoints="1" sequenceCoverage="15.38" branchCoverage="100" maxCyclomaticComplexity="1" minCyclomaticComplexity="1" visitedClasses="0" numClasses="0" visitedMethods="1" numMethods="1" />
              <MetadataToken>100663318</MetadataToken>
              <Name>System.Void LDAP_Library_UnitTest.localhost.LocalhostEnvironment::TestUserConnect()</Name>
              <FileRef uid="4" />
              <SequencePoints>
                <SequencePoint vc="1" uspid="148" ordinal="0" offset="0" sl="275" sc="9" el="275" ec="10" bec="0" bev="0" fileid="4" />
                <SequencePoint vc="1" uspid="149" ordinal="1" offset="1" sl="276" sc="13" el="276" ec="32" bec="0" bev="0" fileid="4" />
                <SequencePoint vc="0" uspid="150" ordinal="2" offset="8" sl="279" sc="13" el="279" ec="64" bec="0" bev="0" fileid="4" />
                <SequencePoint vc="0" uspid="151" ordinal="3" offset="26" sl="280" sc="13" el="280" ec="35" bec="0" bev="0" fileid="4" />
                <SequencePoint vc="0" uspid="152" ordinal="4" offset="33" sl="282" sc="13" el="285" ec="21" bec="0" bev="0" fileid="4" />
                <SequencePoint vc="0" uspid="153" ordinal="5" offset="77" sl="287" sc="13" el="287" ec="36" bec="0" bev="0" fileid="4" />
                <SequencePoint vc="0" uspid="154" ordinal="6" offset="84" sl="290" sc="13" el="290" ec="66" bec="0" bev="0" fileid="4" />
                <SequencePoint vc="0" uspid="155" ordinal="7" offset="97" sl="292" sc="13" el="292" ec="35" bec="0" bev="0" fileid="4" />
                <SequencePoint vc="0" uspid="156" ordinal="8" offset="104" sl="293" sc="13" el="293" ec="117" bec="0" bev="0" fileid="4" />
                <SequencePoint vc="0" uspid="157" ordinal="9" offset="152" sl="295" sc="13" el="295" ec="32" bec="0" bev="0" fileid="4" />
                <SequencePoint vc="0" uspid="158" ordinal="10" offset="159" sl="296" sc="13" el="296" ec="60" bec="0" bev="0" fileid="4" />
                <SequencePoint vc="0" uspid="159" ordinal="11" offset="177" sl="297" sc="13" el="297" ec="35" bec="0" bev="0" fileid="4" />
                <SequencePoint vc="0" uspid="160" ordinal="12" offset="184" sl="298" sc="9" el="298" ec="10" bec="0" bev="0" fileid="4" />
              </SequencePoints>
              <BranchPoints />
              <MethodPoint xsi:type="SequencePoint" vc="1" uspid="148" ordinal="0" offset="0" sl="275" sc="9" el="275" ec="10" bec="0" bev="0" fileid="4" />
            </Method>
            <Method visited="false" cyclomaticComplexity="2" nPathComplexity="0" sequenceCoverage="0" branchCoverage="0" isConstructor="false" isStatic="false" isGetter="false" isSetter="false">
              <Summary numSequencePoints="3" visitedSequencePoints="0" numBranchPoints="1" visitedBranchPoints="0" sequenceCoverage="0" branchCoverage="0" maxCyclomaticComplexity="2" minCyclomaticComplexity="2" visitedClasses="0" numClasses="0" visitedMethods="0" numMethods="1" />
              <MetadataToken>100663319</MetadataToken>
              <Name>System.Void LDAP_Library_UnitTest.localhost.LocalhostEnvironment::TestConnectFakeUsers()</Name>
              <FileRef uid="4" />
              <SequencePoints>
                <SequencePoint vc="0" uspid="161" ordinal="0" offset="0" sl="301" sc="9" el="301" ec="10" bec="0" bev="0" fileid="4" />
                <SequencePoint vc="0" uspid="162" ordinal="1" offset="1" sl="302" sc="13" el="313" ec="19" bec="0" bev="0" fileid="4" />
                <SequencePoint vc="0" uspid="163" ordinal="2" offset="66" sl="314" sc="9" el="314" ec="10" bec="0" bev="0" fileid="4" />
              </SequencePoints>
              <BranchPoints />
              <MethodPoint xsi:type="SequencePoint" vc="0" uspid="161" ordinal="0" offset="0" sl="301" sc="9" el="301" ec="10" bec="0" bev="0" fileid="4" />
            </Method>
            <Method visited="true" cyclomaticComplexity="1" nPathComplexity="0" sequenceCoverage="18.18" branchCoverage="100" isConstructor="false" isStatic="false" isGetter="false" isSetter="false">
              <Summary numSequencePoints="11" visitedSequencePoints="2" numBranchPoints="1" visitedBranchPoints="1" sequenceCoverage="18.18" branchCoverage="100" maxCyclomaticComplexity="1" minCyclomaticComplexity="1" visitedClasses="0" numClasses="0" visitedMethods="1" numMethods="1" />
              <MetadataToken>100663320</MetadataToken>
              <Name>System.Void LDAP_Library_UnitTest.localhost.LocalhostEnvironment::TestSearchUserAndConnect()</Name>
              <FileRef uid="4" />
              <SequencePoints>
                <SequencePoint vc="1" uspid="166" ordinal="0" offset="0" sl="318" sc="9" el="318" ec="10" bec="0" bev="0" fileid="4" />
                <SequencePoint vc="1" uspid="167" ordinal="1" offset="1" sl="319" sc="13" el="319" ec="32" bec="0" bev="0" fileid="4" />
                <SequencePoint vc="0" uspid="168" ordinal="2" offset="8" sl="320" sc="13" el="321" ec="107" bec="0" bev="0" fileid="4" />
                <SequencePoint vc="0" uspid="169" ordinal="3" offset="67" sl="323" sc="13" el="323" ec="67" bec="0" bev="0" fileid="4" />
                <SequencePoint vc="0" uspid="170" ordinal="4" offset="80" sl="325" sc="13" el="325" ec="35" bec="0" bev="0" fileid="4" />
                <SequencePoint vc="0" uspid="171" ordinal="5" offset="87" sl="327" sc="13" el="327" ec="86" bec="0" bev="0" fileid="4" />
                <SequencePoint vc="0" uspid="172" ordinal="6" offset="109" sl="329" sc="13" el="329" ec="35" bec="0" bev="0" fileid="4" />
                <SequencePoint vc="0" uspid="173" ordinal="7" offset="116" sl="331" sc="13" el="331" ec="32" bec="0" bev="0" fileid="4" />
                <SequencePoint vc="0" uspid="174" ordinal="8" offset="123" sl="333" sc="13" el="333" ec="63" bec="0" bev="0" fileid="4" />
                <SequencePoint vc="0" uspid="175" ordinal="9" offset="136" sl="335" sc="13" el="335" ec="35" bec="0" bev="0" fileid="4" />
                <SequencePoint vc="0" uspid="176" ordinal="10" offset="143" sl="336" sc="9" el="336" ec="10" bec="0" bev="0" fileid="4" />
              </SequencePoints>
              <BranchPoints />
              <MethodPoint xsi:type="SequencePoint" vc="1" uspid="166" ordinal="0" offset="0" sl="318" sc="9" el="318" ec="10" bec="0" bev="0" fileid="4" />
            </Method>
            <Method visited="true" cyclomaticComplexity="1" nPathComplexity="0" sequenceCoverage="11.11" branchCoverage="100" isConstructor="false" isStatic="false" isGetter="false" isSetter="false">
              <Summary numSequencePoints="18" visitedSequencePoints="2" numBranchPoints="1" visitedBranchPoints="1" sequenceCoverage="11.11" branchCoverage="100" maxCyclomaticComplexity="1" minCyclomaticComplexity="1" visitedClasses="0" numClasses="0" visitedMethods="1" numMethods="1" />
              <MetadataToken>100663321</MetadataToken>
              <Name>System.Void LDAP_Library_UnitTest.localhost.LocalhostEnvironment::TestSearchUser()</Name>
              <FileRef uid="4" />
              <SequencePoints>
                <SequencePoint vc="1" uspid="177" ordinal="0" offset="0" sl="344" sc="9" el="344" ec="10" bec="0" bev="0" fileid="4" />
                <SequencePoint vc="1" uspid="178" ordinal="1" offset="1" sl="345" sc="13" el="345" ec="32" bec="0" bev="0" fileid="4" />
                <SequencePoint vc="0" uspid="179" ordinal="2" offset="8" sl="347" sc="13" el="350" ec="15" bec="0" bev="0" fileid="4" />
                <SequencePoint vc="0" uspid="180" ordinal="3" offset="28" sl="351" sc="13" el="354" ec="15" bec="0" bev="0" fileid="4" />
                <SequencePoint vc="0" uspid="181" ordinal="4" offset="48" sl="355" sc="13" el="358" ec="15" bec="0" bev="0" fileid="4" />
                <SequencePoint vc="0" uspid="182" ordinal="5" offset="71" sl="362" sc="13" el="362" ec="122" bec="0" bev="0" fileid="4" />
                <SequencePoint vc="0" uspid="183" ordinal="6" offset="88" sl="364" sc="13" el="364" ec="36" bec="0" bev="0" fileid="4" />
                <SequencePoint vc="0" uspid="184" ordinal="7" offset="96" sl="365" sc="13" el="365" ec="118" bec="0" bev="0" fileid="4" />
                <SequencePoint vc="0" uspid="185" ordinal="8" offset="147" sl="367" sc="13" el="367" ec="89" bec="0" bev="0" fileid="4" />
                <SequencePoint vc="0" uspid="186" ordinal="9" offset="164" sl="369" sc="13" el="369" ec="35" bec="0" bev="0" fileid="4" />
                <SequencePoint vc="0" uspid="187" ordinal="10" offset="172" sl="370" sc="13" el="370" ec="71" bec="0" bev="0" fileid="4" />
                <SequencePoint vc="0" uspid="188" ordinal="11" offset="187" sl="371" sc="13" el="371" ec="73" bec="0" bev="0" fileid="4" />
                <SequencePoint vc="0" uspid="189" ordinal="12" offset="210" sl="372" sc="13" el="372" ec="74" bec="0" bev="0" fileid="4" />
                <SequencePoint vc="0" uspid="190" ordinal="13" offset="236" sl="374" sc="13" el="374" ec="114" bec="0" bev="0" fileid="4" />
                <SequencePoint vc="0" uspid="191" ordinal="14" offset="253" sl="376" sc="13" el="376" ec="35" bec="0" bev="0" fileid="4" />
                <SequencePoint vc="0" uspid="192" ordinal="15" offset="261" sl="377" sc="13" el="377" ec="71" bec="0" bev="0" fileid="4" />
                <SequencePoint vc="0" uspid="193" ordinal="16" offset="276" sl="378" sc="13" el="378" ec="73" bec="0" bev="0" fileid="4" />
                <SequencePoint vc="0" uspid="194" ordinal="17" offset="299" sl="379" sc="9" el="379" ec="10" bec="0" bev="0" fileid="4" />
              </SequencePoints>
              <BranchPoints />
              <MethodPoint xsi:type="SequencePoint" vc="1" uspid="177" ordinal="0" offset="0" sl="344" sc="9" el="344" ec="10" bec="0" bev="0" fileid="4" />
            </Method>
            <Method visited="true" cyclomaticComplexity="1" nPathComplexity="0" sequenceCoverage="15.38" branchCoverage="100" isConstructor="false" isStatic="false" isGetter="false" isSetter="false">
              <Summary numSequencePoints="13" visitedSequencePoints="2" numBranchPoints="1" visitedBranchPoints="1" sequenceCoverage="15.38" branchCoverage="100" maxCyclomaticComplexity="1" minCyclomaticComplexity="1" visitedClasses="0" numClasses="0" visitedMethods="1" numMethods="1" />
              <MetadataToken>100663322</MetadataToken>
              <Name>System.Void LDAP_Library_UnitTest.localhost.LocalhostEnvironment::TestSearchNoFieldnameMatch()</Name>
              <FileRef uid="4" />
              <SequencePoints>
                <SequencePoint vc="1" uspid="195" ordinal="0" offset="0" sl="383" sc="9" el="383" ec="10" bec="0" bev="0" fileid="4" />
                <SequencePoint vc="1" uspid="196" ordinal="1" offset="1" sl="390" sc="13" el="390" ec="32" bec="0" bev="0" fileid="4" />
                <SequencePoint vc="0" uspid="197" ordinal="2" offset="8" sl="392" sc="13" el="395" ec="15" bec="0" bev="0" fileid="4" />
                <SequencePoint vc="0" uspid="198" ordinal="3" offset="28" sl="399" sc="13" el="399" ec="77" bec="0" bev="0" fileid="4" />
                <SequencePoint vc="0" uspid="199" ordinal="4" offset="43" sl="401" sc="13" el="401" ec="35" bec="0" bev="0" fileid="4" />
                <SequencePoint vc="0" uspid="200" ordinal="5" offset="50" sl="402" sc="13" el="402" ec="51" bec="0" bev="0" fileid="4" />
                <SequencePoint vc="0" uspid="201" ordinal="6" offset="63" sl="403" sc="13" el="403" ec="73" bec="0" bev="0" fileid="4" />
                <SequencePoint vc="0" uspid="202" ordinal="7" offset="86" sl="404" sc="13" el="404" ec="74" bec="0" bev="0" fileid="4" />
                <SequencePoint vc="0" uspid="203" ordinal="8" offset="112" sl="406" sc="13" el="406" ec="98" bec="0" bev="0" fileid="4" />
                <SequencePoint vc="0" uspid="204" ordinal="9" offset="127" sl="408" sc="13" el="408" ec="35" bec="0" bev="0" fileid="4" />
                <SequencePoint vc="0" uspid="205" ordinal="10" offset="134" sl="409" sc="13" el="409" ec="51" bec="0" bev="0" fileid="4" />
                <SequencePoint vc="0" uspid="206" ordinal="11" offset="147" sl="410" sc="13" el="410" ec="73" bec="0" bev="0" fileid="4" />
                <SequencePoint vc="0" uspid="207" ordinal="12" offset="170" sl="411" sc="9" el="411" ec="10" bec="0" bev="0" fileid="4" />
              </SequencePoints>
              <BranchPoints />
              <MethodPoint xsi:type="SequencePoint" vc="1" uspid="195" ordinal="0" offset="0" sl="383" sc="9" el="383" ec="10" bec="0" bev="0" fileid="4" />
            </Method>
            <Method visited="true" cyclomaticComplexity="1" nPathComplexity="0" sequenceCoverage="14.29" branchCoverage="100" isConstructor="false" isStatic="false" isGetter="false" isSetter="false">
              <Summary numSequencePoints="14" visitedSequencePoints="2" numBranchPoints="1" visitedBranchPoints="1" sequenceCoverage="14.29" branchCoverage="100" maxCyclomaticComplexity="1" minCyclomaticComplexity="1" visitedClasses="0" numClasses="0" visitedMethods="1" numMethods="1" />
              <MetadataToken>100663323</MetadataToken>
              <Name>System.Void LDAP_Library_UnitTest.localhost.LocalhostEnvironment::TestSearchAllNodes()</Name>
              <FileRef uid="4" />
              <SequencePoints>
                <SequencePoint vc="1" uspid="208" ordinal="0" offset="0" sl="415" sc="9" el="415" ec="10" bec="0" bev="0" fileid="4" />
                <SequencePoint vc="1" uspid="209" ordinal="1" offset="1" sl="423" sc="13" el="423" ec="32" bec="0" bev="0" fileid="4" />
                <SequencePoint vc="0" uspid="210" ordinal="2" offset="8" sl="425" sc="13" el="428" ec="15" bec="0" bev="0" fileid="4" />
                <SequencePoint vc="0" uspid="211" ordinal="3" offset="28" sl="432" sc="13" el="432" ec="80" bec="0" bev="0" fileid="4" />
                <SequencePoint vc="0" uspid="212" ordinal="4" offset="43" sl="434" sc="13" el="434" ec="35" bec="0" bev="0" fileid="4" />
                <SequencePoint vc="0" uspid="213" ordinal="5" offset="50" sl="435" sc="13" el="435" ec="51" bec="0" bev="0" fileid="4" />
                <SequencePoint vc="0" uspid="214" ordinal="6" offset="63" sl="436" sc="13" el="436" ec="73" bec="0" bev="0" fileid="4" />
                <SequencePoint vc="0" uspid="215" ordinal="7" offset="86" sl="437" sc="13" el="437" ec="74" bec="0" bev="0" fileid="4" />
                <SequencePoint vc="0" uspid="216" ordinal="8" offset="112" sl="439" sc="13" el="439" ec="98" bec="0" bev="0" fileid="4" />
                <SequencePoint vc="0" uspid="217" ordinal="9" offset="127" sl="441" sc="13" el="441" ec="35" bec="0" bev="0" fileid="4" />
                <SequencePoint vc="0" uspid="218" ordinal="10" offset="134" sl="442" sc="13" el="442" ec="51" bec="0" bev="0" fileid="4" />
                <SequencePoint vc="0" uspid="219" ordinal="11" offset="147" sl="443" sc="13" el="443" ec="73" bec="0" bev="0" fileid="4" />
                <SequencePoint vc="0" uspid="220" ordinal="12" offset="170" sl="444" sc="13" el="444" ec="74" bec="0" bev="0" fileid="4" />
                <SequencePoint vc="0" uspid="221" ordinal="13" offset="196" sl="445" sc="9" el="445" ec="10" bec="0" bev="0" fileid="4" />
              </SequencePoints>
              <BranchPoints />
              <MethodPoint xsi:type="SequencePoint" vc="1" uspid="208" ordinal="0" offset="0" sl="415" sc="9" el="415" ec="10" bec="0" bev="0" fileid="4" />
            </Method>
            <Method visited="true" cyclomaticComplexity="1" nPathComplexity="0" sequenceCoverage="33.33" branchCoverage="100" isConstructor="false" isStatic="false" isGetter="false" isSetter="false">
              <Summary numSequencePoints="6" visitedSequencePoints="2" numBranchPoints="1" visitedBranchPoints="1" sequenceCoverage="33.33" branchCoverage="100" maxCyclomaticComplexity="1" minCyclomaticComplexity="1" visitedClasses="0" numClasses="0" visitedMethods="1" numMethods="1" />
              <MetadataToken>100663324</MetadataToken>
              <Name>System.Void LDAP_Library_UnitTest.localhost.LocalhostEnvironment::TestUserConnectWithoutWritePermissions()</Name>
              <FileRef uid="4" />
              <SequencePoints>
                <SequencePoint vc="1" uspid="222" ordinal="0" offset="0" sl="449" sc="9" el="449" ec="10" bec="0" bev="0" fileid="4" />
                <SequencePoint vc="1" uspid="223" ordinal="1" offset="1" sl="450" sc="13" el="450" ec="32" bec="0" bev="0" fileid="4" />
                <SequencePoint vc="0" uspid="224" ordinal="2" offset="8" sl="452" sc="13" el="454" ec="22" bec="0" bev="0" fileid="4" />
                <SequencePoint vc="0" uspid="225" ordinal="3" offset="40" sl="456" sc="13" el="456" ec="35" bec="0" bev="0" fileid="4" />
                <SequencePoint vc="0" uspid="226" ordinal="4" offset="47" sl="458" sc="13" el="458" ec="36" bec="0" bev="0" fileid="4" />
                <SequencePoint vc="0" uspid="227" ordinal="5" offset="54" sl="459" sc="9" el="459" ec="10" bec="0" bev="0" fileid="4" />
              </SequencePoints>
              <BranchPoints />
              <MethodPoint xsi:type="SequencePoint" vc="1" uspid="222" ordinal="0" offset="0" sl="449" sc="9" el="449" ec="10" bec="0" bev="0" fileid="4" />
            </Method>
            <Method visited="true" cyclomaticComplexity="1" nPathComplexity="0" sequenceCoverage="40" branchCoverage="100" isConstructor="false" isStatic="false" isGetter="false" isSetter="false">
              <Summary numSequencePoints="5" visitedSequencePoints="2" numBranchPoints="1" visitedBranchPoints="1" sequenceCoverage="40" branchCoverage="100" maxCyclomaticComplexity="1" minCyclomaticComplexity="1" visitedClasses="0" numClasses="0" visitedMethods="1" numMethods="1" />
              <MetadataToken>100663325</MetadataToken>
              <Name>System.Void LDAP_Library_UnitTest.localhost.LocalhostEnvironment::TestSearchUserAndConnectWithoutWritePermissions()</Name>
              <FileRef uid="4" />
              <SequencePoints>
                <SequencePoint vc="1" uspid="228" ordinal="0" offset="0" sl="463" sc="9" el="463" ec="10" bec="0" bev="0" fileid="4" />
                <SequencePoint vc="1" uspid="229" ordinal="1" offset="1" sl="464" sc="13" el="464" ec="32" bec="0" bev="0" fileid="4" />
                <SequencePoint vc="0" uspid="230" ordinal="2" offset="8" sl="466" sc="13" el="466" ec="96" bec="0" bev="0" fileid="4" />
                <SequencePoint vc="0" uspid="231" ordinal="3" offset="30" sl="468" sc="13" el="468" ec="35" bec="0" bev="0" fileid="4" />
                <SequencePoint vc="0" uspid="232" ordinal="4" offset="37" sl="469" sc="9" el="469" ec="10" bec="0" bev="0" fileid="4" />
              </SequencePoints>
              <BranchPoints />
              <MethodPoint xsi:type="SequencePoint" vc="1" uspid="228" ordinal="0" offset="0" sl="463" sc="9" el="463" ec="10" bec="0" bev="0" fileid="4" />
            </Method>
            <Method visited="true" cyclomaticComplexity="1" nPathComplexity="0" sequenceCoverage="100" branchCoverage="100" isConstructor="true" isStatic="false" isGetter="false" isSetter="false">
              <Summary numSequencePoints="2" visitedSequencePoints="2" numBranchPoints="1" visitedBranchPoints="1" sequenceCoverage="100" branchCoverage="100" maxCyclomaticComplexity="1" minCyclomaticComplexity="1" visitedClasses="0" numClasses="0" visitedMethods="1" numMethods="1" />
              <MetadataToken>100663326</MetadataToken>
              <Name>System.Void LDAP_Library_UnitTest.localhost.LocalhostEnvironment::.ctor()</Name>
              <FileRef uid="4" />
              <SequencePoints>
                <SequencePoint vc="13" uspid="233" ordinal="0" offset="0" sl="43" sc="9" el="44" ec="107" bec="0" bev="0" fileid="4" />
                <SequencePoint vc="13" uspid="234" ordinal="1" offset="64" sl="47" sc="9" el="53" ec="11" bec="0" bev="0" fileid="4" />
              </SequencePoints>
              <BranchPoints />
              <MethodPoint xsi:type="SequencePoint" vc="13" uspid="233" ordinal="0" offset="0" sl="43" sc="9" el="44" ec="107" bec="0" bev="0" fileid="4" />
            </Method>
            <Method visited="false" cyclomaticComplexity="1" nPathComplexity="0" sequenceCoverage="0" branchCoverage="0" isConstructor="false" isStatic="false" isGetter="false" isSetter="false">
              <Summary numSequencePoints="4" visitedSequencePoints="0" numBranchPoints="1" visitedBranchPoints="0" sequenceCoverage="0" branchCoverage="0" maxCyclomaticComplexity="1" minCyclomaticComplexity="1" visitedClasses="0" numClasses="0" visitedMethods="0" numMethods="1" />
              <MetadataToken>100663327</MetadataToken>
              <Name>System.Void LDAP_Library_UnitTest.localhost.LocalhostEnvironment::&lt;TestConnectFakeUsers&gt;b__7(System.Net.NetworkCredential)</Name>
              <FileRef uid="4" />
              <SequencePoints>
                <SequencePoint vc="0" uspid="235" ordinal="0" offset="0" sl="306" sc="21" el="306" ec="22" bec="0" bev="0" fileid="4" />
                <SequencePoint vc="0" uspid="236" ordinal="1" offset="1" sl="307" sc="25" el="307" ec="66" bec="0" bev="0" fileid="4" />
                <SequencePoint vc="0" uspid="237" ordinal="2" offset="14" sl="309" sc="25" el="309" ec="48" bec="0" bev="0" fileid="4" />
                <SequencePoint vc="0" uspid="238" ordinal="3" offset="21" sl="310" sc="25" el="311" ec="56" bec="0" bev="0" fileid="4" />
              </SequencePoints>
              <BranchPoints />
              <MethodPoint xsi:type="SequencePoint" vc="0" uspid="235" ordinal="0" offset="0" sl="306" sc="21" el="306" ec="22" bec="0" bev="0" fileid="4" />
            </Method>
            <Method visited="false" cyclomaticComplexity="1" nPathComplexity="0" sequenceCoverage="0" branchCoverage="0" isConstructor="false" isStatic="true" isGetter="false" isSetter="false">
              <Summary numSequencePoints="1" visitedSequencePoints="0" numBranchPoints="1" visitedBranchPoints="0" sequenceCoverage="0" branchCoverage="0" maxCyclomaticComplexity="1" minCyclomaticComplexity="1" visitedClasses="0" numClasses="0" visitedMethods="0" numMethods="1" />
              <MetadataToken>100663328</MetadataToken>
              <Name>System.Net.NetworkCredential LDAP_Library_UnitTest.localhost.LocalhostEnvironment::&lt;TestConnectFakeUsers&gt;b__8(LDAPLibrary.LdapUser)</Name>
              <FileRef uid="4" />
              <SequencePoints>
                <SequencePoint vc="0" uspid="239" ordinal="0" offset="0" sl="302" sc="39" el="302" ec="124" bec="0" bev="0" fileid="4" />
              </SequencePoints>
              <BranchPoints />
              <MethodPoint xsi:type="SequencePoint" vc="0" uspid="239" ordinal="0" offset="0" sl="302" sc="39" el="302" ec="124" bec="0" bev="0" fileid="4" />
            </Method>
            <Method visited="true" cyclomaticComplexity="1" nPathComplexity="0" sequenceCoverage="100" branchCoverage="100" isConstructor="true" isStatic="true" isGetter="false" isSetter="false">
              <Summary numSequencePoints="2" visitedSequencePoints="2" numBranchPoints="1" visitedBranchPoints="1" sequenceCoverage="100" branchCoverage="100" maxCyclomaticComplexity="1" minCyclomaticComplexity="1" visitedClasses="0" numClasses="0" visitedMethods="1" numMethods="1" />
              <MetadataToken>100663329</MetadataToken>
              <Name>System.Void LDAP_Library_UnitTest.localhost.LocalhostEnvironment::.cctor()</Name>
              <FileRef uid="4" />
              <SequencePoints>
                <SequencePoint vc="1" uspid="240" ordinal="0" offset="0" sl="77" sc="9" el="80" ec="112" bec="0" bev="0" fileid="4" />
                <SequencePoint vc="1" uspid="241" ordinal="1" offset="63" sl="82" sc="9" el="82" ec="121" bec="0" bev="0" fileid="4" />
              </SequencePoints>
              <BranchPoints />
              <MethodPoint xsi:type="SequencePoint" vc="1" uspid="240" ordinal="0" offset="0" sl="77" sc="9" el="80" ec="112" bec="0" bev="0" fileid="4" />
            </Method>
          </Methods>
        </Class>
        <Class>
          <Summary numSequencePoints="89" visitedSequencePoints="58" numBranchPoints="24" visitedBranchPoints="24" sequenceCoverage="65.17" branchCoverage="100" maxCyclomaticComplexity="1" minCyclomaticComplexity="1" visitedClasses="1" numClasses="1" visitedMethods="24" numMethods="24" />
          <FullName>LDAP_Library_UnitTest.localhost.LocalhostEnvironmentInitTest</FullName>
          <Methods>
            <Method visited="true" cyclomaticComplexity="1" nPathComplexity="0" sequenceCoverage="40" branchCoverage="100" isConstructor="false" isStatic="false" isGetter="false" isSetter="false">
              <Summary numSequencePoints="5" visitedSequencePoints="2" numBranchPoints="1" visitedBranchPoints="1" sequenceCoverage="40" branchCoverage="100" maxCyclomaticComplexity="1" minCyclomaticComplexity="1" visitedClasses="0" numClasses="0" visitedMethods="1" numMethods="1" />
              <MetadataToken>100663330</MetadataToken>
              <Name>System.Void LDAP_Library_UnitTest.localhost.LocalhostEnvironmentInitTest::TestCompleteInitLibrary()</Name>
              <FileRef uid="5" />
              <SequencePoints>
                <SequencePoint vc="1" uspid="242" ordinal="0" offset="0" sl="63" sc="9" el="63" ec="10" bec="0" bev="0" fileid="5" />
                <SequencePoint vc="1" uspid="243" ordinal="1" offset="1" sl="64" sc="13" el="76" ec="19" bec="0" bev="0" fileid="5" />
                <SequencePoint vc="0" uspid="244" ordinal="2" offset="53" sl="78" sc="13" el="78" ec="58" bec="0" bev="0" fileid="5" />
                <SequencePoint vc="0" uspid="245" ordinal="3" offset="71" sl="79" sc="13" el="79" ec="119" bec="0" bev="0" fileid="5" />
                <SequencePoint vc="0" uspid="246" ordinal="4" offset="119" sl="80" sc="9" el="80" ec="10" bec="0" bev="0" fileid="5" />
              </SequencePoints>
              <BranchPoints />
              <MethodPoint xsi:type="SequencePoint" vc="1" uspid="242" ordinal="0" offset="0" sl="63" sc="9" el="63" ec="10" bec="0" bev="0" fileid="5" />
            </Method>
            <Method visited="true" cyclomaticComplexity="1" nPathComplexity="0" sequenceCoverage="50" branchCoverage="100" isConstructor="false" isStatic="false" isGetter="false" isSetter="false">
              <Summary numSequencePoints="4" visitedSequencePoints="2" numBranchPoints="1" visitedBranchPoints="1" sequenceCoverage="50" branchCoverage="100" maxCyclomaticComplexity="1" minCyclomaticComplexity="1" visitedClasses="0" numClasses="0" visitedMethods="1" numMethods="1" />
              <MetadataToken>100663331</MetadataToken>
              <Name>System.Void LDAP_Library_UnitTest.localhost.LocalhostEnvironmentInitTest::TestCompleteInitLibraryNoServer()</Name>
              <FileRef uid="5" />
              <SequencePoints>
                <SequencePoint vc="1" uspid="247" ordinal="0" offset="0" sl="86" sc="9" el="86" ec="10" bec="0" bev="0" fileid="5" />
[...]
              <Name>System.DirectoryServices.Protocols.ModifyRequest LDAPLibrary.StaticClasses.LdapRequestBuilder::GetModifyPasswordRequest(LDAPLibrary.Interfarces.ILdapUser,System.String)</Name>
              <FileRef uid="63" />
              <SequencePoints>
                <SequencePoint vc="1" uspid="1512" ordinal="0" offset="0" sl="43" sc="9" el="43" ec="10" bec="0" bev="0" fileid="63" />
                <SequencePoint vc="1" uspid="1513" ordinal="1" offset="1" sl="44" sc="13" el="48" ec="15" bec="0" bev="0" fileid="63" />
                <SequencePoint vc="1" uspid="1514" ordinal="2" offset="29" sl="49" sc="13" el="49" ec="49" bec="0" bev="0" fileid="63" />
                <SequencePoint vc="1" uspid="1515" ordinal="3" offset="37" sl="51" sc="13" el="51" ec="76" bec="0" bev="0" fileid="63" />
                <SequencePoint vc="1" uspid="1516" ordinal="4" offset="63" sl="52" sc="9" el="52" ec="10" bec="0" bev="0" fileid="63" />
              </SequencePoints>
              <BranchPoints />
              <MethodPoint xsi:type="SequencePoint" vc="1" uspid="1512" ordinal="0" offset="0" sl="43" sc="9" el="43" ec="10" bec="0" bev="0" fileid="63" />
            </Method>
            <Method visited="true" cyclomaticComplexity="1" nPathComplexity="0" sequenceCoverage="100" branchCoverage="100" isConstructor="false" isStatic="true" isGetter="false" isSetter="false">
              <Summary numSequencePoints="3" visitedSequencePoints="3" numBranchPoints="1" visitedBranchPoints="1" sequenceCoverage="100" branchCoverage="100" maxCyclomaticComplexity="1" minCyclomaticComplexity="1" visitedClasses="0" numClasses="0" visitedMethods="1" numMethods="1" />
              <MetadataToken>100663497</MetadataToken>
              <Name>System.DirectoryServices.Protocols.SearchRequest LDAPLibrary.StaticClasses.LdapRequestBuilder::GetSearchUserRequest(System.String,System.String,System.Collections.Generic.IEnumerable`1&lt;System.String&gt;)</Name>
              <FileRef uid="63" />
              <SequencePoints>
                <SequencePoint vc="1" uspid="1517" ordinal="0" offset="0" sl="55" sc="9" el="55" ec="10" bec="0" bev="0" fileid="63" />
                <SequencePoint vc="1" uspid="1518" ordinal="1" offset="1" sl="56" sc="13" el="56" ec="109" bec="0" bev="0" fileid="63" />
                <SequencePoint vc="1" uspid="1519" ordinal="2" offset="18" sl="57" sc="9" el="57" ec="10" bec="0" bev="0" fileid="63" />
              </SequencePoints>
              <BranchPoints />
              <MethodPoint xsi:type="SequencePoint" vc="1" uspid="1517" ordinal="0" offset="0" sl="55" sc="9" el="55" ec="10" bec="0" bev="0" fileid="63" />
            </Method>
          </Methods>
        </Class>
        <Class>
          <Summary numSequencePoints="3" visitedSequencePoints="3" numBranchPoints="1" visitedBranchPoints="1" sequenceCoverage="100" branchCoverage="100" maxCyclomaticComplexity="3" minCyclomaticComplexity="3" visitedClasses="1" numClasses="1" visitedMethods="1" numMethods="1" />
          <FullName>LDAPLibrary.StaticClasses.LdapStateUtils</FullName>
          <Methods>
            <Method visited="true" cyclomaticComplexity="3" nPathComplexity="0" sequenceCoverage="100" branchCoverage="100" isConstructor="false" isStatic="true" isGetter="false" isSetter="false">
              <Summary numSequencePoints="3" visitedSequencePoints="3" numBranchPoints="1" visitedBranchPoints="1" sequenceCoverage="100" branchCoverage="100" maxCyclomaticComplexity="3" minCyclomaticComplexity="3" visitedClasses="0" numClasses="0" visitedMethods="1" numMethods="1" />
              <MetadataToken>100663498</MetadataToken>
              <Name>System.Boolean LDAPLibrary.StaticClasses.LdapStateUtils::ToBoolean(LDAPLibrary.Enums.LdapState)</Name>
              <FileRef uid="64" />
              <SequencePoints>
                <SequencePoint vc="11" uspid="1520" ordinal="0" offset="0" sl="22" sc="9" el="22" ec="10" bec="0" bev="0" fileid="64" />
                <SequencePoint vc="11" uspid="1521" ordinal="1" offset="1" sl="23" sc="13" el="24" ec="66" bec="0" bev="0" fileid="64" />
                <SequencePoint vc="11" uspid="1522" ordinal="2" offset="19" sl="25" sc="9" el="25" ec="10" bec="0" bev="0" fileid="64" />
              </SequencePoints>
              <BranchPoints />
              <MethodPoint xsi:type="SequencePoint" vc="11" uspid="1520" ordinal="0" offset="0" sl="22" sc="9" el="22" ec="10" bec="0" bev="0" fileid="64" />
            </Method>
          </Methods>
        </Class>
        <Class>
          <Summary numSequencePoints="29" visitedSequencePoints="0" numBranchPoints="13" visitedBranchPoints="0" sequenceCoverage="0" branchCoverage="0" maxCyclomaticComplexity="7" minCyclomaticComplexity="1" visitedClasses="0" numClasses="1" visitedMethods="0" numMethods="3" />
          <FullName>LDAPLibrary.StaticClasses.LdapUserUtils</FullName>
          <Methods>
            <Method visited="false" cyclomaticComplexity="3" nPathComplexity="2" sequenceCoverage="0" branchCoverage="0" isConstructor="false" isStatic="true" isGetter="false" isSetter="false">
              <Summary numSequencePoints="7" visitedSequencePoints="0" numBranchPoints="3" visitedBranchPoints="0" sequenceCoverage="0" branchCoverage="0" maxCyclomaticComplexity="3" minCyclomaticComplexity="3" visitedClasses="0" numClasses="0" visitedMethods="0" numMethods="1" />
              <MetadataToken>100663499</MetadataToken>
              <Name>System.Collections.Generic.List`1&lt;LDAPLibrary.Interfarces.ILdapUser&gt; LDAPLibrary.StaticClasses.LdapUserUtils::ConvertToLdapUsers(System.DirectoryServices.Protocols.SearchResponse)</Name>
              <FileRef uid="65" />
              <SequencePoints>
                <SequencePoint vc="0" uspid="1527" ordinal="0" offset="0" sl="25" sc="9" el="25" ec="10" bec="0" bev="0" fileid="65" />
                <SequencePoint vc="0" uspid="1528" ordinal="1" offset="1" sl="26" sc="13" el="26" ec="54" bec="0" bev="0" fileid="65" />
                <SequencePoint vc="0" uspid="1529" ordinal="2" offset="7" sl="28" sc="13" el="28" ec="40" bec="2" bev="0" fileid="65" />
                <SequencePoint vc="0" uspid="1530" ordinal="3" offset="18" sl="28" sc="41" el="28" ec="61" bec="0" bev="0" fileid="65" />
                <SequencePoint vc="0" uspid="1531" ordinal="4" offset="22" sl="30" sc="13" el="30" ec="133" bec="0" bev="0" fileid="65" />
                <SequencePoint vc="0" uspid="1532" ordinal="5" offset="76" sl="32" sc="13" el="32" ec="33" bec="0" bev="0" fileid="65" />
                <SequencePoint vc="0" uspid="1533" ordinal="6" offset="80" sl="33" sc="9" el="33" ec="10" bec="0" bev="0" fileid="65" />
              </SequencePoints>
              <BranchPoints>
                <BranchPoint vc="0" uspid="1534" ordinal="0" offset="16" sl="28" path="0" offsetend="18" fileid="65" />
                <BranchPoint vc="0" uspid="1535" ordinal="1" offset="16" sl="28" path="1" offsetend="22" fileid="65" />
              </BranchPoints>
              <MethodPoint xsi:type="SequencePoint" vc="0" uspid="1527" ordinal="0" offset="0" sl="25" sc="9" el="25" ec="10" bec="0" bev="0" fileid="65" />
            </Method>
            <Method visited="false" cyclomaticComplexity="7" nPathComplexity="16" sequenceCoverage="0" branchCoverage="0" isConstructor="false" isStatic="true" isGetter="false" isSetter="false">
              <Summary numSequencePoints="21" visitedSequencePoints="0" numBranchPoints="9" visitedBranchPoints="0" sequenceCoverage="0" branchCoverage="0" maxCyclomaticComplexity="7" minCyclomaticComplexity="7" visitedClasses="0" numClasses="0" visitedMethods="0" numMethods="1" />
              <MetadataToken>100663500</MetadataToken>
              <Name>LDAPLibrary.Interfarces.ILdapUser LDAPLibrary.StaticClasses.LdapUserUtils::ConvertToLdapUser(System.DirectoryServices.Protocols.SearchResultEntry)</Name>
              <FileRef uid="65" />
              <SequencePoints>
                <SequencePoint vc="0" uspid="1538" ordinal="0" offset="0" sl="43" sc="9" el="43" ec="10" bec="0" bev="0" fileid="65" />
                <SequencePoint vc="0" uspid="1539" ordinal="1" offset="1" sl="45" sc="13" el="45" ec="44" bec="0" bev="0" fileid="65" />
                <SequencePoint vc="0" uspid="1540" ordinal="2" offset="7" sl="46" sc="13" el="46" ec="44" bec="0" bev="0" fileid="65" />
                <SequencePoint vc="0" uspid="1541" ordinal="3" offset="13" sl="47" sc="13" el="47" ec="82" bec="0" bev="0" fileid="65" />
                <SequencePoint vc="0" uspid="1542" ordinal="4" offset="19" sl="50" sc="13" el="50" ec="61" bec="2" bev="0" fileid="65" />
                <SequencePoint vc="0" uspid="1543" ordinal="5" offset="42" sl="51" sc="17" el="51" ec="123" bec="0" bev="0" fileid="65" />
                <SequencePoint vc="0" uspid="1544" ordinal="6" offset="63" sl="52" sc="13" el="52" ec="20" bec="0" bev="0" fileid="65" />
                <SequencePoint vc="0" uspid="1545" ordinal="7" offset="64" sl="52" sc="64" el="52" ec="99" bec="0" bev="0" fileid="65" />
                <SequencePoint vc="0" uspid="1546" ordinal="8" offset="87" sl="52" sc="22" el="52" ec="60" bec="0" bev="0" fileid="65" />
                <SequencePoint vc="0" uspid="1547" ordinal="9" offset="100" sl="53" sc="13" el="53" ec="14" bec="0" bev="0" fileid="65" />
                <SequencePoint vc="0" uspid="1548" ordinal="10" offset="101" sl="55" sc="17" el="55" ec="60" bec="5" bev="0" fileid="65" />
                <SequencePoint vc="0" uspid="1549" ordinal="11" offset="148" sl="58" sc="25" el="59" ec="101" bec="0" bev="0" fileid="65" />
                <SequencePoint vc="0" uspid="1550" ordinal="12" offset="172" sl="60" sc="25" el="60" ec="31" bec="0" bev="0" fileid="65" />
                <SequencePoint vc="0" uspid="1551" ordinal="13" offset="174" sl="62" sc="25" el="63" ec="101" bec="0" bev="0" fileid="65" />
                <SequencePoint vc="0" uspid="1552" ordinal="14" offset="198" sl="64" sc="25" el="64" ec="31" bec="0" bev="0" fileid="65" />
                <SequencePoint vc="0" uspid="1553" ordinal="15" offset="200" sl="66" sc="25" el="69" ec="115" bec="0" bev="0" fileid="65" />
                <SequencePoint vc="0" uspid="1554" ordinal="16" offset="251" sl="70" sc="25" el="70" ec="31" bec="0" bev="0" fileid="65" />
                <SequencePoint vc="0" uspid="1555" ordinal="17" offset="253" sl="72" sc="13" el="72" ec="14" bec="0" bev="0" fileid="65" />
                <SequencePoint vc="0" uspid="1556" ordinal="18" offset="254" sl="52" sc="61" el="52" ec="63" bec="0" bev="0" fileid="65" />
                <SequencePoint vc="0" uspid="1557" ordinal="19" offset="302" sl="73" sc="13" el="73" ec="118" bec="0" bev="0" fileid="65" />
                <SequencePoint vc="0" uspid="1558" ordinal="20" offset="320" sl="74" sc="9" el="74" ec="10" bec="0" bev="0" fileid="65" />
              </SequencePoints>
              <BranchPoints>
                <BranchPoint vc="0" uspid="1559" ordinal="0" offset="40" sl="50" path="0" offsetend="42" fileid="65" />
                <BranchPoint vc="0" uspid="1560" ordinal="1" offset="40" sl="50" path="1" offsetend="63" fileid="65" />
                <BranchPoint vc="0" uspid="1561" ordinal="2" offset="116" sl="55" path="0" offsetend="118" fileid="65" />
                <BranchPoint vc="0" uspid="1562" ordinal="3" offset="116" sl="55" path="1" offsetend="200" fileid="65" />
                <BranchPoint vc="0" uspid="1563" ordinal="4" offset="130" sl="55" path="0" offsetend="132" fileid="65" />
                <BranchPoint vc="0" uspid="1564" ordinal="5" offset="130" sl="55" path="1" offsetend="148" fileid="65" />
                <BranchPoint vc="0" uspid="1565" ordinal="6" offset="144" sl="55" path="0" offsetchain="146" offsetend="200" fileid="65" />
                <BranchPoint vc="0" uspid="1566" ordinal="7" offset="144" sl="55" path="1" offsetend="174" fileid="65" />
              </BranchPoints>
              <MethodPoint xsi:type="SequencePoint" vc="0" uspid="1538" ordinal="0" offset="0" sl="43" sc="9" el="43" ec="10" bec="0" bev="0" fileid="65" />
            </Method>
            <Method visited="false" cyclomaticComplexity="1" nPathComplexity="0" sequenceCoverage="0" branchCoverage="0" isConstructor="false" isStatic="true" isGetter="false" isSetter="false">
              <Summary numSequencePoints="1" visitedSequencePoints="0" numBranchPoints="1" visitedBranchPoints="0" sequenceCoverage="0" branchCoverage="0" maxCyclomaticComplexity="1" minCyclomaticComplexity="1" visitedClasses="0" numClasses="0" visitedMethods="0" numMethods="1" />
              <MetadataToken>100663501</MetadataToken>
              <Name>LDAPLibrary.Interfarces.ILdapUser LDAPLibrary.StaticClasses.LdapUserUtils::&lt;ConvertToLdapUsers&gt;b__0(System.DirectoryServices.Protocols.SearchResultEntry)</Name>
              <FileRef uid="65" />
              <SequencePoints>
                <SequencePoint vc="0" uspid="1569" ordinal="0" offset="0" sl="30" sc="102" el="30" ec="131" bec="0" bev="0" fileid="65" />
              </SequencePoints>
              <BranchPoints />
              <MethodPoint xsi:type="SequencePoint" vc="0" uspid="1569" ordinal="0" offset="0" sl="30" sc="102" el="30" ec="131" bec="0" bev="0" fileid="65" />
            </Method>
          </Methods>
        </Class>
      </Classes>
    </Module>
    <Module skippedDueTo="Filter" hash="56-78-FC-2A-D1-E9-92-34-51-52-EB-C3-D0-DC-F7-11-27-76-72-E4">
      <ModulePath>C:\WINDOWS\Microsoft.Net\assembly\GAC_MSIL\System\v4.0_4.0.0.0__b77a5c561934e089\System.dll</ModulePath>
      <ModuleTime>2015-07-10T11:01:15.9562983Z</ModuleTime>
      <ModuleName>System</ModuleName>
      <Classes />
    </Module>
    <Module skippedDueTo="Filter" hash="F2-AE-6A-FF-6D-90-B0-2D-DC-74-AD-F8-5A-48-B4-35-01-4D-5B-36">
      <ModulePath>C:\WINDOWS\Microsoft.Net\assembly\GAC_MSIL\System.Core\v4.0_4.0.0.0__b77a5c561934e089\System.Core.dll</ModulePath>
      <ModuleTime>2015-07-10T11:01:17.3314154Z</ModuleTime>
      <ModuleName>System.Core</ModuleName>
      <Classes />
    </Module>
    <Module skippedDueTo="MissingPdb" hash="65-84-09-3F-3D-4A-20-11-0F-F8-41-12-52-55-82-3D-5F-C7-91-15">
      <ModulePath>C:\WINDOWS\assembly\GAC_MSIL\Microsoft.VisualStudio.QualityTools.AgentProcessManager\12.0.0.0__b03f5f7f11d50a3a\Microsoft.VisualStudio.QualityTools.AgentProcessManager.dll</ModulePath>
      <ModuleTime>2015-10-08T08:42:55.5203845Z</ModuleTime>
      <ModuleName>Microsoft.VisualStudio.QualityTools.AgentProcessManager</ModuleName>
      <Classes />
    </Module>
    <Module skippedDueTo="MissingPdb" hash="BF-6C-85-48-0A-74-60-89-2C-DB-0A-4D-BF-E3-85-68-0D-08-CD-10">
      <ModulePath>C:\WINDOWS\assembly\GAC_MSIL\Microsoft.VisualStudio.QualityTools.DataCollectionAgentObject\12.0.0.0__b03f5f7f11d50a3a\Microsoft.VisualStudio.QualityTools.DataCollectionAgentObject.dll</ModulePath>
      <ModuleTime>2015-10-08T08:42:56.4734887Z</ModuleTime>
      <ModuleName>Microsoft.VisualStudio.QualityTools.DataCollectionAgentObject</ModuleName>
      <Classes />
    </Module>
    <Module skippedDueTo="MissingPdb" hash="10-BE-EA-30-C3-00-88-66-22-63-D4-22-A3-D9-F5-78-73-56-91-07">
      <ModulePath>C:\WINDOWS\assembly\GAC_MSIL\Microsoft.VisualStudio.QualityTools.Common\12.0.0.0__b03f5f7f11d50a3a\Microsoft.VisualStudio.QualityTools.Common.dll</ModulePath>
      <ModuleTime>2015-10-15T15:24:50.4257213Z</ModuleTime>
      <ModuleName>Microsoft.VisualStudio.QualityTools.Common</ModuleName>
      <Classes />
    </Module>
    <Module skippedDueTo="MissingPdb" hash="C2-C1-8F-47-58-BB-5C-12-6A-16-A6-86-AB-70-8D-11-49-3A-AA-64">
      <ModulePath>C:\WINDOWS\assembly\GAC_MSIL\Microsoft.VisualStudio.QualityTools.AgentObject\12.0.0.0__b03f5f7f11d50a3a\Microsoft.VisualStudio.QualityTools.AgentObject.dll</ModulePath>
      <ModuleTime>2015-10-08T08:42:55.2703727Z</ModuleTime>
      <ModuleName>Microsoft.VisualStudio.QualityTools.AgentObject</ModuleName>
      <Classes />
    </Module>
    <Module skippedDueTo="MissingPdb" hash="6C-F3-21-D3-55-B9-65-8F-79-5C-94-83-2B-55-5B-61-F1-44-E2-3D">
      <ModulePath>C:\WINDOWS\assembly\GAC_MSIL\Microsoft.VisualStudio.QualityTools.ExecutionCommon\12.0.0.0__b03f5f7f11d50a3a\Microsoft.VisualStudio.QualityTools.ExecutionCommon.dll</ModulePath>
      <ModuleTime>2015-10-08T08:42:56.7391399Z</ModuleTime>
      <ModuleName>Microsoft.VisualStudio.QualityTools.ExecutionCommon</ModuleName>
      <Classes />
    </Module>
    <Module skippedDueTo="MissingPdb" hash="5D-4B-76-CA-B8-70-4D-26-A3-95-E9-EB-A9-4B-C4-42-8D-66-57-63">
      <ModulePath>C:\WINDOWS\assembly\GAC_MSIL\Microsoft.VisualStudio.QualityTools.Tips.UnitTest.Adapter\12.0.0.0__b03f5f7f11d50a3a\Microsoft.VisualStudio.QualityTools.Tips.UnitTest.Adapter.dll</ModulePath>
      <ModuleTime>2015-10-08T08:42:57.7234807Z</ModuleTime>
      <ModuleName>Microsoft.VisualStudio.QualityTools.Tips.UnitTest.Adapter</ModuleName>
      <Classes />
    </Module>
    <Module skippedDueTo="MissingPdb" hash="DC-BB-C1-4C-4A-D0-77-C4-51-72-1D-4B-6E-68-F2-31-AA-61-44-D3">
      <ModulePath>C:\Program Files (x86)\Microsoft Visual Studio 12.0\Common7\IDE\PrivateAssemblies\DataCollectors\Microsoft.VisualStudio.PerformanceTools.DataCollection.dll</ModulePath>
      <ModuleTime>2013-10-05T00:38:22Z</ModuleTime>
      <ModuleName>Microsoft.VisualStudio.PerformanceTools.DataCollection</ModuleName>
      <Classes />
    </Module>
    <Module skippedDueTo="Filter" hash="47-8C-43-31-71-B0-BB-41-2A-B5-C6-51-E3-1F-6F-4B-33-F6-1B-98">
      <ModulePath>C:\WINDOWS\Microsoft.Net\assembly\GAC_MSIL\System.DirectoryServices.Protocols\v4.0_4.0.0.0__b03f5f7f11d50a3a\System.DirectoryServices.Protocols.dll</ModulePath>
      <ModuleTime>2015-10-08T09:23:00.6595981Z</ModuleTime>
      <ModuleName>System.DirectoryServices.Protocols</ModuleName>
      <Classes />
    </Module>
    <Module skippedDueTo="MissingPdb" hash="CC-AD-CE-97-BB-09-2E-35-3A-97-80-5F-28-9B-D3-1D-A6-28-CC-2D">
      <ModulePath>C:\Program Files (x86)\Microsoft Visual Studio 12.0\Common7\IDE\PrivateAssemblies\DataCollectors\Microsoft.VisualStudio.PerformanceTools.DataCollection.Editor.dll</ModulePath>
      <ModuleTime>2013-10-05T00:38:22Z</ModuleTime>
      <ModuleName>Microsoft.VisualStudio.PerformanceTools.DataCollection.Editor</ModuleName>
      <Classes />
    </Module>
    <Module skippedDueTo="Filter" hash="08-79-9B-DC-1D-63-9E-D9-6B-E1-DA-3E-66-36-A5-C7-B6-9C-F1-41">
      <ModulePath>C:\WINDOWS\Microsoft.Net\assembly\GAC_MSIL\System.Windows.Forms\v4.0_4.0.0.0__b77a5c561934e089\System.Windows.Forms.dll</ModulePath>
      <ModuleTime>2015-07-10T11:01:15.8937926Z</ModuleTime>
      <ModuleName>System.Windows.Forms</ModuleName>
      <Classes />
    </Module>
    <Module skippedDueTo="Filter" hash="08-B5-A7-5C-7D-70-75-12-11-B9-E8-36-9A-C7-62-A0-12-5F-B5-D6">
      <ModulePath>C:\WINDOWS\Microsoft.Net\assembly\GAC_MSIL\System.Drawing\v4.0_4.0.0.0__b03f5f7f11d50a3a\System.Drawing.dll</ModulePath>
      <ModuleTime>2016-01-31T03:05:39.4583679Z</ModuleTime>
      <ModuleName>System.Drawing</ModuleName>
      <Classes />
    </Module>
    <Module skippedDueTo="MissingPdb" hash="95-F5-F0-2B-4A-8F-27-1C-6E-72-F8-87-27-0D-53-FB-B2-6C-9E-79">
      <ModulePath>C:\Program Files (x86)\Microsoft Visual Studio 12.0\Common7\IDE\PrivateAssemblies\DataCollectors\VSPerfControl.Interop.dll</ModulePath>
      <ModuleTime>2013-10-05T00:38:22Z</ModuleTime>
      <ModuleName>VSPerfControl.Interop</ModuleName>
      <Classes />
    </Module>
    <Module skippedDueTo="Filter" hash="4F-56-9E-DC-3C-6E-6C-94-D8-DE-B2-8A-A2-45-42-70-B1-FF-D3-C0">
      <ModulePath>C:\WINDOWS\Microsoft.Net\assembly\GAC_MSIL\System.DirectoryServices\v4.0_4.0.0.0__b03f5f7f11d50a3a\System.DirectoryServices.dll</ModulePath>
      <ModuleTime>2015-07-10T11:01:14.5968067Z</ModuleTime>
      <ModuleName>System.DirectoryServices</ModuleName>
      <Classes />
    </Module>
  </Modules>
</CoverageSession>