<?xml version="1.0" encoding="UTF-8"?>
<TestRun id="119b2706-be2a-4cd9-bd1b-4c7c65d39015" name="Enrico Benini@BENINI 2016-02-19 11:48:14" runUser="benini\Enrico Benini" xmlns="http://microsoft.com/schemas/VisualStudio/TeamTest/2010">
  <TestSettings name="Default Test Settings" id="dd99e8f5-0b78-4cff-8ebb-65fc9179d5da">
    <Execution>
      <TestTypeSpecific />
      <AgentRule name="Execution Agents">
      </AgentRule>
    </Execution>
    <Deployment runDeploymentRoot="Enrico Benini_BENINI 2016-02-19 11_48_14" />
    <Properties />
  </TestSettings>
  <Times creation="2016-02-19T11:48:14.5678181+01:00" queuing="2016-02-19T11:48:14.9181525+01:00" start="2016-02-19T11:48:15.0012318+01:00" finish="2016-02-19T11:48:15.4430812+01:00" />
  <ResultSummary outcome="Failed">
    <Counters total="121" executed="121" passed="95" error="0" failed="26" timeout="0" aborted="0" inconclusive="0" passedButRunAborted="0" notRunnable="0" notExecuted="0" disconnected="0" warning="0" completed="0" inProgress="0" pending="0" />
  </ResultSummary>
  <TestDefinitions>
    <UnitTest name="TestCreateUser" storage="ldaplibraryunittest\bin\debug\ldaplibraryunittest.dll" id="a547eeac-07cb-5fa1-84ca-a54391e83e55">
      <Execution timeOut="1800000" id="b71ea330-9986-4f14-9f71-9e867c3600a3" />
      <TestCategory>
        <TestCategoryItem TestCategory="LDAPLibrary Test Write Permissions" />
      </TestCategory>
      <TestMethod codeBase="C:/work/LDAP-Library/LDAPLibraryUnitTest/bin/Debug/LDAPLibraryUnitTest.dll" adapterTypeName="Microsoft.VisualStudio.TestTools.TestTypes.Unit.UnitTestAdapter, Microsoft.VisualStudio.QualityTools.Tips.UnitTest.Adapter, Version=12.0.0.0, Culture=neutral, PublicKeyToken=b03f5f7f11d50a3a" className="LDAP_Library_UnitTest.localhost.LocalhostEnvironment, LDAPLibraryUnitTest, Version=3.3.5815.26081, Culture=neutral, PublicKeyToken=null" name="TestCreateUser" />
    </UnitTest>
    <UnitTest name="BasicConfigNoAdmin_LDAPAdminMode_Admin" storage="ldaplibraryunittest\bin\debug\ldaplibraryunittest.dll" id="ea723766-03bb-bbab-f5c5-f07e4c8666c7">
      <Execution timeOut="1800000" id="e36fc730-1252-42ea-86a5-b22d83e9322f" />
      <TestCategory>
        <TestCategoryItem TestCategory="configRepository Exceptions" />
      </TestCategory>
      <TestMethod codeBase="C:/work/LDAP-Library/LDAPLibraryUnitTest/bin/Debug/LDAPLibraryUnitTest.dll" adapterTypeName="Microsoft.VisualStudio.TestTools.TestTypes.Unit.UnitTestAdapter, Microsoft.VisualStudio.QualityTools.Tips.UnitTest.Adapter, Version=12.0.0.0, Culture=neutral, PublicKeyToken=b03f5f7f11d50a3a" className="LDAP_Library_UnitTest.LdapConfigRepositoryUnitTests, LDAPLibraryUnitTest, Version=3.3.5815.26081, Culture=neutral, PublicKeyToken=null" name="BasicConfigNoAdmin_LDAPAdminMode_Admin" />
    </UnitTest>
    <UnitTest name="GetLdapUserManipulator" storage="ldaplibraryunittest\bin\debug\ldaplibraryunittest.dll" id="e7a2d511-5b80-518e-02fa-7a98868396d9">
      <Execution timeOut="1800000" id="a9ce5b00-6e5b-456e-83bd-ac9b3be986cc" />
      <TestCategory>
        <TestCategoryItem TestCategory="LdapUserManipulatorFactory" />
      </TestCategory>
      <TestMethod codeBase="C:/work/LDAP-Library/LDAPLibraryUnitTest/bin/Debug/LDAPLibraryUnitTest.dll" adapterTypeName="Microsoft.VisualStudio.TestTools.TestTypes.Unit.UnitTestAdapter, Microsoft.VisualStudio.QualityTools.Tips.UnitTest.Adapter, Version=12.0.0.0, Culture=neutral, PublicKeyToken=b03f5f7f11d50a3a" className="LDAP_Library_UnitTest.LdapUserManipulatorFactoryUnitTests, LDAPLibraryUnitTest, Version=3.3.5815.26081, Culture=neutral, PublicKeyToken=null" name="GetLdapUserManipulator" />
    </UnitTest>
    <UnitTest name="TestFileLogWrite" storage="ldaplibraryunittest\bin\debug\ldaplibraryunittest.dll" id="90d9a038-964a-6075-22c0-9ba0c54220cf">
      <Execution timeOut="1800000" id="81fc916c-fc0d-4722-94fe-64265b3ca1a2" />
      <TestCategory>
        <TestCategoryItem TestCategory="FileLogger" />
      </TestCategory>
      <TestMethod codeBase="C:/work/LDAP-Library/LDAPLibraryUnitTest/bin/Debug/LDAPLibraryUnitTest.dll" adapterTypeName="Microsoft.VisualStudio.TestTools.TestTypes.Unit.UnitTestAdapter, Microsoft.VisualStudio.QualityTools.Tips.UnitTest.Adapter, Version=12.0.0.0, Culture=neutral, PublicKeyToken=b03f5f7f11d50a3a" className="LDAP_Library_UnitTest.LoggerUnitTests.FileLoggerAndALoggerUnitTests, LDAPLibraryUnitTest, Version=3.3.5815.26081, Culture=neutral, PublicKeyToken=null" name="TestFileLogWrite" />
    </UnitTest>
    <UnitTest name="GetUserDn" storage="ldaplibraryunittest\bin\debug\ldaplibraryunittest.dll" id="9c1aebdc-76c8-7841-6aa8-08758f74fc9d">
      <Execution timeOut="1800000" id="a3ffd9b2-4fe1-4197-827d-ceee5d61071a" />
      <TestCategory>
        <TestCategoryItem TestCategory="LDAPUser Getter" />
      </TestCategory>
      <TestMethod codeBase="C:/work/LDAP-Library/LDAPLibraryUnitTest/bin/Debug/LDAPLibraryUnitTest.dll" adapterTypeName="Microsoft.VisualStudio.TestTools.TestTypes.Unit.UnitTestAdapter, Microsoft.VisualStudio.QualityTools.Tips.UnitTest.Adapter, Version=12.0.0.0, Culture=neutral, PublicKeyToken=b03f5f7f11d50a3a" className="LDAP_Library_UnitTest.LdapUserUnitTests, LDAPLibraryUnitTest, Version=3.3.5815.26081, Culture=neutral, PublicKeyToken=null" name="GetUserDn" />
    </UnitTest>
    <UnitTest name="TestCompleteInitLibraryNoCertificatePathNotRequired" storage="ldaplibraryunittest\bin\debug\ldaplibraryunittest.dll" id="ebf06fa7-3763-5c81-a801-d465770a6bb7">
      <Execution timeOut="1800000" id="23ef6fa3-0792-4a59-b0a4-214f77f5ca08" />
      <TestCategory>
        <TestCategoryItem TestCategory="LDAPLibrary Test Init" />
      </TestCategory>
      <TestMethod codeBase="C:/work/LDAP-Library/LDAPLibraryUnitTest/bin/Debug/LDAPLibraryUnitTest.dll" adapterTypeName="Microsoft.VisualStudio.TestTools.TestTypes.Unit.UnitTestAdapter, Microsoft.VisualStudio.QualityTools.Tips.UnitTest.Adapter, Version=12.0.0.0, Culture=neutral, PublicKeyToken=b03f5f7f11d50a3a" className="LDAP_Library_UnitTest.localhost.LocalhostEnvironmentInitTest, LDAPLibraryUnitTest, Version=3.3.5815.26081, Culture=neutral, PublicKeyToken=null" name="TestCompleteInitLibraryNoCertificatePathNotRequired" />
    </UnitTest>
    <UnitTest name="TestCompleteInitLibrary" storage="ldaplibraryunittest\bin\debug\ldaplibraryunittest.dll" id="53b55fa9-4f60-2366-bc54-8deaa69e9fc7">
      <Execution timeOut="1800000" id="eaaf5eea-b7ee-4155-908c-e8b1081f4d85" />
      <TestCategory>
        <TestCategoryItem TestCategory="LDAPLibrary Test Init" />
      </TestCategory>
      <TestMethod codeBase="C:/work/LDAP-Library/LDAPLibraryUnitTest/bin/Debug/LDAPLibraryUnitTest.dll" adapterTypeName="Microsoft.VisualStudio.TestTools.TestTypes.Unit.UnitTestAdapter, Microsoft.VisualStudio.QualityTools.Tips.UnitTest.Adapter, Version=12.0.0.0, Culture=neutral, PublicKeyToken=b03f5f7f11d50a3a" className="LDAP_Library_UnitTest.localhost.LocalhostEnvironment, LDAPLibraryUnitTest, Version=3.3.5815.26081, Culture=neutral, PublicKeyToken=null" name="TestCompleteInitLibrary" />
    </UnitTest>
    <UnitTest name="CreateUserAttributeList" storage="ldaplibraryunittest\bin\debug\ldaplibraryunittest.dll" id="a294d636-f843-1649-3c33-12db53b4d0b9">
      <Execution timeOut="1800000" id="55f8f71a-6a55-47ae-b313-729856a652e9" />
      <TestCategory>
        <TestCategoryItem TestCategory="LDAPUser Operations" />
      </TestCategory>
      <TestMethod codeBase="C:/work/LDAP-Library/LDAPLibraryUnitTest/bin/Debug/LDAPLibraryUnitTest.dll" adapterTypeName="Microsoft.VisualStudio.TestTools.TestTypes.Unit.UnitTestAdapter, Microsoft.VisualStudio.QualityTools.Tips.UnitTest.Adapter, Version=12.0.0.0, Culture=neutral, PublicKeyToken=b03f5f7f11d50a3a" className="LDAP_Library_UnitTest.LdapUserUnitTests, LDAPLibraryUnitTest, Version=3.3.5815.26081, Culture=neutral, PublicKeyToken=null" name="CreateUserAttributeList" />
    </UnitTest>
    <UnitTest name="TestChangeUserPassword" storage="ldaplibraryunittest\bin\debug\ldaplibraryunittest.dll" id="71dd5099-dd4c-d797-642a-cc10553e592a">
      <Execution timeOut="1800000" id="0c7807b8-1b4d-4de8-a581-6c1f21e446b3" />
      <TestCategory>
        <TestCategoryItem TestCategory="LDAPLibrary Test Write Permissions" />
      </TestCategory>
      <TestMethod codeBase="C:/work/LDAP-Library/LDAPLibraryUnitTest/bin/Debug/LDAPLibraryUnitTest.dll" adapterTypeName="Microsoft.VisualStudio.TestTools.TestTypes.Unit.UnitTestAdapter, Microsoft.VisualStudio.QualityTools.Tips.UnitTest.Adapter, Version=12.0.0.0, Culture=neutral, PublicKeyToken=b03f5f7f11d50a3a" className="LDAP_Library_UnitTest.localhost.LocalhostEnvironment, LDAPLibraryUnitTest, Version=3.3.5815.26081, Culture=neutral, PublicKeyToken=null" name="TestChangeUserPassword" />
    </UnitTest>
    <UnitTest name="BasicConfigNoAdmin_LDAPAdminMode_NoAdmin" storage="ldaplibraryunittest\bin\debug\ldaplibraryunittest.dll" id="2570af5a-a0e3-5e00-0b9d-5dc2f082dd1f">
      <Execution timeOut="1800000" id="99910160-5d29-42cb-9d5c-018acc88b3cc" />
      <TestCategory>
        <TestCategoryItem TestCategory="configRepository no Exception" />
      </TestCategory>
      <TestMethod codeBase="C:/work/LDAP-Library/LDAPLibraryUnitTest/bin/Debug/LDAPLibraryUnitTest.dll" adapterTypeName="Microsoft.VisualStudio.TestTools.TestTypes.Unit.UnitTestAdapter, Microsoft.VisualStudio.QualityTools.Tips.UnitTest.Adapter, Version=12.0.0.0, Culture=neutral, PublicKeyToken=b03f5f7f11d50a3a" className="LDAP_Library_UnitTest.LdapConfigRepositoryUnitTests, LDAPLibraryUnitTest, Version=3.3.5815.26081, Culture=neutral, PublicKeyToken=null" name="BasicConfigNoAdmin_LDAPAdminMode_NoAdmin" />
    </UnitTest>
    <UnitTest name="CompleteConfigNoAdmin_LDAPAdminMode_Admin" storage="ldaplibraryunittest\bin\debug\ldaplibraryunittest.dll" id="37863920-74b7-a35c-3209-0627039e5297">
      <Execution timeOut="1800000" id="fd35b91d-ff71-4910-9377-c5e6a5945c67" />
      <TestCategory>
        <TestCategoryItem TestCategory="configRepository Exceptions" />
      </TestCategory>
      <TestMethod codeBase="C:/work/LDAP-Library/LDAPLibraryUnitTest/bin/Debug/LDAPLibraryUnitTest.dll" adapterTypeName="Microsoft.VisualStudio.TestTools.TestTypes.Unit.UnitTestAdapter, Microsoft.VisualStudio.QualityTools.Tips.UnitTest.Adapter, Version=12.0.0.0, Culture=neutral, PublicKeyToken=b03f5f7f11d50a3a" className="LDAP_Library_UnitTest.LdapConfigRepositoryUnitTests, LDAPLibraryUnitTest, Version=3.3.5815.26081, Culture=neutral, PublicKeyToken=null" name="CompleteConfigNoAdmin_LDAPAdminMode_Admin" />
    </UnitTest>
    <UnitTest name="TestCompleteInitLibraryNoServer" storage="ldaplibraryunittest\bin\debug\ldaplibraryunittest.dll" id="6fd90505-dc98-38dc-0267-8d0bf210f9ec">
      <Execution timeOut="1800000" id="4ca2ce26-5439-4b39-b0a0-fb40ef651301" />
      <TestCategory>
        <TestCategoryItem TestCategory="LDAPLibrary Test Init" />
      </TestCategory>
      <TestMethod codeBase="C:/work/LDAP-Library/LDAPLibraryUnitTest/bin/Debug/LDAPLibraryUnitTest.dll" adapterTypeName="Microsoft.VisualStudio.TestTools.TestTypes.Unit.UnitTestAdapter, Microsoft.VisualStudio.QualityTools.Tips.UnitTest.Adapter, Version=12.0.0.0, Culture=neutral, PublicKeyToken=b03f5f7f11d50a3a" className="LDAP_Library_UnitTest.localhost.LocalhostEnvironmentInitTest, LDAPLibraryUnitTest, Version=3.3.5815.26081, Culture=neutral, PublicKeyToken=null" name="TestCompleteInitLibraryNoServer" />
    </UnitTest>
    <UnitTest name="TestCompleteInitLibraryNoSearchBaseDn" storage="ldaplibraryunittest\bin\debug\ldaplibraryunittest.dll" id="1ba02c6a-26f9-3fa4-06c9-22e6382668c2">
      <Execution timeOut="1800000" id="f0bbaa82-3388-4894-9193-50d6e5f7f6fd" />
      <TestCategory>
        <TestCategoryItem TestCategory="LDAPLibrary Test Init" />
      </TestCategory>
      <TestMethod codeBase="C:/work/LDAP-Library/LDAPLibraryUnitTest/bin/Debug/LDAPLibraryUnitTest.dll" adapterTypeName="Microsoft.VisualStudio.TestTools.TestTypes.Unit.UnitTestAdapter, Microsoft.VisualStudio.QualityTools.Tips.UnitTest.Adapter, Version=12.0.0.0, Culture=neutral, PublicKeyToken=b03f5f7f11d50a3a" className="LDAP_Library_UnitTest.localhost.LocalhostEnvironmentInitTest, LDAPLibraryUnitTest, Version=3.3.5815.26081, Culture=neutral, PublicKeyToken=null" name="TestCompleteInitLibraryNoSearchBaseDn" />
    </UnitTest>
    <UnitTest name="OverwriteUserAttributeSingleNotExist" storage="ldaplibraryunittest\bin\debug\ldaplibraryunittest.dll" id="0faa3b7f-1393-09ee-f916-73f93f0225e1">
      <Execution timeOut="1800000" id="72c777ee-1d64-4de4-a540-72cf8fa381e1" />
      <TestCategory>
        <TestCategoryItem TestCategory="LDAPUser Operations" />
      </TestCategory>
      <TestMethod codeBase="C:/work/LDAP-Library/LDAPLibraryUnitTest/bin/Debug/LDAPLibraryUnitTest.dll" adapterTypeName="Microsoft.VisualStudio.TestTools.TestTypes.Unit.UnitTestAdapter, Microsoft.VisualStudio.QualityTools.Tips.UnitTest.Adapter, Version=12.0.0.0, Culture=neutral, PublicKeyToken=b03f5f7f11d50a3a" className="LDAP_Library_UnitTest.LdapUserUnitTests, LDAPLibraryUnitTest, Version=3.3.5815.26081, Culture=neutral, PublicKeyToken=null" name="OverwriteUserAttributeSingleNotExist" />
    </UnitTest>
    <UnitTest name="LoggerFactoryFileLogger" storage="ldaplibraryunittest\bin\debug\ldaplibraryunittest.dll" id="2c8ab603-b8d5-1f27-b3fc-eae5c82bf23b">
      <Execution timeOut="1800000" id="c4d75031-f155-4fb5-a42e-d674bf546be8" />
      <TestCategory>
        <TestCategoryItem TestCategory="LoggerFactoryFileLogger" />
      </TestCategory>
      <TestMethod codeBase="C:/work/LDAP-Library/LDAPLibraryUnitTest/bin/Debug/LDAPLibraryUnitTest.dll" adapterTypeName="Microsoft.VisualStudio.TestTools.TestTypes.Unit.UnitTestAdapter, Microsoft.VisualStudio.QualityTools.Tips.UnitTest.Adapter, Version=12.0.0.0, Culture=neutral, PublicKeyToken=b03f5f7f11d50a3a" className="LDAP_Library_UnitTest.LoggerFactoryUnitTests, LDAPLibraryUnitTest, Version=3.3.5815.26081, Culture=neutral, PublicKeyToken=null" name="LoggerFactoryFileLogger" />
    </UnitTest>
    <UnitTest name="CreateUserAttributeSingle" storage="ldaplibraryunittest\bin\debug\ldaplibraryunittest.dll" id="b11544ec-16f6-a54d-4ac0-84d410728030">
      <Execution timeOut="1800000" id="13135204-0f84-4324-8e2b-27a4febb1b66" />
      <TestCategory>
        <TestCategoryItem TestCategory="LDAPUser Operations" />
      </TestCategory>
      <TestMethod codeBase="C:/work/LDAP-Library/LDAPLibraryUnitTest/bin/Debug/LDAPLibraryUnitTest.dll" adapterTypeName="Microsoft.VisualStudio.TestTools.TestTypes.Unit.UnitTestAdapter, Microsoft.VisualStudio.QualityTools.Tips.UnitTest.Adapter, Version=12.0.0.0, Culture=neutral, PublicKeyToken=b03f5f7f11d50a3a" className="LDAP_Library_UnitTest.LdapUserUnitTests, LDAPLibraryUnitTest, Version=3.3.5815.26081, Culture=neutral, PublicKeyToken=null" name="CreateUserAttributeSingle" />
    </UnitTest>
    <UnitTest name="TestCompleteInitLibraryNoLogPath_None" storage="ldaplibraryunittest\bin\debug\ldaplibraryunittest.dll" id="e689c156-1c7e-4b31-8a6c-6372765d86ea">
      <Execution timeOut="1800000" id="6bfb618d-e62c-484d-adab-c2085afe47a9" />
      <TestCategory>
        <TestCategoryItem TestCategory="LDAPLibrary Test Init" />
      </TestCategory>
      <TestMethod codeBase="C:/work/LDAP-Library/LDAPLibraryUnitTest/bin/Debug/LDAPLibraryUnitTest.dll" adapterTypeName="Microsoft.VisualStudio.TestTools.TestTypes.Unit.UnitTestAdapter, Microsoft.VisualStudio.QualityTools.Tips.UnitTest.Adapter, Version=12.0.0.0, Culture=neutral, PublicKeyToken=b03f5f7f11d50a3a" className="LDAP_Library_UnitTest.localhost.LocalhostEnvironmentInitTest, LDAPLibraryUnitTest, Version=3.3.5815.26081, Culture=neutral, PublicKeyToken=null" name="TestCompleteInitLibraryNoLogPath_None" />
    </UnitTest>
    <UnitTest name="TestSearchUser" storage="ldaplibraryunittest\bin\debug\ldaplibraryunittest.dll" id="36f7e929-32ac-5326-68fe-93bf486dc2ba">
      <Execution timeOut="1800000" id="78a7cb76-310e-4539-9821-0182dccfad08" />
      <TestCategory>
        <TestCategoryItem TestCategory="LDAPLibrary Test Read Permissions" />
      </TestCategory>
      <TestMethod codeBase="C:/work/LDAP-Library/LDAPLibraryUnitTest/bin/Debug/LDAPLibraryUnitTest.dll" adapterTypeName="Microsoft.VisualStudio.TestTools.TestTypes.Unit.UnitTestAdapter, Microsoft.VisualStudio.QualityTools.Tips.UnitTest.Adapter, Version=12.0.0.0, Culture=neutral, PublicKeyToken=b03f5f7f11d50a3a" className="LDAP_Library_UnitTest.localhost.LocalhostEnvironment, LDAPLibraryUnitTest, Version=3.3.5815.26081, Culture=neutral, PublicKeyToken=null" name="TestSearchUser" />
    </UnitTest>
    <UnitTest name="TestUserConnectWithoutWritePermissions" storage="ldaplibraryunittest\bin\debug\ldaplibraryunittest.dll" id="8ee2fbdc-3601-c19f-2611-4ad0b59baf39">
      <Execution timeOut="1800000" id="2ba1364b-7b97-4b50-8b8f-aa39d0f677e9" />
      <TestCategory>
        <TestCategoryItem TestCategory="LDAPLibrary Test Read Permissions" />
      </TestCategory>
      <TestMethod codeBase="C:/work/LDAP-Library/LDAPLibraryUnitTest/bin/Debug/LDAPLibraryUnitTest.dll" adapterTypeName="Microsoft.VisualStudio.TestTools.TestTypes.Unit.UnitTestAdapter, Microsoft.VisualStudio.QualityTools.Tips.UnitTest.Adapter, Version=12.0.0.0, Culture=neutral, PublicKeyToken=b03f5f7f11d50a3a" className="LDAP_Library_UnitTest.localhost.LocalhostEnvironment, LDAPLibraryUnitTest, Version=3.3.5815.26081, Culture=neutral, PublicKeyToken=null" name="TestUserConnectWithoutWritePermissions" />
    </UnitTest>
    <UnitTest name="TestStandardInitLibraryNologPath_EventViewer" storage="ldaplibraryunittest\bin\debug\ldaplibraryunittest.dll" id="ef5d0e32-ac76-ac5f-eb68-929fd7a6d629">
      <Execution timeOut="1800000" id="819a1af7-27a0-46a0-b738-9ba2eb4d6eeb" />
      <TestCategory>
        <TestCategoryItem TestCategory="LDAPLibrary Test Init" />
      </TestCategory>
      <TestMethod codeBase="C:/work/LDAP-Library/LDAPLibraryUnitTest/bin/Debug/LDAPLibraryUnitTest.dll" adapterTypeName="Microsoft.VisualStudio.TestTools.TestTypes.Unit.UnitTestAdapter, Microsoft.VisualStudio.QualityTools.Tips.UnitTest.Adapter, Version=12.0.0.0, Culture=neutral, PublicKeyToken=b03f5f7f11d50a3a" className="LDAP_Library_UnitTest.localhost.LocalhostEnvironmentInitTest, LDAPLibraryUnitTest, Version=3.3.5815.26081, Culture=neutral, PublicKeyToken=null" name="TestStandardInitLibraryNologPath_EventViewer" />
    </UnitTest>
    <UnitTest name="TestCompleteInitLibraryNoAdmin_LDAPAdminMode_Admin" storage="ldaplibraryunittest\bin\debug\ldaplibraryunittest.dll" id="261b5a9f-f85f-8e33-d273-d90304eb687c">
      <Execution timeOut="1800000" id="1a0ce558-f15b-4cd4-98b1-a77190fb0e73" />
      <TestCategory>
        <TestCategoryItem TestCategory="LDAPLibrary Test Init" />
      </TestCategory>
      <TestMethod codeBase="C:/work/LDAP-Library/LDAPLibraryUnitTest/bin/Debug/LDAPLibraryUnitTest.dll" adapterTypeName="Microsoft.VisualStudio.TestTools.TestTypes.Unit.UnitTestAdapter, Microsoft.VisualStudio.QualityTools.Tips.UnitTest.Adapter, Version=12.0.0.0, Culture=neutral, PublicKeyToken=b03f5f7f11d50a3a" className="LDAP_Library_UnitTest.localhost.LocalhostEnvironmentInitTest, LDAPLibraryUnitTest, Version=3.3.5815.26081, Culture=neutral, PublicKeyToken=null" name="TestCompleteInitLibraryNoAdmin_LDAPAdminMode_Admin" />
    </UnitTest>
    <UnitTest name="LdapLibraryInitError" storage="ldaplibraryunittest\bin\debug\ldaplibraryunittest.dll" id="96198eef-975a-a3a9-77e5-bccb56113939">
      <Execution timeOut="1800000" id="5a0d0141-7467-48a9-8aba-015483569e14" />
      <TestCategory>
        <TestCategoryItem TestCategory="FileLogger" />
      </TestCategory>
      <TestMethod codeBase="C:/work/LDAP-Library/LDAPLibraryUnitTest/bin/Debug/LDAPLibraryUnitTest.dll" adapterTypeName="Microsoft.VisualStudio.TestTools.TestTypes.Unit.UnitTestAdapter, Microsoft.VisualStudio.QualityTools.Tips.UnitTest.Adapter, Version=12.0.0.0, Culture=neutral, PublicKeyToken=b03f5f7f11d50a3a" className="LDAP_Library_UnitTest.LoggerUnitTests.FileLoggerAndALoggerUnitTests, LDAPLibraryUnitTest, Version=3.3.5815.26081, Culture=neutral, PublicKeyToken=null" name="LdapLibraryInitError" />
    </UnitTest>
    <UnitTest name="OverwriteUserAttributeSingle" storage="ldaplibraryunittest\bin\debug\ldaplibraryunittest.dll" id="6ea79408-e91e-fc4a-068c-0a9e1ee260d9">
      <Execution timeOut="1800000" id="67306aa3-afdb-422c-9b3c-b5e810627825" />
      <TestCategory>
        <TestCategoryItem TestCategory="LDAPUser Operations" />
      </TestCategory>
      <TestMethod codeBase="C:/work/LDAP-Library/LDAPLibraryUnitTest/bin/Debug/LDAPLibraryUnitTest.dll" adapterTypeName="Microsoft.VisualStudio.TestTools.TestTypes.Unit.UnitTestAdapter, Microsoft.VisualStudio.QualityTools.Tips.UnitTest.Adapter, Version=12.0.0.0, Culture=neutral, PublicKeyToken=b03f5f7f11d50a3a" className="LDAP_Library_UnitTest.LdapUserUnitTests, LDAPLibraryUnitTest, Version=3.3.5815.26081, Culture=neutral, PublicKeyToken=null" name="OverwriteUserAttributeSingle" />
    </UnitTest>
    <UnitTest name="DeleteUserAttributeValueNotExist" storage="ldaplibraryunittest\bin\debug\ldaplibraryunittest.dll" id="d2f06f45-3ed1-f57e-ef62-cf22fd6ac98c">
      <Execution timeOut="1800000" id="9cc7f807-361f-4c0e-83d8-ea8076917110" />
      <TestCategory>
        <TestCategoryItem TestCategory="LDAPUser Operations" />
      </TestCategory>
      <TestMethod codeBase="C:/work/LDAP-Library/LDAPLibraryUnitTest/bin/Debug/LDAPLibraryUnitTest.dll" adapterTypeName="Microsoft.VisualStudio.TestTools.TestTypes.Unit.UnitTestAdapter, Microsoft.VisualStudio.QualityTools.Tips.UnitTest.Adapter, Version=12.0.0.0, Culture=neutral, PublicKeyToken=b03f5f7f11d50a3a" className="LDAP_Library_UnitTest.LdapUserUnitTests, LDAPLibraryUnitTest, Version=3.3.5815.26081, Culture=neutral, PublicKeyToken=null" name="DeleteUserAttributeValueNotExist" />
    </UnitTest>
    <UnitTest name="FileLoggerNotExistPath" storage="ldaplibraryunittest\bin\debug\ldaplibraryunittest.dll" id="c6c26ce4-af7a-cf68-a800-9fdc836c8312">
      <Execution timeOut="1800000" id="2ecb11c3-0411-490b-8a5b-36932689e88e" />
      <TestCategory>
        <TestCategoryItem TestCategory="FileLogger" />
      </TestCategory>
      <TestMethod codeBase="C:/work/LDAP-Library/LDAPLibraryUnitTest/bin/Debug/LDAPLibraryUnitTest.dll" adapterTypeName="Microsoft.VisualStudio.TestTools.TestTypes.Unit.UnitTestAdapter, Microsoft.VisualStudio.QualityTools.Tips.UnitTest.Adapter, Version=12.0.0.0, Culture=neutral, PublicKeyToken=b03f5f7f11d50a3a" className="LDAP_Library_UnitTest.LoggerUnitTests.FileLoggerAndALoggerUnitTests, LDAPLibraryUnitTest, Version=3.3.5815.26081, Culture=neutral, PublicKeyToken=null" name="FileLoggerNotExistPath" />
    </UnitTest>
    <UnitTest name="TestCompleteInitLibraryNoLogPath_EventViewer" storage="ldaplibraryunittest\bin\debug\ldaplibraryunittest.dll" id="f2f1b0be-8f71-7cf4-9080-b1637b230650">
      <Execution timeOut="1800000" id="6329d7ce-7991-4152-b461-131d10f1cb33" />
      <TestCategory>
        <TestCategoryItem TestCategory="LDAPLibrary Test Init" />
      </TestCategory>
      <TestMethod codeBase="C:/work/LDAP-Library/LDAPLibraryUnitTest/bin/Debug/LDAPLibraryUnitTest.dll" adapterTypeName="Microsoft.VisualStudio.TestTools.TestTypes.Unit.UnitTestAdapter, Microsoft.VisualStudio.QualityTools.Tips.UnitTest.Adapter, Version=12.0.0.0, Culture=neutral, PublicKeyToken=b03f5f7f11d50a3a" className="LDAP_Library_UnitTest.localhost.LocalhostEnvironmentInitTest, LDAPLibraryUnitTest, Version=3.3.5815.26081, Culture=neutral, PublicKeyToken=null" name="TestCompleteInitLibraryNoLogPath_EventViewer" />
    </UnitTest>
    <UnitTest name="BasicConfigNoServer" storage="ldaplibraryunittest\bin\debug\ldaplibraryunittest.dll" id="ac2cd6c6-720a-9db8-0a4a-08bdff2a567a">
      <Execution timeOut="1800000" id="071cf1a4-5330-4880-9897-eaaa0edd9609" />
      <TestCategory>
        <TestCategoryItem TestCategory="configRepository Exceptions" />
      </TestCategory>
      <TestMethod codeBase="C:/work/LDAP-Library/LDAPLibraryUnitTest/bin/Debug/LDAPLibraryUnitTest.dll" adapterTypeName="Microsoft.VisualStudio.TestTools.TestTypes.Unit.UnitTestAdapter, Microsoft.VisualStudio.QualityTools.Tips.UnitTest.Adapter, Version=12.0.0.0, Culture=neutral, PublicKeyToken=b03f5f7f11d50a3a" className="LDAP_Library_UnitTest.LdapConfigRepositoryUnitTests, LDAPLibraryUnitTest, Version=3.3.5815.26081, Culture=neutral, PublicKeyToken=null" name="BasicConfigNoServer" />
    </UnitTest>
    <UnitTest name="ToBoolean" storage="ldaplibraryunittest\bin\debug\ldaplibraryunittest.dll" id="02570779-9f75-a057-f9fe-248816cc1958">
      <Execution timeOut="1800000" id="bc64597c-fce8-4669-a2cd-24e4ae5a6ac6" />
      <TestCategory>
        <TestCategoryItem TestCategory="LdapStateUtils" />
      </TestCategory>
      <TestMethod codeBase="C:/work/LDAP-Library/LDAPLibraryUnitTest/bin/Debug/LDAPLibraryUnitTest.dll" adapterTypeName="Microsoft.VisualStudio.TestTools.TestTypes.Unit.UnitTestAdapter, Microsoft.VisualStudio.QualityTools.Tips.UnitTest.Adapter, Version=12.0.0.0, Culture=neutral, PublicKeyToken=b03f5f7f11d50a3a" className="LDAP_Library_UnitTest.LdapStateUtilsUnitTests, LDAPLibraryUnitTest, Version=3.3.5815.26081, Culture=neutral, PublicKeyToken=null" name="ToBoolean" />
    </UnitTest>
    <UnitTest name="CompleteConfig" storage="ldaplibraryunittest\bin\debug\ldaplibraryunittest.dll" id="f57362cf-9dff-7248-18e5-fdaedc334fb5">
      <Execution timeOut="1800000" id="855f0e4d-46fe-4a39-926e-496e35ddb90c" />
      <TestCategory>
        <TestCategoryItem TestCategory="configRepository no Exception" />
      </TestCategory>
      <TestMethod codeBase="C:/work/LDAP-Library/LDAPLibraryUnitTest/bin/Debug/LDAPLibraryUnitTest.dll" adapterTypeName="Microsoft.VisualStudio.TestTools.TestTypes.Unit.UnitTestAdapter, Microsoft.VisualStudio.QualityTools.Tips.UnitTest.Adapter, Version=12.0.0.0, Culture=neutral, PublicKeyToken=b03f5f7f11d50a3a" className="LDAP_Library_UnitTest.LdapConfigRepositoryUnitTests, LDAPLibraryUnitTest, Version=3.3.5815.26081, Culture=neutral, PublicKeyToken=null" name="CompleteConfig" />
    </UnitTest>
    <UnitTest name="BasicConfigNoAdmin_LDAPAdminMode_Anonymous" storage="ldaplibraryunittest\bin\debug\ldaplibraryunittest.dll" id="8dce3c9a-dab8-8ae7-5ed5-65d976e86317">
      <Execution timeOut="1800000" id="aec04528-bcd9-4c07-85d8-3468daf3eef8" />
      <TestCategory>
        <TestCategoryItem TestCategory="configRepository no Exception" />
      </TestCategory>
      <TestMethod codeBase="C:/work/LDAP-Library/LDAPLibraryUnitTest/bin/Debug/LDAPLibraryUnitTest.dll" adapterTypeName="Microsoft.VisualStudio.TestTools.TestTypes.Unit.UnitTestAdapter, Microsoft.VisualStudio.QualityTools.Tips.UnitTest.Adapter, Version=12.0.0.0, Culture=neutral, PublicKeyToken=b03f5f7f11d50a3a" className="LDAP_Library_UnitTest.LdapConfigRepositoryUnitTests, LDAPLibraryUnitTest, Version=3.3.5815.26081, Culture=neutral, PublicKeyToken=null" name="BasicConfigNoAdmin_LDAPAdminMode_Anonymous" />
    </UnitTest>
    <UnitTest name="LdapUserInstance" storage="ldaplibraryunittest\bin\debug\ldaplibraryunittest.dll" id="ae3b599a-0f31-89ea-5760-a59889a0650c">
      <Execution timeOut="1800000" id="7bd465e0-50db-48ef-bf1f-7c9cddb746c8" />
      <TestCategory>
        <TestCategoryItem TestCategory="LDAPUser Init" />
      </TestCategory>
      <TestMethod codeBase="C:/work/LDAP-Library/LDAPLibraryUnitTest/bin/Debug/LDAPLibraryUnitTest.dll" adapterTypeName="Microsoft.VisualStudio.TestTools.TestTypes.Unit.UnitTestAdapter, Microsoft.VisualStudio.QualityTools.Tips.UnitTest.Adapter, Version=12.0.0.0, Culture=neutral, PublicKeyToken=b03f5f7f11d50a3a" className="LDAP_Library_UnitTest.LdapUserUnitTests, LDAPLibraryUnitTest, Version=3.3.5815.26081, Culture=neutral, PublicKeyToken=null" name="LdapUserInstance" />
    </UnitTest>
    <UnitTest name="InsertUserAttributeNotExist" storage="ldaplibraryunittest\bin\debug\ldaplibraryunittest.dll" id="c662de10-bbf6-3d3d-97a5-152f2fb874c8">
      <Execution timeOut="1800000" id="0e164d0f-9ceb-40c9-aa90-2c20128f44bd" />
      <TestCategory>
        <TestCategoryItem TestCategory="LDAPUser Operations" />
      </TestCategory>
      <TestMethod codeBase="C:/work/LDAP-Library/LDAPLibraryUnitTest/bin/Debug/LDAPLibraryUnitTest.dll" adapterTypeName="Microsoft.VisualStudio.TestTools.TestTypes.Unit.UnitTestAdapter, Microsoft.VisualStudio.QualityTools.Tips.UnitTest.Adapter, Version=12.0.0.0, Culture=neutral, PublicKeyToken=b03f5f7f11d50a3a" className="LDAP_Library_UnitTest.LdapUserUnitTests, LDAPLibraryUnitTest, Version=3.3.5815.26081, Culture=neutral, PublicKeyToken=null" name="InsertUserAttributeNotExist" />
    </UnitTest>
    <UnitTest name="TestStardardInitLibraryNoAdmin" storage="ldaplibraryunittest\bin\debug\ldaplibraryunittest.dll" id="a27f6d3c-006f-da88-d3a5-8463f37e280d">
      <Execution timeOut="1800000" id="ed4d53f4-ff2f-4561-88f4-e92abcaef7eb" />
      <TestCategory>
        <TestCategoryItem TestCategory="LDAPLibrary Test Init" />
      </TestCategory>
      <TestMethod codeBase="C:/work/LDAP-Library/LDAPLibraryUnitTest/bin/Debug/LDAPLibraryUnitTest.dll" adapterTypeName="Microsoft.VisualStudio.TestTools.TestTypes.Unit.UnitTestAdapter, Microsoft.VisualStudio.QualityTools.Tips.UnitTest.Adapter, Version=12.0.0.0, Culture=neutral, PublicKeyToken=b03f5f7f11d50a3a" className="LDAP_Library_UnitTest.localhost.LocalhostEnvironmentInitTest, LDAPLibraryUnitTest, Version=3.3.5815.26081, Culture=neutral, PublicKeyToken=null" name="TestStardardInitLibraryNoAdmin" />
    </UnitTest>
    <UnitTest name="LdapCreateUserError" storage="ldaplibraryunittest\bin\debug\ldaplibraryunittest.dll" id="2b67c7be-f801-b5ad-7a23-b32ba06c725b">
      <Execution timeOut="1800000" id="e0be77c8-8478-4339-ad56-cb85bfbbb133" />
      <TestCategory>
        <TestCategoryItem TestCategory="FileLogger" />
      </TestCategory>
      <TestMethod codeBase="C:/work/LDAP-Library/LDAPLibraryUnitTest/bin/Debug/LDAPLibraryUnitTest.dll" adapterTypeName="Microsoft.VisualStudio.TestTools.TestTypes.Unit.UnitTestAdapter, Microsoft.VisualStudio.QualityTools.Tips.UnitTest.Adapter, Version=12.0.0.0, Culture=neutral, PublicKeyToken=b03f5f7f11d50a3a" className="LDAP_Library_UnitTest.LoggerUnitTests.FileLoggerAndALoggerUnitTests, LDAPLibraryUnitTest, Version=3.3.5815.26081, Culture=neutral, PublicKeyToken=null" name="LdapCreateUserError" />
    </UnitTest>
    <UnitTest name="GetLdapConnection" storage="ldaplibraryunittest\bin\debug\ldaplibraryunittest.dll" id="e0c6b7e4-2eeb-96ba-6c73-e9ebae6103f1">
      <Execution timeOut="1800000" id="282e2d65-6118-4f76-ad9a-cbc0f0493404" />
      <TestCategory>
        <TestCategoryItem TestCategory="LdapConnectionFactory" />
      </TestCategory>
      <TestMethod codeBase="C:/work/LDAP-Library/LDAPLibraryUnitTest/bin/Debug/LDAPLibraryUnitTest.dll" adapterTypeName="Microsoft.VisualStudio.TestTools.TestTypes.Unit.UnitTestAdapter, Microsoft.VisualStudio.QualityTools.Tips.UnitTest.Adapter, Version=12.0.0.0, Culture=neutral, PublicKeyToken=b03f5f7f11d50a3a" className="LDAP_Library_UnitTest.LdapConnectionFactoryUnitTests, LDAPLibraryUnitTest, Version=3.3.5815.26081, Culture=neutral, PublicKeyToken=null" name="GetLdapConnection" />
    </UnitTest>
    <UnitTest name="GetUserAttribute" storage="ldaplibraryunittest\bin\debug\ldaplibraryunittest.dll" id="0a7b7012-26cc-fd82-ff76-a1b3233cb226">
      <Execution timeOut="1800000" id="5e74c319-e980-405e-a404-29e049e30da1" />
      <TestCategory>
        <TestCategoryItem TestCategory="LDAPUser Getter" />
      </TestCategory>
      <TestMethod codeBase="C:/work/LDAP-Library/LDAPLibraryUnitTest/bin/Debug/LDAPLibraryUnitTest.dll" adapterTypeName="Microsoft.VisualStudio.TestTools.TestTypes.Unit.UnitTestAdapter, Microsoft.VisualStudio.QualityTools.Tips.UnitTest.Adapter, Version=12.0.0.0, Culture=neutral, PublicKeyToken=b03f5f7f11d50a3a" className="LDAP_Library_UnitTest.LdapUserUnitTests, LDAPLibraryUnitTest, Version=3.3.5815.26081, Culture=neutral, PublicKeyToken=null" name="GetUserAttribute" />
    </UnitTest>
    <UnitTest name="ModifyPasswordRequest" storage="ldaplibraryunittest\bin\debug\ldaplibraryunittest.dll" id="874dba6d-2949-b4cb-277e-dcc4a558d316">
      <Execution timeOut="1800000" id="03b6567a-8e53-40bd-986a-614bc393c958" />
      <TestCategory>
        <TestCategoryItem TestCategory="RequestBuilder" />
      </TestCategory>
      <TestMethod codeBase="C:/work/LDAP-Library/LDAPLibraryUnitTest/bin/Debug/LDAPLibraryUnitTest.dll" adapterTypeName="Microsoft.VisualStudio.TestTools.TestTypes.Unit.UnitTestAdapter, Microsoft.VisualStudio.QualityTools.Tips.UnitTest.Adapter, Version=12.0.0.0, Culture=neutral, PublicKeyToken=b03f5f7f11d50a3a" className="LDAP_Library_UnitTest.RequestBuinderUnitTests, LDAPLibraryUnitTest, Version=3.3.5815.26081, Culture=neutral, PublicKeyToken=null" name="ModifyPasswordRequest" />
    </UnitTest>
    <UnitTest name="TestSearchUserAndConnect" storage="ldaplibraryunittest\bin\debug\ldaplibraryunittest.dll" id="f255adad-1fa8-ac66-1d27-475f3676f192">
      <Execution timeOut="1800000" id="b5907a73-d1c0-4d4c-8747-8424b7749c44" />
      <TestCategory>
        <TestCategoryItem TestCategory="LDAPLibrary Test Write Permissions" />
      </TestCategory>
      <TestMethod codeBase="C:/work/LDAP-Library/LDAPLibraryUnitTest/bin/Debug/LDAPLibraryUnitTest.dll" adapterTypeName="Microsoft.VisualStudio.TestTools.TestTypes.Unit.UnitTestAdapter, Microsoft.VisualStudio.QualityTools.Tips.UnitTest.Adapter, Version=12.0.0.0, Culture=neutral, PublicKeyToken=b03f5f7f11d50a3a" className="LDAP_Library_UnitTest.localhost.LocalhostEnvironment, LDAPLibraryUnitTest, Version=3.3.5815.26081, Culture=neutral, PublicKeyToken=null" name="TestSearchUserAndConnect" />
    </UnitTest>
    <UnitTest name="CreateUserAttributeListExist" storage="ldaplibraryunittest\bin\debug\ldaplibraryunittest.dll" id="5030266c-9b85-a32a-f12c-617dffe6cfa2">
      <Execution timeOut="1800000" id="66b8b704-0cb9-454e-9fd1-0e4df887b5fc" />
      <TestCategory>
        <TestCategoryItem TestCategory="LDAPUser Operations" />
      </TestCategory>
      <TestMethod codeBase="C:/work/LDAP-Library/LDAPLibraryUnitTest/bin/Debug/LDAPLibraryUnitTest.dll" adapterTypeName="Microsoft.VisualStudio.TestTools.TestTypes.Unit.UnitTestAdapter, Microsoft.VisualStudio.QualityTools.Tips.UnitTest.Adapter, Version=12.0.0.0, Culture=neutral, PublicKeyToken=b03f5f7f11d50a3a" className="LDAP_Library_UnitTest.LdapUserUnitTests, LDAPLibraryUnitTest, Version=3.3.5815.26081, Culture=neutral, PublicKeyToken=null" name="CreateUserAttributeListExist" />
    </UnitTest>
    <UnitTest name="LoggerFactoryEventViewer" storage="ldaplibraryunittest\bin\debug\ldaplibraryunittest.dll" id="13a45dde-0294-ff01-e989-e1e193690124">
      <Execution timeOut="1800000" id="9656c1e4-22d8-4a36-9722-337850f9c5bd" />
      <TestCategory>
        <TestCategoryItem TestCategory="LoggerFactoryEventViewerLogger" />
      </TestCategory>
      <TestMethod codeBase="C:/work/LDAP-Library/LDAPLibraryUnitTest/bin/Debug/LDAPLibraryUnitTest.dll" adapterTypeName="Microsoft.VisualStudio.TestTools.TestTypes.Unit.UnitTestAdapter, Microsoft.VisualStudio.QualityTools.Tips.UnitTest.Adapter, Version=12.0.0.0, Culture=neutral, PublicKeyToken=b03f5f7f11d50a3a" className="LDAP_Library_UnitTest.LoggerFactoryUnitTests, LDAPLibraryUnitTest, Version=3.3.5815.26081, Culture=neutral, PublicKeyToken=null" name="LoggerFactoryEventViewer" />
    </UnitTest>
    <UnitTest name="TestUserConnect" storage="ldaplibraryunittest\bin\debug\ldaplibraryunittest.dll" id="650d442c-4d98-870c-67c5-76945ed4df1c">
      <Execution timeOut="1800000" id="042cb350-c5a2-4b5e-ab45-2d33e6575794" />
      <TestCategory>
        <TestCategoryItem TestCategory="LDAPLibrary Test Write Permissions" />
      </TestCategory>
      <TestMethod codeBase="C:/work/LDAP-Library/LDAPLibraryUnitTest/bin/Debug/LDAPLibraryUnitTest.dll" adapterTypeName="Microsoft.VisualStudio.TestTools.TestTypes.Unit.UnitTestAdapter, Microsoft.VisualStudio.QualityTools.Tips.UnitTest.Adapter, Version=12.0.0.0, Culture=neutral, PublicKeyToken=b03f5f7f11d50a3a" className="LDAP_Library_UnitTest.localhost.LocalhostEnvironment, LDAPLibraryUnitTest, Version=3.3.5815.26081, Culture=neutral, PublicKeyToken=null" name="TestUserConnect" />
    </UnitTest>
    <UnitTest name="TestStandardInitLibraryNologPath_File" storage="ldaplibraryunittest\bin\debug\ldaplibraryunittest.dll" id="bb1a1822-5fba-14f1-2c8a-d65ca3d67d3a">
      <Execution timeOut="1800000" id="48a1b0d7-c193-47db-a5e8-689406efbdc8" />
      <TestCategory>
        <TestCategoryItem TestCategory="LDAPLibrary Test Init" />
      </TestCategory>
      <TestMethod codeBase="C:/work/LDAP-Library/LDAPLibraryUnitTest/bin/Debug/LDAPLibraryUnitTest.dll" adapterTypeName="Microsoft.VisualStudio.TestTools.TestTypes.Unit.UnitTestAdapter, Microsoft.VisualStudio.QualityTools.Tips.UnitTest.Adapter, Version=12.0.0.0, Culture=neutral, PublicKeyToken=b03f5f7f11d50a3a" className="LDAP_Library_UnitTest.localhost.LocalhostEnvironmentInitTest, LDAPLibraryUnitTest, Version=3.3.5815.26081, Culture=neutral, PublicKeyToken=null" name="TestStandardInitLibraryNologPath_File" />
    </UnitTest>
    <UnitTest name="AddRequest" storage="ldaplibraryunittest\bin\debug\ldaplibraryunittest.dll" id="be9e598c-c238-eece-7f6b-6af5ae1ab3e8">
      <Execution timeOut="1800000" id="8249d6bd-3cae-4edf-9900-dcee0ef2dd10" />
      <TestCategory>
        <TestCategoryItem TestCategory="RequestBuilder" />
      </TestCategory>
      <TestMethod codeBase="C:/work/LDAP-Library/LDAPLibraryUnitTest/bin/Debug/LDAPLibraryUnitTest.dll" adapterTypeName="Microsoft.VisualStudio.TestTools.TestTypes.Unit.UnitTestAdapter, Microsoft.VisualStudio.QualityTools.Tips.UnitTest.Adapter, Version=12.0.0.0, Culture=neutral, PublicKeyToken=b03f5f7f11d50a3a" className="LDAP_Library_UnitTest.RequestBuinderUnitTests, LDAPLibraryUnitTest, Version=3.3.5815.26081, Culture=neutral, PublicKeyToken=null" name="AddRequest" />
    </UnitTest>
    <UnitTest name="TestSearchUserAndConnectWithoutWritePermissions" storage="ldaplibraryunittest\bin\debug\ldaplibraryunittest.dll" id="9422446c-f975-6424-e8f5-6776264a85d9">
      <Execution timeOut="1800000" id="df9a1345-2d3f-4cb6-bd5a-2556242409c1" />
      <TestCategory>
        <TestCategoryItem TestCategory="LDAPLibrary Test Read Permissions" />
      </TestCategory>
      <TestMethod codeBase="C:/work/LDAP-Library/LDAPLibraryUnitTest/bin/Debug/LDAPLibraryUnitTest.dll" adapterTypeName="Microsoft.VisualStudio.TestTools.TestTypes.Unit.UnitTestAdapter, Microsoft.VisualStudio.QualityTools.Tips.UnitTest.Adapter, Version=12.0.0.0, Culture=neutral, PublicKeyToken=b03f5f7f11d50a3a" className="LDAP_Library_UnitTest.localhost.LocalhostEnvironmentAnonymous, LDAPLibraryUnitTest, Version=3.3.5815.26081, Culture=neutral, PublicKeyToken=null" name="TestSearchUserAndConnectWithoutWritePermissions" />
    </UnitTest>
    <UnitTest name="LdapLibraryInitSuccess" storage="ldaplibraryunittest\bin\debug\ldaplibraryunittest.dll" id="16160eda-ed8a-41af-0699-c96e16360087">
      <Execution timeOut="1800000" id="af130354-50c5-4ef5-8042-198ca77d40f3" />
      <TestCategory>
        <TestCategoryItem TestCategory="FileLogger" />
      </TestCategory>
      <TestMethod codeBase="C:/work/LDAP-Library/LDAPLibraryUnitTest/bin/Debug/LDAPLibraryUnitTest.dll" adapterTypeName="Microsoft.VisualStudio.TestTools.TestTypes.Unit.UnitTestAdapter, Microsoft.VisualStudio.QualityTools.Tips.UnitTest.Adapter, Version=12.0.0.0, Culture=neutral, PublicKeyToken=b03f5f7f11d50a3a" className="LDAP_Library_UnitTest.LoggerUnitTests.FileLoggerAndALoggerUnitTests, LDAPLibraryUnitTest, Version=3.3.5815.26081, Culture=neutral, PublicKeyToken=null" name="LdapLibraryInitSuccess" />
    </UnitTest>
    <UnitTest name="LdapChangeUserPasswordError" storage="ldaplibraryunittest\bin\debug\ldaplibraryunittest.dll" id="ad8ee216-de18-cbae-f3fb-ed3fa9a36c8f">
      <Execution timeOut="1800000" id="d972b567-1f83-48d2-a091-56dda7cda4b0" />
      <TestCategory>
        <TestCategoryItem TestCategory="FileLogger" />
      </TestCategory>
      <TestMethod codeBase="C:/work/LDAP-Library/LDAPLibraryUnitTest/bin/Debug/LDAPLibraryUnitTest.dll" adapterTypeName="Microsoft.VisualStudio.TestTools.TestTypes.Unit.UnitTestAdapter, Microsoft.VisualStudio.QualityTools.Tips.UnitTest.Adapter, Version=12.0.0.0, Culture=neutral, PublicKeyToken=b03f5f7f11d50a3a" className="LDAP_Library_UnitTest.LoggerUnitTests.FileLoggerAndALoggerUnitTests, LDAPLibraryUnitTest, Version=3.3.5815.26081, Culture=neutral, PublicKeyToken=null" name="LdapChangeUserPasswordError" />
    </UnitTest>
    <UnitTest name="TestSearchUser" storage="ldaplibraryunittest\bin\debug\ldaplibraryunittest.dll" id="5e7eb3b0-5040-cbb2-a649-8354c84ef620">
      <Execution timeOut="1800000" id="eb6c5621-fd6a-4f76-96d5-05587cf9d738" />
      <TestCategory>
        <TestCategoryItem TestCategory="LDAPLibrary Test Read Permissions" />
      </TestCategory>
      <TestMethod codeBase="C:/work/LDAP-Library/LDAPLibraryUnitTest/bin/Debug/LDAPLibraryUnitTest.dll" adapterTypeName="Microsoft.VisualStudio.TestTools.TestTypes.Unit.UnitTestAdapter, Microsoft.VisualStudio.QualityTools.Tips.UnitTest.Adapter, Version=12.0.0.0, Culture=neutral, PublicKeyToken=b03f5f7f11d50a3a" className="LDAP_Library_UnitTest.localhost.LocalhostEnvironmentAnonymous, LDAPLibraryUnitTest, Version=3.3.5815.26081, Culture=neutral, PublicKeyToken=null" name="TestSearchUser" />
    </UnitTest>
    <UnitTest name="TestStandardInitLibraryNoServer" storage="ldaplibraryunittest\bin\debug\ldaplibraryunittest.dll" id="ffe840c5-2824-0018-0a89-bc332b6a1be0">
      <Execution timeOut="1800000" id="ea03801a-e89f-46c4-8d95-156c852a8004" />
      <TestCategory>
        <TestCategoryItem TestCategory="LDAPLibrary Test Init" />
      </TestCategory>
      <TestMethod codeBase="C:/work/LDAP-Library/LDAPLibraryUnitTest/bin/Debug/LDAPLibraryUnitTest.dll" adapterTypeName="Microsoft.VisualStudio.TestTools.TestTypes.Unit.UnitTestAdapter, Microsoft.VisualStudio.QualityTools.Tips.UnitTest.Adapter, Version=12.0.0.0, Culture=neutral, PublicKeyToken=b03f5f7f11d50a3a" className="LDAP_Library_UnitTest.localhost.LocalhostEnvironmentInitTest, LDAPLibraryUnitTest, Version=3.3.5815.26081, Culture=neutral, PublicKeyToken=null" name="TestStandardInitLibraryNoServer" />
    </UnitTest>
    <UnitTest name="TestDeleteUser" storage="ldaplibraryunittest\bin\debug\ldaplibraryunittest.dll" id="55c8b2af-57af-84e9-fd7c-bbadc1997b82">
      <Execution timeOut="1800000" id="e139552f-2c19-469b-8e02-f2162179804d" />
      <TestCategory>
        <TestCategoryItem TestCategory="LDAPLibrary Test Write Permissions" />
      </TestCategory>
      <TestMethod codeBase="C:/work/LDAP-Library/LDAPLibraryUnitTest/bin/Debug/LDAPLibraryUnitTest.dll" adapterTypeName="Microsoft.VisualStudio.TestTools.TestTypes.Unit.UnitTestAdapter, Microsoft.VisualStudio.QualityTools.Tips.UnitTest.Adapter, Version=12.0.0.0, Culture=neutral, PublicKeyToken=b03f5f7f11d50a3a" className="LDAP_Library_UnitTest.localhost.LocalhostEnvironment, LDAPLibraryUnitTest, Version=3.3.5815.26081, Culture=neutral, PublicKeyToken=null" name="TestDeleteUser" />
    </UnitTest>
    <UnitTest name="LdapModifyUserAttributeError" storage="ldaplibraryunittest\bin\debug\ldaplibraryunittest.dll" id="4dc1fbea-93aa-71c8-6b40-a9d85a26d136">
      <Execution timeOut="1800000" id="8069bece-8cd7-4889-aa74-05329f8a79a9" />
      <TestCategory>
        <TestCategoryItem TestCategory="FileLogger" />
      </TestCategory>
      <TestMethod codeBase="C:/work/LDAP-Library/LDAPLibraryUnitTest/bin/Debug/LDAPLibraryUnitTest.dll" adapterTypeName="Microsoft.VisualStudio.TestTools.TestTypes.Unit.UnitTestAdapter, Microsoft.VisualStudio.QualityTools.Tips.UnitTest.Adapter, Version=12.0.0.0, Culture=neutral, PublicKeyToken=b03f5f7f11d50a3a" className="LDAP_Library_UnitTest.LoggerUnitTests.FileLoggerAndALoggerUnitTests, LDAPLibraryUnitTest, Version=3.3.5815.26081, Culture=neutral, PublicKeyToken=null" name="LdapModifyUserAttributeError" />
    </UnitTest>
    <UnitTest name="InsertUserAttribute" storage="ldaplibraryunittest\bin\debug\ldaplibraryunittest.dll" id="1847b369-3506-146e-c52d-74b6b94d486c">
      <Execution timeOut="1800000" id="ce787805-7b58-431f-a73a-1b0c5e1a132e" />
      <TestCategory>
        <TestCategoryItem TestCategory="LDAPUser Operations" />
      </TestCategory>
      <TestMethod codeBase="C:/work/LDAP-Library/LDAPLibraryUnitTest/bin/Debug/LDAPLibraryUnitTest.dll" adapterTypeName="Microsoft.VisualStudio.TestTools.TestTypes.Unit.UnitTestAdapter, Microsoft.VisualStudio.QualityTools.Tips.UnitTest.Adapter, Version=12.0.0.0, Culture=neutral, PublicKeyToken=b03f5f7f11d50a3a" className="LDAP_Library_UnitTest.LdapUserUnitTests, LDAPLibraryUnitTest, Version=3.3.5815.26081, Culture=neutral, PublicKeyToken=null" name="InsertUserAttribute" />
    </UnitTest>
    <UnitTest name="CompleteConfigNoUserClass" storage="ldaplibraryunittest\bin\debug\ldaplibraryunittest.dll" id="73626d27-e693-339e-996b-9da4510b14c6">
      <Execution timeOut="1800000" id="79c144db-f4bf-4ae6-baaf-d6bb81f8f568" />
      <TestCategory>
        <TestCategoryItem TestCategory="configRepository Exceptions" />
      </TestCategory>
      <TestMethod codeBase="C:/work/LDAP-Library/LDAPLibraryUnitTest/bin/Debug/LDAPLibraryUnitTest.dll" adapterTypeName="Microsoft.VisualStudio.TestTools.TestTypes.Unit.UnitTestAdapter, Microsoft.VisualStudio.QualityTools.Tips.UnitTest.Adapter, Version=12.0.0.0, Culture=neutral, PublicKeyToken=b03f5f7f11d50a3a" className="LDAP_Library_UnitTest.LdapConfigRepositoryUnitTests, LDAPLibraryUnitTest, Version=3.3.5815.26081, Culture=neutral, PublicKeyToken=null" name="CompleteConfigNoUserClass" />
    </UnitTest>
    <UnitTest name="TestStandardInitLibrary" storage="ldaplibraryunittest\bin\debug\ldaplibraryunittest.dll" id="ba57aff9-8eb0-acce-9e9d-3e1e6f8023bf">
      <Execution timeOut="1800000" id="e1c5be50-3d94-41d0-894a-9915f7717dfc" />
      <TestCategory>
        <TestCategoryItem TestCategory="LDAPLibrary Test Init" />
      </TestCategory>
      <TestMethod codeBase="C:/work/LDAP-Library/LDAPLibraryUnitTest/bin/Debug/LDAPLibraryUnitTest.dll" adapterTypeName="Microsoft.VisualStudio.TestTools.TestTypes.Unit.UnitTestAdapter, Microsoft.VisualStudio.QualityTools.Tips.UnitTest.Adapter, Version=12.0.0.0, Culture=neutral, PublicKeyToken=b03f5f7f11d50a3a" className="LDAP_Library_UnitTest.localhost.LocalhostEnvironmentInitTest, LDAPLibraryUnitTest, Version=3.3.5815.26081, Culture=neutral, PublicKeyToken=null" name="TestStandardInitLibrary" />
    </UnitTest>
    <UnitTest name="GetUserOperationAdd" storage="ldaplibraryunittest\bin\debug\ldaplibraryunittest.dll" id="67aa67a1-b2ee-8598-3ce7-f549329dc0c8">
      <Execution timeOut="1800000" id="fff1840e-7dbc-4fc7-8eb3-9413db6ae9c4" />
      <TestCategory>
        <TestCategoryItem TestCategory="LDAPUser Operations" />
      </TestCategory>
      <TestMethod codeBase="C:/work/LDAP-Library/LDAPLibraryUnitTest/bin/Debug/LDAPLibraryUnitTest.dll" adapterTypeName="Microsoft.VisualStudio.TestTools.TestTypes.Unit.UnitTestAdapter, Microsoft.VisualStudio.QualityTools.Tips.UnitTest.Adapter, Version=12.0.0.0, Culture=neutral, PublicKeyToken=b03f5f7f11d50a3a" className="LDAP_Library_UnitTest.LdapUserUnitTests, LDAPLibraryUnitTest, Version=3.3.5815.26081, Culture=neutral, PublicKeyToken=null" name="GetUserOperationAdd" />
    </UnitTest>
    <UnitTest name="CompleteConfigNoLogPath" storage="ldaplibraryunittest\bin\debug\ldaplibraryunittest.dll" id="e24a8f9b-3271-c941-8de9-c4c2ffca0a9d">
      <Execution timeOut="1800000" id="238a4ed5-9dbd-48fe-840f-560d69d79de8" />
      <TestCategory>
        <TestCategoryItem TestCategory="configRepository Exceptions" />
      </TestCategory>
      <TestMethod codeBase="C:/work/LDAP-Library/LDAPLibraryUnitTest/bin/Debug/LDAPLibraryUnitTest.dll" adapterTypeName="Microsoft.VisualStudio.TestTools.TestTypes.Unit.UnitTestAdapter, Microsoft.VisualStudio.QualityTools.Tips.UnitTest.Adapter, Version=12.0.0.0, Culture=neutral, PublicKeyToken=b03f5f7f11d50a3a" className="LDAP_Library_UnitTest.LdapConfigRepositoryUnitTests, LDAPLibraryUnitTest, Version=3.3.5815.26081, Culture=neutral, PublicKeyToken=null" name="CompleteConfigNoLogPath" />
    </UnitTest>
    <UnitTest name="TestSearchUserAndConnectWithoutWritePermissions" storage="ldaplibraryunittest\bin\debug\ldaplibraryunittest.dll" id="225a00ef-cc8c-b5a1-85de-70cc0d3996fb">
      <Execution timeOut="1800000" id="1c5ad31d-1e4c-4127-9f6d-abfb82086d0d" />
      <TestCategory>
        <TestCategoryItem TestCategory="LDAPLibrary Test Read Permissions" />
      </TestCategory>
      <TestMethod codeBase="C:/work/LDAP-Library/LDAPLibraryUnitTest/bin/Debug/LDAPLibraryUnitTest.dll" adapterTypeName="Microsoft.VisualStudio.TestTools.TestTypes.Unit.UnitTestAdapter, Microsoft.VisualStudio.QualityTools.Tips.UnitTest.Adapter, Version=12.0.0.0, Culture=neutral, PublicKeyToken=b03f5f7f11d50a3a" className="LDAP_Library_UnitTest.localhost.LocalhostEnvironment, LDAPLibraryUnitTest, Version=3.3.5815.26081, Culture=neutral, PublicKeyToken=null" name="TestSearchUserAndConnectWithoutWritePermissions" />
    </UnitTest>
    <UnitTest name="TestAdminConnect" storage="ldaplibraryunittest\bin\debug\ldaplibraryunittest.dll" id="98c5eb74-09d6-a967-dd30-cd752ab93d4a">
      <Execution timeOut="1800000" id="e33ad371-3437-4d16-963d-9505c7f5eefd" />
      <TestCategory>
        <TestCategoryItem TestCategory="LDAPLibrary Test Init" />
      </TestCategory>
      <TestMethod codeBase="C:/work/LDAP-Library/LDAPLibraryUnitTest/bin/Debug/LDAPLibraryUnitTest.dll" adapterTypeName="Microsoft.VisualStudio.TestTools.TestTypes.Unit.UnitTestAdapter, Microsoft.VisualStudio.QualityTools.Tips.UnitTest.Adapter, Version=12.0.0.0, Culture=neutral, PublicKeyToken=b03f5f7f11d50a3a" className="LDAP_Library_UnitTest.localhost.LocalhostEnvironment, LDAPLibraryUnitTest, Version=3.3.5815.26081, Culture=neutral, PublicKeyToken=null" name="TestAdminConnect" />
    </UnitTest>
    <UnitTest name="OverwriteUserAttributeList" storage="ldaplibraryunittest\bin\debug\ldaplibraryunittest.dll" id="dec60592-7401-28e3-6792-0740416006f6">
      <Execution timeOut="1800000" id="b7386f1c-9dd1-41cf-8cba-b0fb0e232d0c" />
      <TestCategory>
        <TestCategoryItem TestCategory="LDAPUser Operations" />
      </TestCategory>
      <TestMethod codeBase="C:/work/LDAP-Library/LDAPLibraryUnitTest/bin/Debug/LDAPLibraryUnitTest.dll" adapterTypeName="Microsoft.VisualStudio.TestTools.TestTypes.Unit.UnitTestAdapter, Microsoft.VisualStudio.QualityTools.Tips.UnitTest.Adapter, Version=12.0.0.0, Culture=neutral, PublicKeyToken=b03f5f7f11d50a3a" className="LDAP_Library_UnitTest.LdapUserUnitTests, LDAPLibraryUnitTest, Version=3.3.5815.26081, Culture=neutral, PublicKeyToken=null" name="OverwriteUserAttributeList" />
    </UnitTest>
    <UnitTest name="TestStandardInitLibraryNoSearchBaseDn" storage="ldaplibraryunittest\bin\debug\ldaplibraryunittest.dll" id="cd133ce1-bf88-38c0-9a0c-383a98859c37">
      <Execution timeOut="1800000" id="43d43cf4-f70e-44cd-a9b5-9cf5c4b15314" />
      <TestCategory>
        <TestCategoryItem TestCategory="LDAPLibrary Test Init" />
      </TestCategory>
      <TestMethod codeBase="C:/work/LDAP-Library/LDAPLibraryUnitTest/bin/Debug/LDAPLibraryUnitTest.dll" adapterTypeName="Microsoft.VisualStudio.TestTools.TestTypes.Unit.UnitTestAdapter, Microsoft.VisualStudio.QualityTools.Tips.UnitTest.Adapter, Version=12.0.0.0, Culture=neutral, PublicKeyToken=b03f5f7f11d50a3a" className="LDAP_Library_UnitTest.localhost.LocalhostEnvironmentInitTest, LDAPLibraryUnitTest, Version=3.3.5815.26081, Culture=neutral, PublicKeyToken=null" name="TestStandardInitLibraryNoSearchBaseDn" />
    </UnitTest>
    <UnitTest name="BasicConfigNoSearchBaseDn" storage="ldaplibraryunittest\bin\debug\ldaplibraryunittest.dll" id="a5aa2592-d68c-d68c-5351-f0bd02a8f363">
      <Execution timeOut="1800000" id="6f7be4af-7ad4-45fa-ba31-9f11462d52e7" />
      <TestCategory>
        <TestCategoryItem TestCategory="configRepository no Exception" />
      </TestCategory>
      <TestMethod codeBase="C:/work/LDAP-Library/LDAPLibraryUnitTest/bin/Debug/LDAPLibraryUnitTest.dll" adapterTypeName="Microsoft.VisualStudio.TestTools.TestTypes.Unit.UnitTestAdapter, Microsoft.VisualStudio.QualityTools.Tips.UnitTest.Adapter, Version=12.0.0.0, Culture=neutral, PublicKeyToken=b03f5f7f11d50a3a" className="LDAP_Library_UnitTest.LdapConfigRepositoryUnitTests, LDAPLibraryUnitTest, Version=3.3.5815.26081, Culture=neutral, PublicKeyToken=null" name="BasicConfigNoSearchBaseDn" />
    </UnitTest>
    <UnitTest name="NullDn" storage="ldaplibraryunittest\bin\debug\ldaplibraryunittest.dll" id="9204c852-3508-6812-e510-396a6d0d9825">
      <Execution timeOut="1800000" id="4f8e544f-1028-48f3-80a4-aa1b527186d3" />
      <TestCategory>
        <TestCategoryItem TestCategory="LDAPUser Init" />
      </TestCategory>
      <TestMethod codeBase="C:/work/LDAP-Library/LDAPLibraryUnitTest/bin/Debug/LDAPLibraryUnitTest.dll" adapterTypeName="Microsoft.VisualStudio.TestTools.TestTypes.Unit.UnitTestAdapter, Microsoft.VisualStudio.QualityTools.Tips.UnitTest.Adapter, Version=12.0.0.0, Culture=neutral, PublicKeyToken=b03f5f7f11d50a3a" className="LDAP_Library_UnitTest.LdapUserUnitTests, LDAPLibraryUnitTest, Version=3.3.5815.26081, Culture=neutral, PublicKeyToken=null" name="NullDn" />
    </UnitTest>
    <UnitTest name="NullSn" storage="ldaplibraryunittest\bin\debug\ldaplibraryunittest.dll" id="56266320-ecc7-ec0a-67a6-1f2d85310eca">
      <Execution timeOut="1800000" id="c893356c-f7a4-4232-bfb4-2f1c3c5642ce" />
      <TestCategory>
        <TestCategoryItem TestCategory="LDAPUser Init" />
      </TestCategory>
      <TestMethod codeBase="C:/work/LDAP-Library/LDAPLibraryUnitTest/bin/Debug/LDAPLibraryUnitTest.dll" adapterTypeName="Microsoft.VisualStudio.TestTools.TestTypes.Unit.UnitTestAdapter, Microsoft.VisualStudio.QualityTools.Tips.UnitTest.Adapter, Version=12.0.0.0, Culture=neutral, PublicKeyToken=b03f5f7f11d50a3a" className="LDAP_Library_UnitTest.LdapUserUnitTests, LDAPLibraryUnitTest, Version=3.3.5815.26081, Culture=neutral, PublicKeyToken=null" name="NullSn" />
    </UnitTest>
    <UnitTest name="GetLdapConfigRepository" storage="ldaplibraryunittest\bin\debug\ldaplibraryunittest.dll" id="fffcf24d-7263-95f5-80aa-9b90012fbb60">
      <Execution timeOut="1800000" id="37e2540a-8a46-408f-bcf9-f1d25e88d230" />
      <TestCategory>
        <TestCategoryItem TestCategory="LdapConfigRepositoryFactory" />
      </TestCategory>
      <TestMethod codeBase="C:/work/LDAP-Library/LDAPLibraryUnitTest/bin/Debug/LDAPLibraryUnitTest.dll" adapterTypeName="Microsoft.VisualStudio.TestTools.TestTypes.Unit.UnitTestAdapter, Microsoft.VisualStudio.QualityTools.Tips.UnitTest.Adapter, Version=12.0.0.0, Culture=neutral, PublicKeyToken=b03f5f7f11d50a3a" className="LDAP_Library_UnitTest.LdapConfigRepositoryFactoryUnitTests, LDAPLibraryUnitTest, Version=3.3.5815.26081, Culture=neutral, PublicKeyToken=null" name="GetLdapConfigRepository" />
    </UnitTest>
    <UnitTest name="TestStandardInitLibraryEventViewerLog" storage="ldaplibraryunittest\bin\debug\ldaplibraryunittest.dll" id="e97481b2-704f-359a-7d34-b5e69ff4f541">
      <Execution timeOut="1800000" id="cca07cf5-b690-400f-af67-8e42ff37aa73" />
      <TestCategory>
        <TestCategoryItem TestCategory="LDAPLibrary Test Init" />
      </TestCategory>
      <TestMethod codeBase="C:/work/LDAP-Library/LDAPLibraryUnitTest/bin/Debug/LDAPLibraryUnitTest.dll" adapterTypeName="Microsoft.VisualStudio.TestTools.TestTypes.Unit.UnitTestAdapter, Microsoft.VisualStudio.QualityTools.Tips.UnitTest.Adapter, Version=12.0.0.0, Culture=neutral, PublicKeyToken=b03f5f7f11d50a3a" className="LDAP_Library_UnitTest.localhost.LocalhostEnvironmentInitTest, LDAPLibraryUnitTest, Version=3.3.5815.26081, Culture=neutral, PublicKeyToken=null" name="TestStandardInitLibraryEventViewerLog" />
    </UnitTest>
    <UnitTest name="GetUserOperationReplace" storage="ldaplibraryunittest\bin\debug\ldaplibraryunittest.dll" id="ba75a37f-52c1-6b58-7e85-aab91665f7b6">
      <Execution timeOut="1800000" id="5e42b5e1-1180-48e1-acab-0ad6ae8c1940" />
      <TestCategory>
        <TestCategoryItem TestCategory="LDAPUser Operations" />
      </TestCategory>
      <TestMethod codeBase="C:/work/LDAP-Library/LDAPLibraryUnitTest/bin/Debug/LDAPLibraryUnitTest.dll" adapterTypeName="Microsoft.VisualStudio.TestTools.TestTypes.Unit.UnitTestAdapter, Microsoft.VisualStudio.QualityTools.Tips.UnitTest.Adapter, Version=12.0.0.0, Culture=neutral, PublicKeyToken=b03f5f7f11d50a3a" className="LDAP_Library_UnitTest.LdapUserUnitTests, LDAPLibraryUnitTest, Version=3.3.5815.26081, Culture=neutral, PublicKeyToken=null" name="GetUserOperationReplace" />
    </UnitTest>
    <UnitTest name="LdapConnectionError" storage="ldaplibraryunittest\bin\debug\ldaplibraryunittest.dll" id="c11db754-043a-fe37-9bff-6bf074e0d1d1">
      <Execution timeOut="1800000" id="886d4937-8958-400f-9b22-2001f3fd354a" />
      <TestCategory>
        <TestCategoryItem TestCategory="FileLogger" />
      </TestCategory>
      <TestMethod codeBase="C:/work/LDAP-Library/LDAPLibraryUnitTest/bin/Debug/LDAPLibraryUnitTest.dll" adapterTypeName="Microsoft.VisualStudio.TestTools.TestTypes.Unit.UnitTestAdapter, Microsoft.VisualStudio.QualityTools.Tips.UnitTest.Adapter, Version=12.0.0.0, Culture=neutral, PublicKeyToken=b03f5f7f11d50a3a" className="LDAP_Library_UnitTest.LoggerUnitTests.FileLoggerAndALoggerUnitTests, LDAPLibraryUnitTest, Version=3.3.5815.26081, Culture=neutral, PublicKeyToken=null" name="LdapConnectionError" />
    </UnitTest>
    <UnitTest name="TestModifyUserAttribute" storage="ldaplibraryunittest\bin\debug\ldaplibraryunittest.dll" id="f4cd112b-1be8-023a-2258-6f3159a4c6a6">
      <Execution timeOut="1800000" id="9c3cb43c-bd31-42f0-ad33-acf384a32906" />
      <TestCategory>
        <TestCategoryItem TestCategory="LDAPLibrary Test Write Permissions" />
      </TestCategory>
      <TestMethod codeBase="C:/work/LDAP-Library/LDAPLibraryUnitTest/bin/Debug/LDAPLibraryUnitTest.dll" adapterTypeName="Microsoft.VisualStudio.TestTools.TestTypes.Unit.UnitTestAdapter, Microsoft.VisualStudio.QualityTools.Tips.UnitTest.Adapter, Version=12.0.0.0, Culture=neutral, PublicKeyToken=b03f5f7f11d50a3a" className="LDAP_Library_UnitTest.localhost.LocalhostEnvironment, LDAPLibraryUnitTest, Version=3.3.5815.26081, Culture=neutral, PublicKeyToken=null" name="TestModifyUserAttribute" />
    </UnitTest>
    <UnitTest name="ModifyRequest" storage="ldaplibraryunittest\bin\debug\ldaplibraryunittest.dll" id="43b2f13f-bcd3-4c78-63ab-61049c0f94c7">
      <Execution timeOut="1800000" id="8eb7fe8a-ea6d-400e-bd85-a2c1e8b4c353" />
      <TestCategory>
        <TestCategoryItem TestCategory="RequestBuilder" />
      </TestCategory>
      <TestMethod codeBase="C:/work/LDAP-Library/LDAPLibraryUnitTest/bin/Debug/LDAPLibraryUnitTest.dll" adapterTypeName="Microsoft.VisualStudio.TestTools.TestTypes.Unit.UnitTestAdapter, Microsoft.VisualStudio.QualityTools.Tips.UnitTest.Adapter, Version=12.0.0.0, Culture=neutral, PublicKeyToken=b03f5f7f11d50a3a" className="LDAP_Library_UnitTest.RequestBuinderUnitTests, LDAPLibraryUnitTest, Version=3.3.5815.26081, Culture=neutral, PublicKeyToken=null" name="ModifyRequest" />
    </UnitTest>
    <UnitTest name="TestStandardInitLibrary" storage="ldaplibraryunittest\bin\debug\ldaplibraryunittest.dll" id="e0dcbe98-4968-5bf7-ec38-c92b949f6ea3">
      <Execution timeOut="1800000" id="6a4f39a5-1011-4dcc-8e97-8eee91dd4bbd" />
      <TestCategory>
        <TestCategoryItem TestCategory="LDAPLibrary Test Init" />
      </TestCategory>
      <TestMethod codeBase="C:/work/LDAP-Library/LDAPLibraryUnitTest/bin/Debug/LDAPLibraryUnitTest.dll" adapterTypeName="Microsoft.VisualStudio.TestTools.TestTypes.Unit.UnitTestAdapter, Microsoft.VisualStudio.QualityTools.Tips.UnitTest.Adapter, Version=12.0.0.0, Culture=neutral, PublicKeyToken=b03f5f7f11d50a3a" className="LDAP_Library_UnitTest.localhost.LocalhostEnvironmentAnonymous, LDAPLibraryUnitTest, Version=3.3.5815.26081, Culture=neutral, PublicKeyToken=null" name="TestStandardInitLibrary" />
    </UnitTest>
    <UnitTest name="LdapConnectionSuccess" storage="ldaplibraryunittest\bin\debug\ldaplibraryunittest.dll" id="11aed921-bedb-5db6-1530-5e061edc5265">
      <Execution timeOut="1800000" id="beb466b3-7a6e-415b-9737-9d5d7ca588d6" />
      <TestCategory>
        <TestCategoryItem TestCategory="FileLogger" />
      </TestCategory>
      <TestMethod codeBase="C:/work/LDAP-Library/LDAPLibraryUnitTest/bin/Debug/LDAPLibraryUnitTest.dll" adapterTypeName="Microsoft.VisualStudio.TestTools.TestTypes.Unit.UnitTestAdapter, Microsoft.VisualStudio.QualityTools.Tips.UnitTest.Adapter, Version=12.0.0.0, Culture=neutral, PublicKeyToken=b03f5f7f11d50a3a" className="LDAP_Library_UnitTest.LoggerUnitTests.FileLoggerAndALoggerUnitTests, LDAPLibraryUnitTest, Version=3.3.5815.26081, Culture=neutral, PublicKeyToken=null" name="LdapConnectionSuccess" />
    </UnitTest>
    <UnitTest name="GetUserAttributesKeys" storage="ldaplibraryunittest\bin\debug\ldaplibraryunittest.dll" id="bf83c071-36e4-697e-e978-6e0216654ba7">
      <Execution timeOut="1800000" id="0d6bdeea-a267-4090-91f0-dd9c19a3c902" />
      <TestCategory>
        <TestCategoryItem TestCategory="LDAPUser Getter" />
      </TestCategory>
      <TestMethod codeBase="C:/work/LDAP-Library/LDAPLibraryUnitTest/bin/Debug/LDAPLibraryUnitTest.dll" adapterTypeName="Microsoft.VisualStudio.TestTools.TestTypes.Unit.UnitTestAdapter, Microsoft.VisualStudio.QualityTools.Tips.UnitTest.Adapter, Version=12.0.0.0, Culture=neutral, PublicKeyToken=b03f5f7f11d50a3a" className="LDAP_Library_UnitTest.LdapUserUnitTests, LDAPLibraryUnitTest, Version=3.3.5815.26081, Culture=neutral, PublicKeyToken=null" name="GetUserAttributesKeys" />
    </UnitTest>
    <UnitTest name="AdminMode" storage="ldaplibraryunittest\bin\debug\ldaplibraryunittest.dll" id="b3438051-db78-9e62-a125-69d5547ca473">
      <Execution timeOut="1800000" id="1a7ec590-f48a-4095-a88b-f291ccc7637c" />
      <TestCategory>
        <TestCategoryItem TestCategory="Mode Checker - Admin Mode" />
      </TestCategory>
      <TestMethod codeBase="C:/work/LDAP-Library/LDAPLibraryUnitTest/bin/Debug/LDAPLibraryUnitTest.dll" adapterTypeName="Microsoft.VisualStudio.TestTools.TestTypes.Unit.UnitTestAdapter, Microsoft.VisualStudio.QualityTools.Tips.UnitTest.Adapter, Version=12.0.0.0, Culture=neutral, PublicKeyToken=b03f5f7f11d50a3a" className="LDAP_Library_UnitTest.LdapModeCheckerUnitTests, LDAPLibraryUnitTest, Version=3.3.5815.26081, Culture=neutral, PublicKeyToken=null" name="AdminMode" />
    </UnitTest>
    <UnitTest name="GetUserOperationDelete" storage="ldaplibraryunittest\bin\debug\ldaplibraryunittest.dll" id="9e0a04ee-da6f-7eec-ff14-c36ca71a4c51">
      <Execution timeOut="1800000" id="43d434c1-5c01-4f4d-b403-a297d2c8eda2" />
      <TestCategory>
        <TestCategoryItem TestCategory="LDAPUser Operations" />
      </TestCategory>
      <TestMethod codeBase="C:/work/LDAP-Library/LDAPLibraryUnitTest/bin/Debug/LDAPLibraryUnitTest.dll" adapterTypeName="Microsoft.VisualStudio.TestTools.TestTypes.Unit.UnitTestAdapter, Microsoft.VisualStudio.QualityTools.Tips.UnitTest.Adapter, Version=12.0.0.0, Culture=neutral, PublicKeyToken=b03f5f7f11d50a3a" className="LDAP_Library_UnitTest.LdapUserUnitTests, LDAPLibraryUnitTest, Version=3.3.5815.26081, Culture=neutral, PublicKeyToken=null" name="GetUserOperationDelete" />
    </UnitTest>
    <UnitTest name="DeleteUserAttribute" storage="ldaplibraryunittest\bin\debug\ldaplibraryunittest.dll" id="c4d18457-c91f-0b61-bb5e-23385832e8f4">
      <Execution timeOut="1800000" id="0bad1436-c0d3-45ae-aa0c-82e2f137baa6" />
      <TestCategory>
        <TestCategoryItem TestCategory="LDAPUser Operations" />
      </TestCategory>
      <TestMethod codeBase="C:/work/LDAP-Library/LDAPLibraryUnitTest/bin/Debug/LDAPLibraryUnitTest.dll" adapterTypeName="Microsoft.VisualStudio.TestTools.TestTypes.Unit.UnitTestAdapter, Microsoft.VisualStudio.QualityTools.Tips.UnitTest.Adapter, Version=12.0.0.0, Culture=neutral, PublicKeyToken=b03f5f7f11d50a3a" className="LDAP_Library_UnitTest.LdapUserUnitTests, LDAPLibraryUnitTest, Version=3.3.5815.26081, Culture=neutral, PublicKeyToken=null" name="DeleteUserAttribute" />
    </UnitTest>
    <UnitTest name="SearchRequest" storage="ldaplibraryunittest\bin\debug\ldaplibraryunittest.dll" id="57471048-8b6d-7ccb-e95c-a24acbdc078c">
      <Execution timeOut="1800000" id="b5ccc311-dce4-4bf9-9c5e-cdea62e488e8" />
      <TestCategory>
        <TestCategoryItem TestCategory="RequestBuilder" />
      </TestCategory>
      <TestMethod codeBase="C:/work/LDAP-Library/LDAPLibraryUnitTest/bin/Debug/LDAPLibraryUnitTest.dll" adapterTypeName="Microsoft.VisualStudio.TestTools.TestTypes.Unit.UnitTestAdapter, Microsoft.VisualStudio.QualityTools.Tips.UnitTest.Adapter, Version=12.0.0.0, Culture=neutral, PublicKeyToken=b03f5f7f11d50a3a" className="LDAP_Library_UnitTest.RequestBuinderUnitTests, LDAPLibraryUnitTest, Version=3.3.5815.26081, Culture=neutral, PublicKeyToken=null" name="SearchRequest" />
    </UnitTest>
    <UnitTest name="TestStandardInitLibraryNologPath_None" storage="ldaplibraryunittest\bin\debug\ldaplibraryunittest.dll" id="21a66855-52c7-57d8-1f64-1862559b63da">
      <Execution timeOut="1800000" id="adbad79e-2806-40d0-ad3f-8848ce5a0398" />
      <TestCategory>
        <TestCategoryItem TestCategory="LDAPLibrary Test Init" />
      </TestCategory>
      <TestMethod codeBase="C:/work/LDAP-Library/LDAPLibraryUnitTest/bin/Debug/LDAPLibraryUnitTest.dll" adapterTypeName="Microsoft.VisualStudio.TestTools.TestTypes.Unit.UnitTestAdapter, Microsoft.VisualStudio.QualityTools.Tips.UnitTest.Adapter, Version=12.0.0.0, Culture=neutral, PublicKeyToken=b03f5f7f11d50a3a" className="LDAP_Library_UnitTest.localhost.LocalhostEnvironmentInitTest, LDAPLibraryUnitTest, Version=3.3.5815.26081, Culture=neutral, PublicKeyToken=null" name="TestStandardInitLibraryNologPath_None" />
    </UnitTest>
    <UnitTest name="NullCn" storage="ldaplibraryunittest\bin\debug\ldaplibraryunittest.dll" id="96a8bd2b-c1ff-780f-24e4-1c411f8f3a28">
      <Execution timeOut="1800000" id="988cf494-de21-438f-b2dc-e8095f2a1b55" />
      <TestCategory>
        <TestCategoryItem TestCategory="LDAPUser Init" />
      </TestCategory>
      <TestMethod codeBase="C:/work/LDAP-Library/LDAPLibraryUnitTest/bin/Debug/LDAPLibraryUnitTest.dll" adapterTypeName="Microsoft.VisualStudio.TestTools.TestTypes.Unit.UnitTestAdapter, Microsoft.VisualStudio.QualityTools.Tips.UnitTest.Adapter, Version=12.0.0.0, Culture=neutral, PublicKeyToken=b03f5f7f11d50a3a" className="LDAP_Library_UnitTest.LdapUserUnitTests, LDAPLibraryUnitTest, Version=3.3.5815.26081, Culture=neutral, PublicKeyToken=null" name="NullCn" />
    </UnitTest>
    <UnitTest name="GetUserCn" storage="ldaplibraryunittest\bin\debug\ldaplibraryunittest.dll" id="48f1559d-910d-0ef6-d052-c71c6dba4546">
      <Execution timeOut="1800000" id="7bd553cf-7b1f-4bc3-866c-7b30ccdd9f18" />
      <TestCategory>
        <TestCategoryItem TestCategory="LDAPUser Getter" />
      </TestCategory>
      <TestMethod codeBase="C:/work/LDAP-Library/LDAPLibraryUnitTest/bin/Debug/LDAPLibraryUnitTest.dll" adapterTypeName="Microsoft.VisualStudio.TestTools.TestTypes.Unit.UnitTestAdapter, Microsoft.VisualStudio.QualityTools.Tips.UnitTest.Adapter, Version=12.0.0.0, Culture=neutral, PublicKeyToken=b03f5f7f11d50a3a" className="LDAP_Library_UnitTest.LdapUserUnitTests, LDAPLibraryUnitTest, Version=3.3.5815.26081, Culture=neutral, PublicKeyToken=null" name="GetUserCn" />
    </UnitTest>
    <UnitTest name="TestCompleteInitLibraryNoCertificatePathRequired" storage="ldaplibraryunittest\bin\debug\ldaplibraryunittest.dll" id="2893fbb5-6a1b-3f33-0d9a-ea746d313360">
      <Execution timeOut="1800000" id="e715386b-d60a-4103-b0cd-35ff336d5287" />
      <TestCategory>
        <TestCategoryItem TestCategory="LDAPLibrary Test Init" />
      </TestCategory>
      <TestMethod codeBase="C:/work/LDAP-Library/LDAPLibraryUnitTest/bin/Debug/LDAPLibraryUnitTest.dll" adapterTypeName="Microsoft.VisualStudio.TestTools.TestTypes.Unit.UnitTestAdapter, Microsoft.VisualStudio.QualityTools.Tips.UnitTest.Adapter, Version=12.0.0.0, Culture=neutral, PublicKeyToken=b03f5f7f11d50a3a" className="LDAP_Library_UnitTest.localhost.LocalhostEnvironmentInitTest, LDAPLibraryUnitTest, Version=3.3.5815.26081, Culture=neutral, PublicKeyToken=null" name="TestCompleteInitLibraryNoCertificatePathRequired" />
    </UnitTest>
    <UnitTest name="LdapGenericError" storage="ldaplibraryunittest\bin\debug\ldaplibraryunittest.dll" id="38e731bc-232c-7239-5529-55d229139dfa">
      <Execution timeOut="1800000" id="12337e5a-44d7-4caa-a8ff-4c94d36fee1c" />
      <TestCategory>
        <TestCategoryItem TestCategory="FileLogger" />
      </TestCategory>
      <TestMethod codeBase="C:/work/LDAP-Library/LDAPLibraryUnitTest/bin/Debug/LDAPLibraryUnitTest.dll" adapterTypeName="Microsoft.VisualStudio.TestTools.TestTypes.Unit.UnitTestAdapter, Microsoft.VisualStudio.QualityTools.Tips.UnitTest.Adapter, Version=12.0.0.0, Culture=neutral, PublicKeyToken=b03f5f7f11d50a3a" className="LDAP_Library_UnitTest.LoggerUnitTests.FileLoggerAndALoggerUnitTests, LDAPLibraryUnitTest, Version=3.3.5815.26081, Culture=neutral, PublicKeyToken=null" name="LdapGenericError" />
    </UnitTest>
    <UnitTest name="LoggerFactoryFakeLogger" storage="ldaplibraryunittest\bin\debug\ldaplibraryunittest.dll" id="2d188a8e-ae67-ec60-271d-d800f6767ff0">
      <Execution timeOut="1800000" id="bf43e8c2-9879-49bd-8fcd-a58778c6e4b3" />
      <TestCategory>
        <TestCategoryItem TestCategory="LoggerFactoryFakeLogger" />
      </TestCategory>
      <TestMethod codeBase="C:/work/LDAP-Library/LDAPLibraryUnitTest/bin/Debug/LDAPLibraryUnitTest.dll" adapterTypeName="Microsoft.VisualStudio.TestTools.TestTypes.Unit.UnitTestAdapter, Microsoft.VisualStudio.QualityTools.Tips.UnitTest.Adapter, Version=12.0.0.0, Culture=neutral, PublicKeyToken=b03f5f7f11d50a3a" className="LDAP_Library_UnitTest.LoggerFactoryUnitTests, LDAPLibraryUnitTest, Version=3.3.5815.26081, Culture=neutral, PublicKeyToken=null" name="LoggerFactoryFakeLogger" />
    </UnitTest>
    <UnitTest name="CompleteConfigNoMatchFieldUsername" storage="ldaplibraryunittest\bin\debug\ldaplibraryunittest.dll" id="768cf606-aee7-9ad1-e8e7-b6aae6cec5ac">
      <Execution timeOut="1800000" id="922cb265-1bc0-44f8-ab38-01d06a83ee7b" />
      <TestCategory>
        <TestCategoryItem TestCategory="configRepository Exceptions" />
      </TestCategory>
      <TestMethod codeBase="C:/work/LDAP-Library/LDAPLibraryUnitTest/bin/Debug/LDAPLibraryUnitTest.dll" adapterTypeName="Microsoft.VisualStudio.TestTools.TestTypes.Unit.UnitTestAdapter, Microsoft.VisualStudio.QualityTools.Tips.UnitTest.Adapter, Version=12.0.0.0, Culture=neutral, PublicKeyToken=b03f5f7f11d50a3a" className="LDAP_Library_UnitTest.LdapConfigRepositoryUnitTests, LDAPLibraryUnitTest, Version=3.3.5815.26081, Culture=neutral, PublicKeyToken=null" name="CompleteConfigNoMatchFieldUsername" />
    </UnitTest>
    <UnitTest name="FileLoggerInitNullPath" storage="ldaplibraryunittest\bin\debug\ldaplibraryunittest.dll" id="65f6cbff-c17c-e912-2921-210f83f92953">
      <Execution timeOut="1800000" id="faa886f5-2ddc-419f-b09c-0fe06c8d8226" />
      <TestCategory>
        <TestCategoryItem TestCategory="FileLogger" />
      </TestCategory>
      <TestMethod codeBase="C:/work/LDAP-Library/LDAPLibraryUnitTest/bin/Debug/LDAPLibraryUnitTest.dll" adapterTypeName="Microsoft.VisualStudio.TestTools.TestTypes.Unit.UnitTestAdapter, Microsoft.VisualStudio.QualityTools.Tips.UnitTest.Adapter, Version=12.0.0.0, Culture=neutral, PublicKeyToken=b03f5f7f11d50a3a" className="LDAP_Library_UnitTest.LoggerUnitTests.FileLoggerAndALoggerUnitTests, LDAPLibraryUnitTest, Version=3.3.5815.26081, Culture=neutral, PublicKeyToken=null" name="FileLoggerInitNullPath" />
    </UnitTest>
    <UnitTest name="TestFakeLoggerWrite" storage="ldaplibraryunittest\bin\debug\ldaplibraryunittest.dll" id="e641e732-cb7c-93fc-98e1-bacd8a34ad80">
      <Execution timeOut="1800000" id="2837ce89-54ee-4e57-82fb-1075ed689c91" />
      <TestCategory>
        <TestCategoryItem TestCategory="FakeLogger" />
      </TestCategory>
      <TestMethod codeBase="C:/work/LDAP-Library/LDAPLibraryUnitTest/bin/Debug/LDAPLibraryUnitTest.dll" adapterTypeName="Microsoft.VisualStudio.TestTools.TestTypes.Unit.UnitTestAdapter, Microsoft.VisualStudio.QualityTools.Tips.UnitTest.Adapter, Version=12.0.0.0, Culture=neutral, PublicKeyToken=b03f5f7f11d50a3a" className="LDAP_Library_UnitTest.LoggerUnitTests.FakeLoggerUnitTest, LDAPLibraryUnitTest, Version=3.3.5815.26081, Culture=neutral, PublicKeyToken=null" name="TestFakeLoggerWrite" />
    </UnitTest>
    <UnitTest name="DeleteUserAttributeNotExist" storage="ldaplibraryunittest\bin\debug\ldaplibraryunittest.dll" id="dfda7d85-6a76-96a0-fe43-cd534752a6a0">
      <Execution timeOut="1800000" id="2e2ad5e2-a371-4ff4-bed5-2a27b8a5277c" />
      <TestCategory>
        <TestCategoryItem TestCategory="LDAPUser Operations" />
      </TestCategory>
      <TestMethod codeBase="C:/work/LDAP-Library/LDAPLibraryUnitTest/bin/Debug/LDAPLibraryUnitTest.dll" adapterTypeName="Microsoft.VisualStudio.TestTools.TestTypes.Unit.UnitTestAdapter, Microsoft.VisualStudio.QualityTools.Tips.UnitTest.Adapter, Version=12.0.0.0, Culture=neutral, PublicKeyToken=b03f5f7f11d50a3a" className="LDAP_Library_UnitTest.LdapUserUnitTests, LDAPLibraryUnitTest, Version=3.3.5815.26081, Culture=neutral, PublicKeyToken=null" name="DeleteUserAttributeNotExist" />
    </UnitTest>
    <UnitTest name="TestCompleteInitLibraryNoMatchFieldUsername" storage="ldaplibraryunittest\bin\debug\ldaplibraryunittest.dll" id="75f4d301-a227-3ded-892b-432ffbff7e55">
      <Execution timeOut="1800000" id="2aba53f3-770c-42ab-a75b-81bd6f4552a6" />
      <TestCategory>
        <TestCategoryItem TestCategory="LDAPLibrary Test Init" />
      </TestCategory>
      <TestMethod codeBase="C:/work/LDAP-Library/LDAPLibraryUnitTest/bin/Debug/LDAPLibraryUnitTest.dll" adapterTypeName="Microsoft.VisualStudio.TestTools.TestTypes.Unit.UnitTestAdapter, Microsoft.VisualStudio.QualityTools.Tips.UnitTest.Adapter, Version=12.0.0.0, Culture=neutral, PublicKeyToken=b03f5f7f11d50a3a" className="LDAP_Library_UnitTest.localhost.LocalhostEnvironmentInitTest, LDAPLibraryUnitTest, Version=3.3.5815.26081, Culture=neutral, PublicKeyToken=null" name="TestCompleteInitLibraryNoMatchFieldUsername" />
    </UnitTest>
    <UnitTest name="TestCompleteInitLibrary" storage="ldaplibraryunittest\bin\debug\ldaplibraryunittest.dll" id="af07bccc-f21c-a037-eb41-4fa52ca145df">
      <Execution timeOut="1800000" id="5172ccc3-99c5-4dea-be4b-d01edaea580a" />
      <TestCategory>
        <TestCategoryItem TestCategory="LDAPLibrary Test Init" />
      </TestCategory>
      <TestMethod codeBase="C:/work/LDAP-Library/LDAPLibraryUnitTest/bin/Debug/LDAPLibraryUnitTest.dll" adapterTypeName="Microsoft.VisualStudio.TestTools.TestTypes.Unit.UnitTestAdapter, Microsoft.VisualStudio.QualityTools.Tips.UnitTest.Adapter, Version=12.0.0.0, Culture=neutral, PublicKeyToken=b03f5f7f11d50a3a" className="LDAP_Library_UnitTest.localhost.LocalhostEnvironmentInitTest, LDAPLibraryUnitTest, Version=3.3.5815.26081, Culture=neutral, PublicKeyToken=null" name="TestCompleteInitLibrary" />
    </UnitTest>
    <UnitTest name="CompleteConfigNoAdmin_LDAPAdminMode_NoAdmin" storage="ldaplibraryunittest\bin\debug\ldaplibraryunittest.dll" id="e154ebe1-cf18-8c34-0964-52325c84d13c">
      <Execution timeOut="1800000" id="f9a4abde-7bd2-47fc-987a-725dc0d7d775" />
      <TestCategory>
        <TestCategoryItem TestCategory="configRepository Exceptions" />
      </TestCategory>
      <TestMethod codeBase="C:/work/LDAP-Library/LDAPLibraryUnitTest/bin/Debug/LDAPLibraryUnitTest.dll" adapterTypeName="Microsoft.VisualStudio.TestTools.TestTypes.Unit.UnitTestAdapter, Microsoft.VisualStudio.QualityTools.Tips.UnitTest.Adapter, Version=12.0.0.0, Culture=neutral, PublicKeyToken=b03f5f7f11d50a3a" className="LDAP_Library_UnitTest.LdapConfigRepositoryUnitTests, LDAPLibraryUnitTest, Version=3.3.5815.26081, Culture=neutral, PublicKeyToken=null" name="CompleteConfigNoAdmin_LDAPAdminMode_NoAdmin" />
    </UnitTest>
    <UnitTest name="TestStandardInitLibraryEventViewerLogNoPath" storage="ldaplibraryunittest\bin\debug\ldaplibraryunittest.dll" id="a06befcc-3511-4971-3800-30d92f4bc9b6">
      <Execution timeOut="1800000" id="1a3431c7-a348-4573-979f-ec9b461ebc3a" />
      <TestCategory>
        <TestCategoryItem TestCategory="LDAPLibrary Test Init" />
      </TestCategory>
      <TestMethod codeBase="C:/work/LDAP-Library/LDAPLibraryUnitTest/bin/Debug/LDAPLibraryUnitTest.dll" adapterTypeName="Microsoft.VisualStudio.TestTools.TestTypes.Unit.UnitTestAdapter, Microsoft.VisualStudio.QualityTools.Tips.UnitTest.Adapter, Version=12.0.0.0, Culture=neutral, PublicKeyToken=b03f5f7f11d50a3a" className="LDAP_Library_UnitTest.localhost.LocalhostEnvironmentInitTest, LDAPLibraryUnitTest, Version=3.3.5815.26081, Culture=neutral, PublicKeyToken=null" name="TestStandardInitLibraryEventViewerLogNoPath" />
    </UnitTest>
    <UnitTest name="LdapUserInstanceNullOtherAttribute" storage="ldaplibraryunittest\bin\debug\ldaplibraryunittest.dll" id="cf2aeec4-4c32-ec26-95ea-ed3f79ced054">
      <Execution timeOut="1800000" id="3a97444e-33ba-42a6-955f-40309abe0f41" />
      <TestCategory>
        <TestCategoryItem TestCategory="LDAPUser Init" />
      </TestCategory>
      <TestMethod codeBase="C:/work/LDAP-Library/LDAPLibraryUnitTest/bin/Debug/LDAPLibraryUnitTest.dll" adapterTypeName="Microsoft.VisualStudio.TestTools.TestTypes.Unit.UnitTestAdapter, Microsoft.VisualStudio.QualityTools.Tips.UnitTest.Adapter, Version=12.0.0.0, Culture=neutral, PublicKeyToken=b03f5f7f11d50a3a" className="LDAP_Library_UnitTest.LdapUserUnitTests, LDAPLibraryUnitTest, Version=3.3.5815.26081, Culture=neutral, PublicKeyToken=null" name="LdapUserInstanceNullOtherAttribute" />
    </UnitTest>
    <UnitTest name="ParametersEmpty" storage="ldaplibraryunittest\bin\debug\ldaplibraryunittest.dll" id="4b8cb046-a6b7-ac00-8fa1-3c66ded48949">
      <Execution timeOut="1800000" id="20fb3a1b-5235-4215-8fe2-662c478c3837" />
      <TestCategory>
        <TestCategoryItem TestCategory="Parameter Checker" />
      </TestCategory>
      <TestMethod codeBase="C:/work/LDAP-Library/LDAPLibraryUnitTest/bin/Debug/LDAPLibraryUnitTest.dll" adapterTypeName="Microsoft.VisualStudio.TestTools.TestTypes.Unit.UnitTestAdapter, Microsoft.VisualStudio.QualityTools.Tips.UnitTest.Adapter, Version=12.0.0.0, Culture=neutral, PublicKeyToken=b03f5f7f11d50a3a" className="LDAP_Library_UnitTest.ParameterCheckerUnitTests, LDAPLibraryUnitTest, Version=3.3.5815.26081, Culture=neutral, PublicKeyToken=null" name="ParametersEmpty" />
    </UnitTest>
    <UnitTest name="GetUserSn" storage="ldaplibraryunittest\bin\debug\ldaplibraryunittest.dll" id="52edda30-356e-6753-eceb-95ce504dcc73">
      <Execution timeOut="1800000" id="04e050e3-7e4a-4f43-a4e6-525ab8827afc" />
      <TestCategory>
        <TestCategoryItem TestCategory="LDAPUser Getter" />
      </TestCategory>
      <TestMethod codeBase="C:/work/LDAP-Library/LDAPLibraryUnitTest/bin/Debug/LDAPLibraryUnitTest.dll" adapterTypeName="Microsoft.VisualStudio.TestTools.TestTypes.Unit.UnitTestAdapter, Microsoft.VisualStudio.QualityTools.Tips.UnitTest.Adapter, Version=12.0.0.0, Culture=neutral, PublicKeyToken=b03f5f7f11d50a3a" className="LDAP_Library_UnitTest.LdapUserUnitTests, LDAPLibraryUnitTest, Version=3.3.5815.26081, Culture=neutral, PublicKeyToken=null" name="GetUserSn" />
    </UnitTest>
    <UnitTest name="TestAdminConnect" storage="ldaplibraryunittest\bin\debug\ldaplibraryunittest.dll" id="5629e372-fc9e-e979-85ca-c14e26697764">
[...]
    </UnitTestResult>
    <UnitTestResult executionId="cca07cf5-b690-400f-af67-8e42ff37aa73" testId="e97481b2-704f-359a-7d34-b5e69ff4f541" testName="TestStandardInitLibraryEventViewerLog" computerName="BENINI" duration="00:00:00.0003183" startTime="2016-02-19T11:48:15.3314695+01:00" endTime="2016-02-19T11:48:15.3324701+01:00" testType="13cdc9d9-ddb5-4fa4-a97d-d965ccfc6d4b" outcome="Passed" testListId="8c84fa94-04c1-424b-9868-57a2d4851a1d" relativeResultsDirectory="cca07cf5-b690-400f-af67-8e42ff37aa73">
    </UnitTestResult>
    <UnitTestResult executionId="1a3431c7-a348-4573-979f-ec9b461ebc3a" testId="a06befcc-3511-4971-3800-30d92f4bc9b6" testName="TestStandardInitLibraryEventViewerLogNoPath" computerName="BENINI" duration="00:00:00.0003308" startTime="2016-02-19T11:48:15.3329707+01:00" endTime="2016-02-19T11:48:15.3334713+01:00" testType="13cdc9d9-ddb5-4fa4-a97d-d965ccfc6d4b" outcome="Passed" testListId="8c84fa94-04c1-424b-9868-57a2d4851a1d" relativeResultsDirectory="1a3431c7-a348-4573-979f-ec9b461ebc3a">
    </UnitTestResult>
    <UnitTestResult executionId="819a1af7-27a0-46a0-b738-9ba2eb4d6eeb" testId="ef5d0e32-ac76-ac5f-eb68-929fd7a6d629" testName="TestStandardInitLibraryNologPath_EventViewer" computerName="BENINI" duration="00:00:00.0002867" startTime="2016-02-19T11:48:15.3339719+01:00" endTime="2016-02-19T11:48:15.3349725+01:00" testType="13cdc9d9-ddb5-4fa4-a97d-d965ccfc6d4b" outcome="Passed" testListId="8c84fa94-04c1-424b-9868-57a2d4851a1d" relativeResultsDirectory="819a1af7-27a0-46a0-b738-9ba2eb4d6eeb">
    </UnitTestResult>
    <UnitTestResult executionId="48a1b0d7-c193-47db-a5e8-689406efbdc8" testId="bb1a1822-5fba-14f1-2c8a-d65ca3d67d3a" testName="TestStandardInitLibraryNologPath_File" computerName="BENINI" duration="00:00:00.0008279" startTime="2016-02-19T11:48:15.3354734+01:00" endTime="2016-02-19T11:48:15.3364742+01:00" testType="13cdc9d9-ddb5-4fa4-a97d-d965ccfc6d4b" outcome="Passed" testListId="8c84fa94-04c1-424b-9868-57a2d4851a1d" relativeResultsDirectory="48a1b0d7-c193-47db-a5e8-689406efbdc8">
    </UnitTestResult>
    <UnitTestResult executionId="adbad79e-2806-40d0-ad3f-8848ce5a0398" testId="21a66855-52c7-57d8-1f64-1862559b63da" testName="TestStandardInitLibraryNologPath_None" computerName="BENINI" duration="00:00:00.0003013" startTime="2016-02-19T11:48:15.3369748+01:00" endTime="2016-02-19T11:48:15.3399775+01:00" testType="13cdc9d9-ddb5-4fa4-a97d-d965ccfc6d4b" outcome="Passed" testListId="8c84fa94-04c1-424b-9868-57a2d4851a1d" relativeResultsDirectory="adbad79e-2806-40d0-ad3f-8848ce5a0398">
    </UnitTestResult>
    <UnitTestResult executionId="43d43cf4-f70e-44cd-a9b5-9cf5c4b15314" testId="cd133ce1-bf88-38c0-9a0c-383a98859c37" testName="TestStandardInitLibraryNoSearchBaseDn" computerName="BENINI" duration="00:00:00.0008624" startTime="2016-02-19T11:48:15.3404783+01:00" endTime="2016-02-19T11:48:15.3419789+01:00" testType="13cdc9d9-ddb5-4fa4-a97d-d965ccfc6d4b" outcome="Passed" testListId="8c84fa94-04c1-424b-9868-57a2d4851a1d" relativeResultsDirectory="43d43cf4-f70e-44cd-a9b5-9cf5c4b15314">
    </UnitTestResult>
    <UnitTestResult executionId="ea03801a-e89f-46c4-8d95-156c852a8004" testId="ffe840c5-2824-0018-0a89-bc332b6a1be0" testName="TestStandardInitLibraryNoServer" computerName="BENINI" duration="00:00:00.0007995" startTime="2016-02-19T11:48:15.3424798+01:00" endTime="2016-02-19T11:48:15.3439810+01:00" testType="13cdc9d9-ddb5-4fa4-a97d-d965ccfc6d4b" outcome="Passed" testListId="8c84fa94-04c1-424b-9868-57a2d4851a1d" relativeResultsDirectory="ea03801a-e89f-46c4-8d95-156c852a8004">
    </UnitTestResult>
    <UnitTestResult executionId="ed4d53f4-ff2f-4561-88f4-e92abcaef7eb" testId="a27f6d3c-006f-da88-d3a5-8463f37e280d" testName="TestStardardInitLibraryNoAdmin" computerName="BENINI" duration="00:00:00.0007527" startTime="2016-02-19T11:48:15.3444822+01:00" endTime="2016-02-19T11:48:15.3454830+01:00" testType="13cdc9d9-ddb5-4fa4-a97d-d965ccfc6d4b" outcome="Passed" testListId="8c84fa94-04c1-424b-9868-57a2d4851a1d" relativeResultsDirectory="ed4d53f4-ff2f-4561-88f4-e92abcaef7eb">
    </UnitTestResult>
    <UnitTestResult executionId="9656c1e4-22d8-4a36-9722-337850f9c5bd" testId="13a45dde-0294-ff01-e989-e1e193690124" testName="LoggerFactoryEventViewer" computerName="BENINI" duration="00:00:00.0004318" startTime="2016-02-19T11:48:15.3459831+01:00" endTime="2016-02-19T11:48:15.3469839+01:00" testType="13cdc9d9-ddb5-4fa4-a97d-d965ccfc6d4b" outcome="Passed" testListId="8c84fa94-04c1-424b-9868-57a2d4851a1d" relativeResultsDirectory="9656c1e4-22d8-4a36-9722-337850f9c5bd">
    </UnitTestResult>
    <UnitTestResult executionId="bf43e8c2-9879-49bd-8fcd-a58778c6e4b3" testId="2d188a8e-ae67-ec60-271d-d800f6767ff0" testName="LoggerFactoryFakeLogger" computerName="BENINI" duration="00:00:00.0003095" startTime="2016-02-19T11:48:15.3474845+01:00" endTime="2016-02-19T11:48:15.3484860+01:00" testType="13cdc9d9-ddb5-4fa4-a97d-d965ccfc6d4b" outcome="Passed" testListId="8c84fa94-04c1-424b-9868-57a2d4851a1d" relativeResultsDirectory="bf43e8c2-9879-49bd-8fcd-a58778c6e4b3">
    </UnitTestResult>
    <UnitTestResult executionId="c4d75031-f155-4fb5-a42e-d674bf546be8" testId="2c8ab603-b8d5-1f27-b3fc-eae5c82bf23b" testName="LoggerFactoryFileLogger" computerName="BENINI" duration="00:00:00.0003864" startTime="2016-02-19T11:48:15.3494866+01:00" endTime="2016-02-19T11:48:15.3499875+01:00" testType="13cdc9d9-ddb5-4fa4-a97d-d965ccfc6d4b" outcome="Passed" testListId="8c84fa94-04c1-424b-9868-57a2d4851a1d" relativeResultsDirectory="c4d75031-f155-4fb5-a42e-d674bf546be8">
    </UnitTestResult>
    <UnitTestResult executionId="ff60a650-b840-43cb-a044-f07a2fdc54b1" testId="b3efe520-84b4-060c-462a-036466533e69" testName="TestEventViewerLoggerWrite" computerName="BENINI" duration="00:00:00.0076744" startTime="2016-02-19T11:48:15.3509880+01:00" endTime="2016-02-19T11:48:15.3589954+01:00" testType="13cdc9d9-ddb5-4fa4-a97d-d965ccfc6d4b" outcome="Passed" testListId="8c84fa94-04c1-424b-9868-57a2d4851a1d" relativeResultsDirectory="ff60a650-b840-43cb-a044-f07a2fdc54b1">
    </UnitTestResult>
    <UnitTestResult executionId="2837ce89-54ee-4e57-82fb-1075ed689c91" testId="e641e732-cb7c-93fc-98e1-bacd8a34ad80" testName="TestFakeLoggerWrite" computerName="BENINI" duration="00:00:00.0004537" startTime="2016-02-19T11:48:15.3594960+01:00" endTime="2016-02-19T11:48:15.3604969+01:00" testType="13cdc9d9-ddb5-4fa4-a97d-d965ccfc6d4b" outcome="Passed" testListId="8c84fa94-04c1-424b-9868-57a2d4851a1d" relativeResultsDirectory="2837ce89-54ee-4e57-82fb-1075ed689c91">
    </UnitTestResult>
    <UnitTestResult executionId="7c96c565-b741-4a50-8fc5-2b3d825f2f25" testId="e5088ad4-e479-6c28-55fd-98687bd992d3" testName="FileLoggerInitEmptyPath" computerName="BENINI" duration="00:00:00.0010719" startTime="2016-02-19T11:48:15.3609977+01:00" endTime="2016-02-19T11:48:15.3624986+01:00" testType="13cdc9d9-ddb5-4fa4-a97d-d965ccfc6d4b" outcome="Passed" testListId="8c84fa94-04c1-424b-9868-57a2d4851a1d" relativeResultsDirectory="7c96c565-b741-4a50-8fc5-2b3d825f2f25">
    </UnitTestResult>
    <UnitTestResult executionId="faa886f5-2ddc-419f-b09c-0fe06c8d8226" testId="65f6cbff-c17c-e912-2921-210f83f92953" testName="FileLoggerInitNullPath" computerName="BENINI" duration="00:00:00.0008077" startTime="2016-02-19T11:48:15.3629995+01:00" endTime="2016-02-19T11:48:15.3640007+01:00" testType="13cdc9d9-ddb5-4fa4-a97d-d965ccfc6d4b" outcome="Passed" testListId="8c84fa94-04c1-424b-9868-57a2d4851a1d" relativeResultsDirectory="faa886f5-2ddc-419f-b09c-0fe06c8d8226">
    </UnitTestResult>
    <UnitTestResult executionId="2ecb11c3-0411-490b-8a5b-36932689e88e" testId="c6c26ce4-af7a-cf68-a800-9fdc836c8312" testName="FileLoggerNotExistPath" computerName="BENINI" duration="00:00:00.0007916" startTime="2016-02-19T11:48:15.3650013+01:00" endTime="2016-02-19T11:48:15.3660019+01:00" testType="13cdc9d9-ddb5-4fa4-a97d-d965ccfc6d4b" outcome="Passed" testListId="8c84fa94-04c1-424b-9868-57a2d4851a1d" relativeResultsDirectory="2ecb11c3-0411-490b-8a5b-36932689e88e">
    </UnitTestResult>
    <UnitTestResult executionId="d972b567-1f83-48d2-a091-56dda7cda4b0" testId="ad8ee216-de18-cbae-f3fb-ed3fa9a36c8f" testName="LdapChangeUserPasswordError" computerName="BENINI" duration="00:00:00.0079871" startTime="2016-02-19T11:48:15.3670033+01:00" endTime="2016-02-19T11:48:15.3750107+01:00" testType="13cdc9d9-ddb5-4fa4-a97d-d965ccfc6d4b" outcome="Passed" testListId="8c84fa94-04c1-424b-9868-57a2d4851a1d" relativeResultsDirectory="d972b567-1f83-48d2-a091-56dda7cda4b0">
    </UnitTestResult>
    <UnitTestResult executionId="886d4937-8958-400f-9b22-2001f3fd354a" testId="c11db754-043a-fe37-9bff-6bf074e0d1d1" testName="LdapConnectionError" computerName="BENINI" duration="00:00:00.0005336" startTime="2016-02-19T11:48:15.3760118+01:00" endTime="2016-02-19T11:48:15.3770124+01:00" testType="13cdc9d9-ddb5-4fa4-a97d-d965ccfc6d4b" outcome="Passed" testListId="8c84fa94-04c1-424b-9868-57a2d4851a1d" relativeResultsDirectory="886d4937-8958-400f-9b22-2001f3fd354a">
    </UnitTestResult>
    <UnitTestResult executionId="beb466b3-7a6e-415b-9737-9d5d7ca588d6" testId="11aed921-bedb-5db6-1530-5e061edc5265" testName="LdapConnectionSuccess" computerName="BENINI" duration="00:00:00.0007715" startTime="2016-02-19T11:48:15.3775133+01:00" endTime="2016-02-19T11:48:15.3785142+01:00" testType="13cdc9d9-ddb5-4fa4-a97d-d965ccfc6d4b" outcome="Passed" testListId="8c84fa94-04c1-424b-9868-57a2d4851a1d" relativeResultsDirectory="beb466b3-7a6e-415b-9737-9d5d7ca588d6">
    </UnitTestResult>
    <UnitTestResult executionId="e0be77c8-8478-4339-ad56-cb85bfbbb133" testId="2b67c7be-f801-b5ad-7a23-b32ba06c725b" testName="LdapCreateUserError" computerName="BENINI" duration="00:00:00.0005473" startTime="2016-02-19T11:48:15.3790145+01:00" endTime="2016-02-19T11:48:15.3800160+01:00" testType="13cdc9d9-ddb5-4fa4-a97d-d965ccfc6d4b" outcome="Passed" testListId="8c84fa94-04c1-424b-9868-57a2d4851a1d" relativeResultsDirectory="e0be77c8-8478-4339-ad56-cb85bfbbb133">
    </UnitTestResult>
    <UnitTestResult executionId="62d8d9a8-1201-4e9f-b62d-da9a45183f0e" testId="ecdab825-f7b7-30bf-a570-6d3ebee4b0c0" testName="LdapDeleteUserError" computerName="BENINI" duration="00:00:00.0005043" startTime="2016-02-19T11:48:15.3810168+01:00" endTime="2016-02-19T11:48:15.3815174+01:00" testType="13cdc9d9-ddb5-4fa4-a97d-d965ccfc6d4b" outcome="Passed" testListId="8c84fa94-04c1-424b-9868-57a2d4851a1d" relativeResultsDirectory="62d8d9a8-1201-4e9f-b62d-da9a45183f0e">
    </UnitTestResult>
    <UnitTestResult executionId="12337e5a-44d7-4caa-a8ff-4c94d36fee1c" testId="38e731bc-232c-7239-5529-55d229139dfa" testName="LdapGenericError" computerName="BENINI" duration="00:00:00.0004748" startTime="2016-02-19T11:48:15.3820174+01:00" endTime="2016-02-19T11:48:15.3830183+01:00" testType="13cdc9d9-ddb5-4fa4-a97d-d965ccfc6d4b" outcome="Passed" testListId="8c84fa94-04c1-424b-9868-57a2d4851a1d" relativeResultsDirectory="12337e5a-44d7-4caa-a8ff-4c94d36fee1c">
    </UnitTestResult>
    <UnitTestResult executionId="5a0d0141-7467-48a9-8aba-015483569e14" testId="96198eef-975a-a3a9-77e5-bccb56113939" testName="LdapLibraryInitError" computerName="BENINI" duration="00:00:00.0003145" startTime="2016-02-19T11:48:15.3835189+01:00" endTime="2016-02-19T11:48:15.3845204+01:00" testType="13cdc9d9-ddb5-4fa4-a97d-d965ccfc6d4b" outcome="Passed" testListId="8c84fa94-04c1-424b-9868-57a2d4851a1d" relativeResultsDirectory="5a0d0141-7467-48a9-8aba-015483569e14">
    </UnitTestResult>
    <UnitTestResult executionId="af130354-50c5-4ef5-8042-198ca77d40f3" testId="16160eda-ed8a-41af-0699-c96e16360087" testName="LdapLibraryInitSuccess" computerName="BENINI" duration="00:00:00.0003162" startTime="2016-02-19T11:48:15.3850204+01:00" endTime="2016-02-19T11:48:15.3855215+01:00" testType="13cdc9d9-ddb5-4fa4-a97d-d965ccfc6d4b" outcome="Passed" testListId="8c84fa94-04c1-424b-9868-57a2d4851a1d" relativeResultsDirectory="af130354-50c5-4ef5-8042-198ca77d40f3">
    </UnitTestResult>
    <UnitTestResult executionId="8069bece-8cd7-4889-aa74-05329f8a79a9" testId="4dc1fbea-93aa-71c8-6b40-a9d85a26d136" testName="LdapModifyUserAttributeError" computerName="BENINI" duration="00:00:00.0005629" startTime="2016-02-19T11:48:15.3860212+01:00" endTime="2016-02-19T11:48:15.3870233+01:00" testType="13cdc9d9-ddb5-4fa4-a97d-d965ccfc6d4b" outcome="Passed" testListId="8c84fa94-04c1-424b-9868-57a2d4851a1d" relativeResultsDirectory="8069bece-8cd7-4889-aa74-05329f8a79a9">
    </UnitTestResult>
    <UnitTestResult executionId="9aa0a7e8-a62a-460c-9ed8-f062ef818391" testId="a4cc3e8c-2aed-b51a-5e26-8fc2f5972e17" testName="LdapSearchUserError" computerName="BENINI" duration="00:00:00.0005564" startTime="2016-02-19T11:48:15.3880251+01:00" endTime="2016-02-19T11:48:15.3890242+01:00" testType="13cdc9d9-ddb5-4fa4-a97d-d965ccfc6d4b" outcome="Passed" testListId="8c84fa94-04c1-424b-9868-57a2d4851a1d" relativeResultsDirectory="9aa0a7e8-a62a-460c-9ed8-f062ef818391">
    </UnitTestResult>
    <UnitTestResult executionId="ef0787c0-bdd2-46cc-b1fe-23bc99525864" testId="46addbba-7fb7-6c20-b9f8-24bbe6646ebb" testName="LdapUserManipulatorSuccess" computerName="BENINI" duration="00:00:00.0004809" startTime="2016-02-19T11:48:15.3895248+01:00" endTime="2016-02-19T11:48:15.3905259+01:00" testType="13cdc9d9-ddb5-4fa4-a97d-d965ccfc6d4b" outcome="Passed" testListId="8c84fa94-04c1-424b-9868-57a2d4851a1d" relativeResultsDirectory="ef0787c0-bdd2-46cc-b1fe-23bc99525864">
    </UnitTestResult>
    <UnitTestResult executionId="81fc916c-fc0d-4722-94fe-64265b3ca1a2" testId="90d9a038-964a-6075-22c0-9ba0c54220cf" testName="TestFileLogWrite" computerName="BENINI" duration="00:00:00.0014022" startTime="2016-02-19T11:48:15.3910262+01:00" endTime="2016-02-19T11:48:15.3930283+01:00" testType="13cdc9d9-ddb5-4fa4-a97d-d965ccfc6d4b" outcome="Failed" testListId="8c84fa94-04c1-424b-9868-57a2d4851a1d" relativeResultsDirectory="81fc916c-fc0d-4722-94fe-64265b3ca1a2">
      <Output>
        <ErrorInfo>
          <Message>Test method LDAP_Library_UnitTest.LoggerUnitTests.FileLoggerAndALoggerUnitTests.TestFileLogWrite threw exception: 
System.UnauthorizedAccessException: Access to the path 'C:\Program Files (x86)\Microsoft Visual Studio 12.0\Common7\IDE\LDAPLog.txt' is denied.</Message>
          <StackTrace>    at System.IO.__Error.WinIOError(Int32 errorCode, String maybeFullPath)
   at System.IO.FileStream.Init(String path, FileMode mode, FileAccess access, Int32 rights, Boolean useRights, FileShare share, Int32 bufferSize, FileOptions options, SECURITY_ATTRIBUTES secAttrs, String msgPath, Boolean bFromProxy, Boolean useLongPath, Boolean checkHost)
   at System.IO.FileStream..ctor(String path, FileMode mode, FileAccess access, FileShare share, Int32 bufferSize, FileOptions options, String msgPath, Boolean bFromProxy, Boolean useLongPath, Boolean checkHost)
   at System.IO.StreamWriter.CreateFile(String path, Boolean append, Boolean checkHost)
   at System.IO.StreamWriter..ctor(String path, Boolean append, Encoding encoding, Int32 bufferSize, Boolean checkHost)
   at System.IO.StreamWriter..ctor(String path, Boolean append, Encoding encoding, Int32 bufferSize)
   at System.IO.StreamWriter..ctor(String path, Boolean append)
   at LDAPLibrary.Logger.FileLogger.Write(String message) in c:\work\LDAP-Library\LDAPLibrary\Logger\FileLogger.cs:line 21
   at LDAP_Library_UnitTest.LoggerUnitTests.FileLoggerAndALoggerUnitTests.TestFileLogWrite() in c:\work\LDAP-Library\LDAPLibraryUnitTest\LoggerUnitTests\FileLoggerAndALoggerUnitTests.cs:line 125
</StackTrace>
        </ErrorInfo>
      </Output>
    </UnitTestResult>
    <UnitTestResult executionId="20fb3a1b-5235-4215-8fe2-662c478c3837" testId="4b8cb046-a6b7-ac00-8fa1-3c66ded48949" testName="ParametersEmpty" computerName="BENINI" duration="00:00:00.0004514" startTime="2016-02-19T11:48:15.3935289+01:00" endTime="2016-02-19T11:48:15.3945295+01:00" testType="13cdc9d9-ddb5-4fa4-a97d-d965ccfc6d4b" outcome="Passed" testListId="8c84fa94-04c1-424b-9868-57a2d4851a1d" relativeResultsDirectory="20fb3a1b-5235-4215-8fe2-662c478c3837">
    </UnitTestResult>
    <UnitTestResult executionId="8d647c6e-239b-41a5-a8ed-3cb8f6643ebd" testId="61397a79-642e-1955-728b-93cfa6ad46b6" testName="ParametersNotNull" computerName="BENINI" duration="00:00:00.0003461" startTime="2016-02-19T11:48:15.3955304+01:00" endTime="2016-02-19T11:48:15.3965315+01:00" testType="13cdc9d9-ddb5-4fa4-a97d-d965ccfc6d4b" outcome="Passed" testListId="8c84fa94-04c1-424b-9868-57a2d4851a1d" relativeResultsDirectory="8d647c6e-239b-41a5-a8ed-3cb8f6643ebd">
    </UnitTestResult>
    <UnitTestResult executionId="7f6b72fa-aa16-4ff8-bdc5-8920c079b836" testId="01ccfdca-220a-73db-d924-82796d9ba73f" testName="ParametersNull" computerName="BENINI" duration="00:00:00.0003826" startTime="2016-02-19T11:48:15.3975327+01:00" endTime="2016-02-19T11:48:15.3980333+01:00" testType="13cdc9d9-ddb5-4fa4-a97d-d965ccfc6d4b" outcome="Passed" testListId="8c84fa94-04c1-424b-9868-57a2d4851a1d" relativeResultsDirectory="7f6b72fa-aa16-4ff8-bdc5-8920c079b836">
    </UnitTestResult>
    <UnitTestResult executionId="804520b6-419c-41b5-a76f-e648e08901a2" testId="bfa5a1fa-f09d-1ee5-640b-341ffce74d9a" testName="ParametersNullAndEmpty" computerName="BENINI" duration="00:00:00.0003777" startTime="2016-02-19T11:48:15.3990342+01:00" endTime="2016-02-19T11:48:15.3995345+01:00" testType="13cdc9d9-ddb5-4fa4-a97d-d965ccfc6d4b" outcome="Passed" testListId="8c84fa94-04c1-424b-9868-57a2d4851a1d" relativeResultsDirectory="804520b6-419c-41b5-a76f-e648e08901a2">
    </UnitTestResult>
    <UnitTestResult executionId="8249d6bd-3cae-4edf-9900-dcee0ef2dd10" testId="be9e598c-c238-eece-7f6b-6af5ae1ab3e8" testName="AddRequest" computerName="BENINI" duration="00:00:00.0031571" startTime="2016-02-19T11:48:15.4005356+01:00" endTime="2016-02-19T11:48:15.4045398+01:00" testType="13cdc9d9-ddb5-4fa4-a97d-d965ccfc6d4b" outcome="Passed" testListId="8c84fa94-04c1-424b-9868-57a2d4851a1d" relativeResultsDirectory="8249d6bd-3cae-4edf-9900-dcee0ef2dd10">
    </UnitTestResult>
    <UnitTestResult executionId="1a9b2020-0540-458b-ad0b-39b47294c367" testId="df71ec80-819a-4611-0756-8e7b0150cd5b" testName="DeleteRequest" computerName="BENINI" duration="00:00:00.0006954" startTime="2016-02-19T11:48:15.4050415+01:00" endTime="2016-02-19T11:48:15.4070474+01:00" testType="13cdc9d9-ddb5-4fa4-a97d-d965ccfc6d4b" outcome="Passed" testListId="8c84fa94-04c1-424b-9868-57a2d4851a1d" relativeResultsDirectory="1a9b2020-0540-458b-ad0b-39b47294c367">
    </UnitTestResult>
    <UnitTestResult executionId="03b6567a-8e53-40bd-986a-614bc393c958" testId="874dba6d-2949-b4cb-277e-dcc4a558d316" testName="ModifyPasswordRequest" computerName="BENINI" duration="00:00:00.0014081" startTime="2016-02-19T11:48:15.4070474+01:00" endTime="2016-02-19T11:48:15.4100500+01:00" testType="13cdc9d9-ddb5-4fa4-a97d-d965ccfc6d4b" outcome="Passed" testListId="8c84fa94-04c1-424b-9868-57a2d4851a1d" relativeResultsDirectory="03b6567a-8e53-40bd-986a-614bc393c958">
    </UnitTestResult>
    <UnitTestResult executionId="8eb7fe8a-ea6d-400e-bd85-a2c1e8b4c353" testId="43b2f13f-bcd3-4c78-63ab-61049c0f94c7" testName="ModifyRequest" computerName="BENINI" duration="00:00:00.0011931" startTime="2016-02-19T11:48:15.4100500+01:00" endTime="2016-02-19T11:48:15.4120524+01:00" testType="13cdc9d9-ddb5-4fa4-a97d-d965ccfc6d4b" outcome="Passed" testListId="8c84fa94-04c1-424b-9868-57a2d4851a1d" relativeResultsDirectory="8eb7fe8a-ea6d-400e-bd85-a2c1e8b4c353">
    </UnitTestResult>
    <UnitTestResult executionId="b5ccc311-dce4-4bf9-9c5e-cdea62e488e8" testId="57471048-8b6d-7ccb-e95c-a24acbdc078c" testName="SearchRequest" computerName="BENINI" duration="00:00:00.0017516" startTime="2016-02-19T11:48:15.4120524+01:00" endTime="2016-02-19T11:48:15.4140538+01:00" testType="13cdc9d9-ddb5-4fa4-a97d-d965ccfc6d4b" outcome="Passed" testListId="8c84fa94-04c1-424b-9868-57a2d4851a1d" relativeResultsDirectory="b5ccc311-dce4-4bf9-9c5e-cdea62e488e8">
    </UnitTestResult>
  </Results>
</TestRun>